http://localhost:8080/
Mon, 16 Mar 2015 01:16:57 GMT body-parser deprecated undefined extended: provide extended option at express.js:43:20
/home/iizhaki/NodeJS/node-v0.10.33-linux-x64/bin/StartUp
/css/rs_idan.css
/css/rs.css
/js/jquery.min.js
/js/jquery-ui/jquery-ui.min.js
/js/jquery.switcher.js
/js/rs.js
/img/stem_5311_2612_0.jpg
/images/header.gif
/fonts/Proxima-Nova-Light.otf
/img/bg.jpg
/fonts/Proxima-Nova-Semibold.otf
/images/twitter.png
/images/linkedin.png
/images/github.png
/images/email.png
New user: Idan_20150315T181700
/photos/2458_1035_1849_52.png
/photos/2458_1035_1849_52_hist.png
/photos/1683_2569_1465_50.png
/photos/1683_2569_1465_50_hist.png
/photos/2581_986_1897_52.png
/photos/2343_5019_1754_53.png
/photos/2440_4922_1805_53.png
/photos/2340_4872_1753_51.png
/photos/2581_986_1897_52_hist.png
/photos/2439_4872_1802_51.png
/photos/2290_841_1754_51.png
/photos/2389_4682_1802_51.png
/photos/2342_4970_1755_51.png
/favicon.ico
/home/iizhaki/NodeJS/node-v0.10.33-linux-x64/bin/StartUp
/css/rs_idan.css
/css/rs.css
/js/jquery.min.js
/js/jquery-ui/jquery-ui.min.js
/js/jquery.switcher.js
/img/stem_5311_2612_0.jpg
/js/rs.js
/images/header.gif
/fonts/Proxima-Nova-Light.otf
/img/bg.jpg
/images/twitter.png
/fonts/Proxima-Nova-Semibold.otf
/images/linkedin.png
/images/github.png
/images/email.png
New user: Idan_20150315T181707
/photos/2458_1035_1849_52.png
/photos/2458_1035_1849_52_hist.png
/photos/2439_4872_1802_51.png
/photos/2439_4872_1802_51_hist.png
/photos/2440_4922_1805_53.png
/photos/2290_841_1754_51.png
/photos/2581_986_1897_52.png
/photos/2581_986_1897_52_hist.png
/photos/1683_2569_1465_50.png
/photos/2340_4872_1753_51_hist.png
/photos/2389_4682_1802_51.png
/photos/2340_4872_1753_51.png
/photos/2343_5019_1754_53.png
/photos/2342_4970_1755_51.png
/photos/2389_4682_1802_51_hist.png
/photos/2439_4872_1802_51_hist.png
/home/iizhaki/NodeJS/node-v0.10.33-linux-x64/bin/StartUp
/css/rs_idan.css
/css/rs.css
/js/jquery.min.js
/js/jquery-ui/jquery-ui.min.js
/js/jquery.switcher.js
/js/rs.js
/img/stem_5311_2612_0.jpg
/images/header.gif
/fonts/Proxima-Nova-Light.otf
/img/bg.jpg
/fonts/Proxima-Nova-Semibold.otf
/images/twitter.png
/images/linkedin.png
/images/github.png
/images/email.png
New user: Idan_20150315T181813
/photos/2458_1035_1849_52.png
/photos/2458_1035_1849_52_hist.png
/photos/2389_4682_1802_51.png
/photos/2290_841_1754_51.png
/photos/2440_4922_1805_53.png
/photos/1683_2569_1465_50.png
/photos/2581_986_1897_52.png
/photos/2340_4872_1753_51.png
/photos/2343_5019_1754_53.png
/photos/2340_4872_1753_51_hist.png
/photos/2439_4872_1802_51.png
/photos/2389_4682_1802_51_hist.png
/photos/2342_4970_1755_51.png
/favicon.ico
/home/iizhaki/NodeJS/node-v0.10.33-linux-x64/bin/StartUp
/css/rs_idan.css
/css/rs.css
/js/jquery.min.js
/js/jquery-ui/jquery-ui.min.js
/js/jquery.switcher.js
/js/rs.js
/img/stem_5311_2612_0.jpg
/images/header.gif
/fonts/Proxima-Nova-Light.otf
/img/bg.jpg
/fonts/Proxima-Nova-Semibold.otf
/images/twitter.png
/images/linkedin.png
/images/github.png
/images/email.png
New user: Idan_20150315T181823
/photos/1683_2569_1465_50.png
/photos/2581_986_1897_52.png
/photos/2581_986_1897_52_hist.png
/photos/2342_4970_1755_51.png
/photos/2340_4872_1753_51.png
/photos/2458_1035_1849_52.png
/photos/2440_4922_1805_53.png
/photos/2389_4682_1802_51.png
/photos/2290_841_1754_51.png
/photos/2343_5019_1754_53.png
/photos/2343_5019_1754_53_hist.png
/photos/2439_4872_1802_51.png
/photos/2290_841_1754_51_hist.png
/photos/1683_2569_1465_50_hist.png
/favicon.ico
/home/iizhaki/NodeJS/node-v0.10.33-linux-x64/bin/StartUp
/css/rs_idan.css
/css/rs.css
/js/jquery.min.js
/js/jquery-ui/jquery-ui.min.js
/js/jquery.switcher.js
/img/stem_5311_2612_0.jpg
/js/rs.js
/fonts/Proxima-Nova-Light.otf
/images/header.gif
/img/bg.jpg
/fonts/Proxima-Nova-Semibold.otf
/images/twitter.png
/images/linkedin.png
/images/github.png
/images/email.png
Error: write EPIPE
    at errnoException (net.js:904:11)
    at Object.afterWrite (net.js:720:19)
Error: write EPIPE
    at errnoException (net.js:904:11)
    at Object.afterWrite (net.js:720:19)
/home/iizhaki/NodeJS/node-v0.10.33-linux-x64/bin/StartUp
/css/rs_idan.css
/css/rs.css
/js/jquery.min.js
/js/jquery-ui/jquery-ui.min.js
/js/jquery.switcher.js
/js/rs.js
/img/stem_5311_2612_0.jpg
/images/header.gif
/fonts/Proxima-Nova-Light.otf
/img/bg.jpg
/fonts/Proxima-Nova-Semibold.otf
/images/twitter.png
/images/linkedin.png
/images/header.gif
/images/github.png
/images/email.png
/img/stem_5311_2612_0.jpg
New user: Idan_20150315T181840
/photos/2458_1035_1849_52.png
/photos/2458_1035_1849_52_hist.png
/photos/2439_4872_1802_51.png
/photos/2439_4872_1802_51_hist.png
/photos/2389_4682_1802_51.png
/photos/2290_841_1754_51.png
/photos/2343_5019_1754_53.png
/photos/2342_4970_1755_51.png
/photos/2290_841_1754_51_hist.png
/photos/2581_986_1897_52.png
/photos/2342_4970_1755_51_hist.png
/photos/2440_4922_1805_53.png
/photos/1683_2569_1465_50.png
/photos/2340_4872_1753_51.png
/favicon.ico
/home/iizhaki/NodeJS/node-v0.10.33-linux-x64/bin/StartUp
/css/rs_idan.css
/css/rs.css
/js/jquery.min.js
/js/jquery-ui/jquery-ui.min.js
/js/jquery.switcher.js
/js/rs.js
/img/stem_5311_2612_0.jpg
/images/header.gif
/fonts/Proxima-Nova-Light.otf
/img/bg.jpg
/fonts/Proxima-Nova-Semibold.otf
/images/twitter.png
/images/linkedin.png
/images/github.png
/images/email.png
New user: Idan_20150315T181848
/photos/2389_4682_1802_51.png
/photos/1683_2569_1465_50.png
/photos/2439_4872_1802_51.png
/photos/2343_5019_1754_53.png
/photos/2440_4922_1805_53.png
/photos/2342_4970_1755_51.png
/photos/2581_986_1897_52.png
/photos/2458_1035_1849_52.png
/photos/2290_841_1754_51.png
/photos/1683_2569_1465_50_hist.png
/photos/2340_4872_1753_51.png
/photos/2389_4682_1802_51_hist.png
/favicon.ico
/cgi-bin/authLogin.cgi
Error: Parse Error
    at Socket.socket.ondata (http.js:1970:22)
    at TCP.onread (net.js:527:27)
/home/iizhaki/NodeJS/node-v0.10.33-linux-x64/bin/StartUp
/home/iizhaki/NodeJS/node-v0.10.33-linux-x64/bin/StartUp
/robots.txt
Error: ENOENT, stat '/home/iizhaki/NodeJS/node-v0.10.33-linux-x64/bin/StartUp/robots.txt'
/home/iizhaki/NodeJS/node-v0.10.33-linux-x64/bin/StartUp
/css/rs_idan.css
/css/rs.css
/img/stem_5311_2612_0.jpg
/js/jquery.min.js
/js/jquery-ui/jquery-ui.min.js
/js/jquery.switcher.js
/js/rs.js
/fonts/Proxima-Nova-Light.otf
/images/header.gif
/images/twitter.png
/images/linkedin.png
/img/bg.jpg
/fonts/Proxima-Nova-Semibold.otf
/images/github.png
/images/email.png
New user: Idan_20150315T211125
/photos/2440_4922_1805_53.png
/photos/2340_4872_1753_51.png
/photos/2439_4872_1802_51_hist.png
/photos/2440_4922_1805_53_hist.png
/photos/2439_4872_1802_51.png
/photos/2342_4970_1755_51.png
/photos/2389_4682_1802_51.png
/photos/1683_2569_1465_50_hist.png
/photos/2581_986_1897_52.png
/photos/2458_1035_1849_52.png
/photos/2290_841_1754_51.png
/photos/1683_2569_1465_50.png
/photos/2343_5019_1754_53.png
/favicon.ico
/home/iizhaki/NodeJS/node-v0.10.33-linux-x64/bin/StartUp
/css/rs_idan.css
/img/stem_5311_2612_0.jpg
/css/rs.css
/js/rs.js
/js/jquery.min.js
/js/jquery-ui/jquery-ui.min.js
/js/jquery.switcher.js
/images/header.gif
/fonts/Proxima-Nova-Semibold.otf
/img/bg.jpg
/images/twitter.png
/fonts/Proxima-Nova-Light.otf
/images/linkedin.png
/images/github.png
/images/email.png
New user: Idan_20150315T211212
/photos/2343_5019_1754_53.png
/photos/2458_1035_1849_52.png
/photos/2439_4872_1802_51_hist.png
/photos/2439_4872_1802_51.png
/photos/2343_5019_1754_53_hist.png
/photos/2342_4970_1755_51.png
/photos/2290_841_1754_51_hist.png
/photos/2290_841_1754_51.png
/photos/2581_986_1897_52.png
/photos/2340_4872_1753_51.png
/photos/2389_4682_1802_51.png
/photos/2440_4922_1805_53.png
/photos/1683_2569_1465_50.png
/favicon.ico
/photos/2440_4922_1805_53_hist.png
/photos/2340_4872_1753_51_hist.png
/home/iizhaki/NodeJS/node-v0.10.33-linux-x64/bin/StartUp
/home/iizhaki/NodeJS/node-v0.10.33-linux-x64/bin/StartUp
/css/rs_idan.css
/css/rs.css
/js/jquery.min.js
/js/jquery-ui/jquery-ui.min.js
/js/jquery.switcher.js
/js/rs.js
/img/stem_5311_2612_0.jpg
/fonts/Proxima-Nova-Light.otf
/images/header.gif
/img/bg.jpg
/fonts/Proxima-Nova-Semibold.otf
/images/twitter.png
/images/linkedin.png
/images/email.png
/images/github.png
/img/stem_5311_2612_0.jpg
/img/stem_5311_2612_0.jpg
Error: write EPIPE
    at errnoException (net.js:904:11)
    at Object.afterWrite (net.js:720:19)
/home/iizhaki/NodeJS/node-v0.10.33-linux-x64/bin/StartUp
/css/rs_idan.css
/css/rs.css
/js/jquery.min.js
/js/jquery-ui/jquery-ui.min.js
/js/jquery.switcher.js
/js/rs.js
/img/stem_5311_2612_0.jpg
/img/stem_5311_2612_0.jpg
/images/header.gif
/images/linkedin.png
/fonts/Proxima-Nova-Light.otf
/images/twitter.png
/img/bg.jpg
/fonts/Proxima-Nova-Semibold.otf
/images/github.png
/images/email.png
New user: Idan_20150315T222544
/photos/2581_986_1897_52.png
/photos/2581_986_1897_52_hist.png
/photos/2342_4970_1755_51.png
/photos/2340_4872_1753_51.png
/photos/2340_4872_1753_51_hist.png
/photos/2290_841_1754_51.png
/photos/2389_4682_1802_51.png
/photos/2458_1035_1849_52.png
/photos/2343_5019_1754_53.png
/photos/1683_2569_1465_50.png
/photos/2439_4872_1802_51.png
/photos/2440_4922_1805_53.png
/photos/2290_841_1754_51_hist.png
/photos/1683_2569_1465_50_hist.png
/favicon.ico
/manager/html
Error: ENOENT, stat '/home/iizhaki/NodeJS/node-v0.10.33-linux-x64/bin/StartUp/manager/html'
/wiki/Special:Search
Error: ENOENT, stat '/home/iizhaki/NodeJS/node-v0.10.33-linux-x64/bin/StartUp/wiki/Special:Search'
/cgi-bin/authLogin.cgi
Error: Parse Error
    at Socket.socket.ondata (http.js:1970:22)
    at TCP.onread (net.js:527:27)
/testproxy.php
Error: ENOENT, stat '/home/iizhaki/NodeJS/node-v0.10.33-linux-x64/bin/StartUp/testproxy.php'
/home/iizhaki/NodeJS/node-v0.10.33-linux-x64/bin/StartUp
/css/rs_idan.css
/css/rs.css
/js/jquery.min.js
/js/jquery-ui/jquery-ui.min.js
/js/jquery.switcher.js
/js/rs.js
/img/stem_5311_2612_0.jpg
/images/header.gif
/fonts/Proxima-Nova-Light.otf
/img/bg.jpg
/fonts/Proxima-Nova-Semibold.otf
/images/linkedin.png
/images/twitter.png
/images/github.png
/images/email.png
New user: Idan_20150316T110412
/photos/2340_4872_1753_51.png
/photos/2340_4872_1753_51_hist.png
/photos/2343_5019_1754_53.png
/photos/2343_5019_1754_53_hist.png
/photos/1683_2569_1465_50.png
/photos/2389_4682_1802_51.png
/photos/2458_1035_1849_52.png
/photos/2389_4682_1802_51_hist.png
/photos/2581_986_1897_52.png
/photos/2440_4922_1805_53.png
/photos/2439_4872_1802_51.png
/photos/2290_841_1754_51.png
/photos/2342_4970_1755_51.png
/home/iizhaki/NodeJS/node-v0.10.33-linux-x64/bin/StartUp
/css/rs_idan.css
/css/rs.css
/js/jquery.min.js
/js/jquery-ui/jquery-ui.min.js
/js/rs.js
/img/stem_5311_2612_0.jpg
/js/jquery.switcher.js
/images/header.gif
/fonts/Proxima-Nova-Light.otf
/img/bg.jpg
/fonts/Proxima-Nova-Semibold.otf
/images/twitter.png
/images/github.png
/images/linkedin.png
/images/email.png
New user: Idan_20150316T110424
/photos/2340_4872_1753_51_hist.png
/photos/2340_4872_1753_51.png
/photos/2458_1035_1849_52.png
/photos/2439_4872_1802_51.png
/photos/2389_4682_1802_51.png
/photos/2581_986_1897_52.png
/photos/1683_2569_1465_50.png
/photos/2290_841_1754_51.png
/photos/2440_4922_1805_53.png
/photos/2389_4682_1802_51_hist.png
/photos/2342_4970_1755_51_hist.png
/photos/2342_4970_1755_51.png
/photos/2343_5019_1754_53.png
/photos/2439_4872_1802_51_hist.png
/favicon.ico
/home/iizhaki/NodeJS/node-v0.10.33-linux-x64/bin/StartUp
/css/rs_idan.css
/js/jquery.switcher.js
/js/jquery-ui/jquery-ui.min.js
/css/rs.css
/js/jquery.min.js
/img/stem_5311_2612_0.jpg
/js/rs.js
/images/twitter.png
/fonts/Proxima-Nova-Semibold.otf
/img/bg.jpg
/images/header.gif
/fonts/Proxima-Nova-Light.otf
/images/linkedin.png
/images/github.png
/images/email.png
New user: Idan_20150316T110431
/photos/1683_2569_1465_50.png
/photos/2342_4970_1755_51.png
/photos/2290_841_1754_51.png
/photos/2343_5019_1754_53.png
/photos/2440_4922_1805_53.png
/photos/2342_4970_1755_51_hist.png
/photos/2581_986_1897_52.png
/photos/2458_1035_1849_52.png
/photos/2389_4682_1802_51.png
/photos/2340_4872_1753_51.png
/photos/2439_4872_1802_51.png
/photos/2340_4872_1753_51_hist.png
/photos/2439_4872_1802_51_hist.png
/photos/1683_2569_1465_50_hist.png
/favicon.ico
[ 'group_1', 'group_2', 'group_3', 'group_4', 'group_5', 'group_6' ]
WOOOOOOOOOOOOWgroup_3
http://localhost:8080/
Mon, 16 Mar 2015 18:48:02 GMT body-parser deprecated undefined extended: provide extended option at express.js:43:20
/home/iizhaki/NodeJS/node-v0.10.33-linux-x64/bin/StartUp
/css/rs.css
/css/rs_idan.css
/js/jquery.min.js
/js/rs.js
/js/jquery.switcher.js
/js/jquery-ui/jquery-ui.min.js
/img/stem_5311_2612_0.jpg
/img/bg.jpg
/fonts/Proxima-Nova-Light.otf
/images/header.gif
/fonts/Proxima-Nova-Semibold.otf
/images/twitter.png
/images/linkedin.png
/images/github.png
/images/email.png
New user: Idan_20150316T114812
WOOOOOOOOOOOOWgroup_6
/photos/2440_4922_1805_53_hist.png
/photos/2440_4922_1805_53.png
/photos/1683_2569_1465_50.png
/photos/2340_4872_1753_51.png
/photos/2342_4970_1755_51.png
/photos/1683_2569_1465_50_hist.png
/photos/2343_5019_1754_53.png
/photos/2389_4682_1802_51.png
/photos/2439_4872_1802_51.png
/photos/2581_986_1897_52.png
/favicon.ico
[ 'group_1', 'group_2', 'group_3', 'group_4', 'group_5', 'group_6' ]
http://localhost:8080/
Mon, 16 Mar 2015 18:48:52 GMT body-parser deprecated undefined extended: provide extended option at express.js:43:20
/home/iizhaki/NodeJS/node-v0.10.33-linux-x64/bin/StartUp
/css/rs.css
/js/jquery-ui/jquery-ui.min.js
/css/rs_idan.css
/js/jquery.min.js
/js/jquery.switcher.js
/js/rs.js
/img/stem_5311_2612_0.jpg
/images/header.gif
/fonts/Proxima-Nova-Light.otf
/img/bg.jpg
/images/linkedin.png
/fonts/Proxima-Nova-Semibold.otf
/images/twitter.png
/images/github.png
/images/email.png
New user: Idan_20150316T114900
/photos/1669_1080_1465_51_hist.png
/photos/1669_1080_1465_51.png
/photos/2859_1897_2040_50.png
/photos/2404_2375_1800_51.png
/photos/2406_2473_1801_50.png
/photos/3118_4400_2210_66.png
/photos/1273_984_1274_51.png
/photos/2217_3241_1704_51.png
/photos/2597_2328_1897_51.png
/photos/2404_2375_1800_51_hist.png
/favicon.ico
New user: Idan_20150316T114903
/photos/2407_2521_1801_50.png
/photos/2407_2521_1801_50_hist.png
/photos/2940_2041_2089_51.png
/photos/2780_1897_1992_51.png
/photos/2940_2041_2089_51_hist.png
/photos/2857_1801_2040_50.png
/photos/2858_1849_2041_50.png
New user: Idan_20150316T114904
/photos/2108_3241_1654_51.png
/photos/2108_3241_1654_51_hist.png
/photos/1861_2137_1562_52.png
/photos/1861_2137_1562_52_hist.png
/photos/2316_3241_1752_50.png
/photos/1996_2185_1608_51.png
/photos/2883_4345_2043_51.png
/photos/2529_4249_1848_50.png
/photos/306_360_648_51.png
/photos/3273_1896_2330_51.png
New user: Idan_20150316T114906
/photos/48_502_207_56.png
/photos/48_502_207_56_hist.png
/photos/3285_2041_2330_52.png
/photos/3285_2041_2330_52_hist.png
/photos/3339_1894_2431_55.png
/photos/634_936_936_51.png
/photos/720_1033_984_50.png
/photos/170_938_409_51.png
/photos/91_458_259_53.png
/photos/1522_888_1415_52.png
New user: Idan_20150316T114907
/photos/88_1035_264_53.png
/photos/88_1035_264_53_hist.png
/photos/113_938_313_51.png
/photos/113_938_313_51_hist.png
/photos/2012_4105_1609_50.png
/photos/785_309_1033_53.png
/photos/2325_3961_1752_51.png
New user: Idan_20150316T114908
/photos/1163_649_1224_50.png
/photos/114_987_313_51_hist.png
/photos/114_987_313_51.png
/photos/129_505_360_51.png
/photos/2529_4249_1848_50.png
/photos/385_888_745_51.png
/photos/265_310_600_51.png
/photos/1163_649_1224_50_hist.png
/photos/1566_1080_1417_51.png
/photos/2312_2905_1752_51.png
New user: Idan_20150316T114910
/photos/1083_1321_1177_51.png
/photos/2555_1034_1898_53.png
/photos/2555_1034_1898_53_hist.png
/photos/2236_4682_1705_51.png
/photos/2762_3673_1995_52.png
/photos/2431_4249_1801_51.png
/photos/1480_2520_1367_51.png
/photos/1083_1321_1177_51_hist.png
/photos/1064_3768_1176_51.png
/photos/1398_4489_1319_51.png
New user: Idan_20150316T114911
/photos/1373_1032_1322_51.png
/photos/1373_1032_1322_51_hist.png
/photos/1877_697_1561_51.png
/photos/2068_696_1659_52.png
/photos/2068_696_1659_52_hist.png
/photos/3273_1896_2330_51.png
/photos/716_841_984_51.png
/photos/1861_2137_1562_52.png
/photos/340_360_697_51.png
/photos/381_697_745_50.png
New user: Idan_20150316T114912
/photos/3278_2281_2329_51_hist.png
/photos/2928_1370_2089_51.png
/photos/783_3144_1031_53.png
/photos/3139_1271_2232_51.png
/photos/3139_1271_2232_51_hist.png
/photos/3278_2281_2329_51.png
/photos/3242_1217_2295_59.png
/photos/3305_2474_2381_55.png
/photos/174_1942_390_62.png
/photos/3244_3574_2245_74.png
New user: Idan_20150316T114914
/photos/2873_3192_2041_51_hist.png
/photos/2873_3192_2041_51.png
/photos/115_1036_314_52.png
/photos/720_1033_984_50.png
/photos/2012_4105_1609_50_hist.png
/photos/785_309_1033_53.png
/photos/1479_2472_1368_50.png
/photos/1241_2426_1270_52.png
New user: Idan_20150316T114915
/photos/3285_2041_2330_52_hist.png
/photos/170_938_409_51_hist.png
/photos/105_313_313_52.png
/photos/1501_4538_1369_51.png
/photos/912_2665_1081_51.png
/photos/1251_2473_1272_51.png
New user: Idan_20150316T114916
/photos/2012_4105_1609_50_hist.png
/photos/2951_3192_2090_51.png
/photos/1479_2472_1368_50.png
/photos/2951_3192_2090_51_hist.png
New user: Idan_20150316T114917
/photos/1374_1080_1321_50.png
/photos/2316_3241_1752_50.png
/photos/341_409_697_51.png
/photos/2312_2905_1752_51.png
/photos/134_456_360_51.png
/photos/1374_1080_1321_50_hist.png
/photos/3272_1849_2331_51.png
/photos/3272_1849_2331_51_hist.png
/photos/2884_4394_2043_51.png
New user: Idan_20150316T114919
/photos/2407_2521_1801_50.png
/photos/812_2184_1032_53.png
/photos/2407_2521_1801_50_hist.png
/photos/2406_2473_1801_50.png
/photos/2940_2041_2089_51.png
/photos/2780_1897_1992_51.png
/photos/1669_1080_1465_51.png
/photos/2859_1897_2040_50.png
/photos/2858_1849_2041_50.png
/photos/812_2184_1032_53_hist.png
New user: Idan_20150316T114920
/photos/3339_1894_2431_55.png
/photos/3339_1894_2431_55_hist.png
/photos/2012_4105_1609_50_hist.png
/photos/113_938_313_51.png
/photos/785_309_1033_53.png
New user: Idan_20150316T114921
/photos/1683_2569_1465_50.png
/photos/1683_2569_1465_50_hist.png
/photos/2342_4970_1755_51_hist.png
/photos/2581_986_1897_52.png
/photos/2342_4970_1755_51.png
/photos/2440_4922_1805_53.png
/photos/2290_841_1754_51.png
/photos/2340_4872_1753_51.png
/photos/2343_5019_1754_53.png
/photos/2458_1035_1849_52.png
New user: Idan_20150316T114922
/photos/2340_4872_1753_51_hist.png
/photos/2439_4872_1802_51.png
/photos/2439_4872_1802_51_hist.png
New user: Idan_20150316T114923
/photos/2343_5019_1754_53_hist.png
/photos/2581_986_1897_52_hist.png
/photos/2389_4682_1802_51.png
New user: Idan_20150316T114924
/photos/912_2665_1081_51.png
/photos/1479_2472_1368_50.png
/photos/1479_2472_1368_50_hist.png
/photos/3274_1945_2330_51.png
/photos/1241_2426_1270_52.png
/photos/912_2665_1081_51_hist.png
New user: Idan_20150316T114925
/photos/2311_2858_1753_51.png
/photos/2311_2858_1753_51_hist.png
/photos/2317_3289_1753_51.png
/photos/2296_1848_1752_50.png
/photos/2414_2906_1800_51.png
/photos/3272_1849_2331_51.png
/photos/2312_2905_1752_51.png
/photos/260_260_600_72.png
/photos/260_260_600_72_hist.png
New user: Idan_20150316T114927
/photos/2780_1897_1992_51.png
/photos/2780_1897_1992_51_hist.png
/photos/2404_2375_1800_51.png
/photos/2404_2375_1800_51_hist.png
/photos/3118_4400_2210_66.png
/photos/2940_2041_2089_51.png
/photos/2857_1801_2040_50.png
/photos/2406_2473_1801_50.png
/photos/891_696_1081_50.png
/photos/2859_1897_2040_50.png
New user: Idan_20150316T114928
/photos/912_2665_1081_51.png
/photos/912_2665_1081_51_hist.png
/photos/113_938_313_51.png
/photos/1241_2426_1270_52.png
/photos/1522_888_1415_52_hist.png
/photos/1176_1321_1226_51.png
New user: Idan_20150316T114929
/photos/3315_2329_2380_53.png
/photos/159_2041_409_51.png
/photos/3005_1321_2137_50.png
/photos/174_1942_390_62.png
/photos/3315_2329_2380_53_hist.png
/photos/159_2041_409_51_hist.png
/photos/2934_1753_2089_50.png
/photos/152_1934_438_63.png
/photos/2187_169_1707_55.png
/photos/155_1992_409_52.png
New user: Idan_20150316T114931
/photos/912_2665_1081_51.png
/photos/912_2665_1081_51_hist.png
/photos/1241_2426_1270_52.png
/photos/1251_2473_1272_51.png
/photos/113_938_313_51.png
/photos/1241_2426_1270_52_hist.png
New user: Idan_20150316T114932
/photos/3257_4151_2282_73_hist.png
/photos/1947_213_1609_53.png
/photos/3149_1321_2233_50.png
/photos/3257_4151_2282_73.png
/photos/292_1959_648_60.png
/photos/292_1959_648_60_hist.png
/photos/146_1972_381_70.png
/photos/3297_1243_2325_64.png
/photos/2450_5188_1785_73.png
New user: Idan_20150316T114933
/photos/2555_1034_1898_53.png
/photos/2555_1034_1898_53_hist.png
/photos/2336_4633_1753_50.png
/photos/635_984_937_51.png
/photos/1810_4778_1512_51_hist.png
/photos/2190_840_1705_51.png
/photos/1084_1369_1175_51.png
/photos/2762_3673_1995_52.png
/photos/1810_4778_1512_51.png
/photos/1448_2569_1367_51.png
New user: Idan_20150316T114935
/photos/306_360_648_51.png
/photos/385_888_745_51.png
/photos/306_360_648_51_hist.png
/photos/2068_696_1659_52.png
/photos/381_697_745_50.png
/photos/1877_697_1561_51.png
/photos/716_841_984_51.png
/photos/385_888_745_51_hist.png
/photos/1984_696_1610_52.png
/photos/1886_1225_1562_51.png
New user: Idan_20150316T114936
/photos/1251_2473_1272_51.png
/photos/694_255_984_54.png
/photos/3339_1894_2431_55.png
/photos/115_1036_314_52_hist.png
New user: Idan_20150316T114937
/photos/1996_2185_1608_51.png
/photos/134_456_360_51_hist.png
/photos/2316_3241_1752_50.png
/photos/3027_3337_2137_51.png
/photos/1323_208_1320_54.png
/photos/271_359_601_51.png
/photos/1996_2185_1608_51_hist.png
/photos/260_260_600_72.png
New user: Idan_20150316T114938
/photos/1374_1080_1321_50.png
/photos/2312_2905_1752_51_hist.png
/photos/1374_1080_1321_50_hist.png
/photos/2312_2905_1752_51.png
/photos/1861_2137_1562_52.png
/photos/1886_1225_1562_51.png
/photos/2317_3289_1753_51.png
/photos/306_360_648_51.png
New user: Idan_20150316T114939
/photos/2234_4584_1705_50.png
/photos/2234_4584_1705_50_hist.png
/photos/1582_2569_1416_50.png
/photos/1085_1466_1176_51.png
/photos/2235_4633_1705_50.png
/photos/1398_4489_1319_51.png
/photos/1184_1946_1227_52.png
/photos/1765_4105_1511_51.png
/photos/1480_2520_1367_51.png
/photos/1582_2569_1416_50_hist.png
/home/iizhaki/NodeJS/node-v0.10.33-linux-x64/bin/StartUp
/home/iizhaki/NodeJS/node-v0.10.33-linux-x64/bin/StartUp
/css/rs.css
/css/rs_idan.css
/js/jquery.min.js
/js/jquery-ui/jquery-ui.min.js
/js/jquery.switcher.js
/js/rs.js
/img/stem_5311_2612_0.jpg
/images/header.gif
/fonts/Proxima-Nova-Light.otf
/fonts/Proxima-Nova-Semibold.otf
/img/bg.jpg
/images/twitter.png
/images/linkedin.png
/images/github.png
/images/email.png
New user: Idan_20150316T115019
/photos/1356_2473_1320_51.png
/photos/1356_2473_1320_51_hist.png
/photos/1398_4489_1319_51.png
/photos/1398_4489_1319_51_hist.png
/photos/2762_3673_1995_52.png
/photos/2273_986_1752_52.png
/photos/1085_1466_1176_51.png
/photos/1605_4679_1415_52.png
/photos/127_307_361_53.png
/photos/2235_4633_1705_50.png
/home/iizhaki/NodeJS/node-v0.10.33-linux-x64/bin/StartUp
/css/rs_idan.css
/js/jquery.min.js
/css/rs.css
/js/jquery-ui/jquery-ui.min.js
/js/rs.js
/js/jquery.switcher.js
/img/stem_5311_2612_0.jpg
/images/header.gif
/img/bg.jpg
/fonts/Proxima-Nova-Light.otf
/images/linkedin.png
/fonts/Proxima-Nova-Semibold.otf
/images/twitter.png
/images/github.png
/images/email.png
New user: Idan_20150316T115038
/photos/912_2665_1081_51.png
/photos/912_2665_1081_51_hist.png
/photos/785_309_1033_53.png
/photos/113_938_313_51.png
/photos/785_309_1033_53_hist.png
/photos/2012_4105_1609_50.png
/photos/1479_2472_1368_50.png
/photos/694_255_984_54.png
/photos/115_1036_314_52.png
/photos/3274_1945_2330_51.png
/favicon.ico
/home/iizhaki/NodeJS/node-v0.10.33-linux-x64/bin/StartUp
/css/rs_idan.css
/css/rs.css
/js/jquery.min.js
/js/rs.js
/js/jquery-ui/jquery-ui.min.js
/js/jquery.switcher.js
/img/stem_5311_2612_0.jpg
/images/header.gif
/fonts/Proxima-Nova-Light.otf
/img/bg.jpg
/images/linkedin.png
/images/twitter.png
/fonts/Proxima-Nova-Semibold.otf
/images/github.png
/images/email.png
New user: Idan_20150316T115040
/photos/912_2665_1081_51.png
/photos/912_2665_1081_51_hist.png
/photos/1501_4538_1369_51.png
/photos/1501_4538_1369_51_hist.png
/photos/720_1033_984_50.png
/photos/3339_1894_2431_55.png
/photos/1241_2426_1270_52.png
/photos/88_1035_264_53.png
/photos/1176_1321_1226_51.png
/favicon.ico
/photos/731_2666_984_51.png
/home/iizhaki/NodeJS/node-v0.10.33-linux-x64/bin/StartUp
/css/rs_idan.css
/css/rs.css
/js/jquery.min.js
/js/jquery.switcher.js
/js/rs.js
/js/jquery-ui/jquery-ui.min.js
/img/stem_5311_2612_0.jpg
/img/bg.jpg
/fonts/Proxima-Nova-Light.otf
/images/header.gif
/images/twitter.png
/fonts/Proxima-Nova-Semibold.otf
/images/linkedin.png
/images/github.png
/images/email.png
New user: Idan_20150316T115247
/photos/2343_5019_1754_53.png
/photos/2343_5019_1754_53_hist.png
/photos/2290_841_1754_51.png
/photos/2290_841_1754_51_hist.png
/photos/2458_1035_1849_52.png
/photos/2342_4970_1755_51.png
/photos/2581_986_1897_52.png
/photos/2440_4922_1805_53.png
/photos/1683_2569_1465_50.png
/photos/2340_4872_1753_51.png
New user: Idan_20150316T115250
/photos/1479_2472_1368_50_hist.png
/photos/1479_2472_1368_50.png
/photos/88_1035_264_53.png
/photos/88_1035_264_53_hist.png
/photos/105_313_313_52.png
/photos/785_309_1033_53.png
/photos/115_1036_314_52.png
/photos/1251_2473_1272_51.png
/photos/3274_1945_2330_51.png
/photos/2873_3192_2041_51.png
New user: Idan_20150316T115251
/photos/340_360_697_51.png
/photos/3273_1896_2330_51.png
/photos/2171_1897_1703_51_hist.png
/photos/1323_208_1320_54.png
/photos/340_360_697_51_hist.png
/photos/2171_1897_1703_51.png
/photos/2884_4394_2043_51.png
/photos/716_841_984_51.png
/photos/904_1992_1080_52.png
/photos/341_409_697_51.png
New user: Idan_20150316T115253
/photos/2440_4922_1805_53.png
/photos/2458_1035_1849_52.png
/photos/1683_2569_1465_50.png
/photos/2340_4872_1753_51.png
/photos/2290_841_1754_51.png
/photos/2342_4970_1755_51.png
/photos/2389_4682_1802_51.png
/photos/2389_4682_1802_51_hist.png
/photos/2439_4872_1802_51.png
/photos/2458_1035_1849_52_hist.png
New user: Idan_20150316T115255
/photos/1251_2473_1272_51.png
/photos/88_1035_264_53.png
/photos/1251_2473_1272_51_hist.png
/photos/731_2666_984_51.png
/photos/731_2666_984_51_hist.png
/photos/91_458_259_53.png
/photos/1522_888_1415_52.png
/photos/2951_3192_2090_51.png
/photos/1501_4538_1369_51.png
/photos/1241_2426_1270_52.png
New user: Idan_20150316T115257
/photos/2597_2328_1897_51.png
/photos/2597_2328_1897_51_hist.png
/photos/2404_2375_1800_51.png
/photos/2404_2375_1800_51_hist.png
/photos/2406_2473_1801_50.png
/photos/891_696_1081_50.png
/photos/3118_4400_2210_66.png
/photos/2780_1897_1992_51.png
/photos/2858_1849_2041_50.png
/photos/2940_2041_2089_51.png
New user: Idan_20150316T115259
/photos/1178_1418_1225_51.png
/photos/1178_1418_1225_51_hist.png
/photos/2762_3673_1995_52_hist.png
/photos/2762_3673_1995_52.png
/photos/1498_4393_1371_51.png
/photos/1544_2425_1416_51.png
/photos/1177_1369_1225_51.png
/photos/1605_4679_1415_52.png
/photos/1063_3720_1176_52.png
/photos/1500_4489_1369_51.png
New user: Idan_20150316T115300
/photos/1683_2569_1465_50.png
/photos/2439_4872_1802_51.png
/photos/2440_4922_1805_53.png
/photos/2343_5019_1754_53.png
/photos/2290_841_1754_51.png
/photos/2340_4872_1753_51.png
/photos/2342_4970_1755_51.png
/photos/2458_1035_1849_52.png
/photos/1683_2569_1465_50_hist.png
/photos/2439_4872_1802_51_hist.png
New user: Idan_20150316T115302
/photos/1251_2473_1272_51.png
/photos/1251_2473_1272_51_hist.png
/photos/2873_3192_2041_51.png
/photos/1241_2426_1270_52.png
/photos/105_313_313_52.png
/photos/91_458_259_53.png
/photos/2873_3192_2041_51_hist.png
/photos/113_938_313_51.png
/photos/3285_2041_2330_52.png
/photos/720_1033_984_50.png
New user: Idan_20150316T115303
/photos/3118_4400_2210_66.png
/photos/2404_2375_1800_51.png
/photos/2780_1897_1992_51.png
/photos/2859_1897_2040_50_hist.png
/photos/891_696_1081_50.png
/photos/2859_1897_2040_50.png
/photos/2857_1801_2040_50.png
/photos/2780_1897_1992_51_hist.png
/photos/812_2184_1032_53.png
/photos/2217_3241_1704_51.png
New user: Idan_20150316T115305
/photos/2312_2905_1752_51.png
/photos/2312_2905_1752_51_hist.png
/photos/3272_1849_2331_51.png
/photos/3272_1849_2331_51_hist.png
/photos/2319_3385_1753_50.png
/photos/2316_3241_1752_50.png
/photos/129_505_360_51.png
/photos/260_260_600_72.png
/photos/114_987_313_51.png
/photos/2079_3193_1655_51.png
New user: Idan_20150316T115306
/photos/2290_841_1754_51.png
/photos/2290_841_1754_51_hist.png
/photos/2439_4872_1802_51.png
/photos/2439_4872_1802_51_hist.png
/photos/2342_4970_1755_51.png
/photos/2581_986_1897_52.png
/photos/2440_4922_1805_53.png
/photos/1683_2569_1465_50.png
/photos/2343_5019_1754_53.png
/photos/2458_1035_1849_52.png
New user: Idan_20150316T115309
/photos/2079_3193_1655_51.png
/photos/341_409_697_51.png
/photos/2884_4394_2043_51.png
/photos/2319_3385_1753_50.png
/photos/2079_3193_1655_51_hist.png
/photos/2884_4394_2043_51_hist.png
/photos/2068_696_1659_52.png
/photos/1374_1080_1321_50.png
/photos/1373_1032_1322_51.png
/photos/2955_3385_2088_51.png
New user: Idan_20150316T115310
/photos/2085_221_1656_52_hist.png
/photos/2085_221_1656_52.png
/photos/3244_3574_2245_74.png
/photos/124_1992_356_54_hist.png
/photos/124_1992_356_54.png
/photos/2860_1945_2040_50.png
/photos/121_2138_365_74.png
/photos/3237_4340_2241_71.png
/photos/783_3144_1031_53.png
/photos/3010_1705_2137_50.png
New user: Idan_20150316T115314
/photos/904_1992_1080_52.png
/photos/3308_1895_2380_53.png
/photos/3308_1895_2380_53_hist.png
/photos/2627_4249_1897_51_hist.png
/photos/2627_4249_1897_51.png
/photos/312_696_648_51.png
/photos/2056_645_1660_55.png
/photos/1163_649_1224_50.png
/photos/271_359_601_51.png
/photos/3027_3337_2137_51.png
New user: Idan_20150316T115316
/photos/1544_2425_1416_51.png
/photos/2762_3673_1995_52.png
/photos/1499_4441_1371_51.png
/photos/1499_4441_1371_51_hist.png
/photos/2555_1034_1898_53.png
/photos/2555_1034_1898_53_hist.png
/photos/1398_4489_1319_51.png
/photos/2019_4537_1608_51.png
/photos/1085_1466_1176_51.png
/photos/2432_4297_1801_51.png
New user: Idan_20150316T115319
/photos/2859_1897_2040_50.png
/photos/2859_1897_2040_50_hist.png
/photos/2406_2473_1801_50.png
/photos/2858_1849_2041_50.png
/photos/2404_2375_1800_51.png
/photos/3118_4400_2210_66.png
/photos/2780_1897_1992_51.png
/photos/891_696_1081_50.png
/photos/3118_4400_2210_66_hist.png
/photos/2407_2521_1801_50.png
New user: Idan_20150316T115320
/photos/2085_221_1656_52.png
/photos/2926_1272_2089_51.png
/photos/2926_1272_2089_51_hist.png
/photos/2775_1610_1992_51.png
/photos/2775_1610_1992_51_hist.png
/photos/3130_1221_2239_56.png
/photos/199_1934_458_56.png
/photos/233_1935_553_58.png
/photos/350_1900_705_58.png
/photos/2187_169_1707_55.png
New user: Idan_20150316T115322
/photos/1499_4441_1371_51.png
/photos/1499_4441_1371_51_hist.png
/photos/1398_4489_1319_51.png
/photos/1063_3720_1176_52.png
/photos/1448_2569_1367_51.png
/photos/2273_986_1752_52.png
/photos/1448_2569_1367_51_hist.png
/photos/1602_4488_1418_52.png
/photos/127_307_361_53.png
/photos/2234_4584_1705_50.png
New user: Idan_20150316T115324
/photos/1177_1369_1225_51.png
/photos/2555_1034_1898_53_hist.png
/photos/2555_1034_1898_53.png
/photos/2019_4537_1608_51.png
/photos/2762_3673_1995_52.png
/photos/127_307_361_53_hist.png
/photos/2236_4682_1705_51.png
/photos/2190_840_1705_51.png
/photos/1765_4105_1511_51.png
New user: Idan_20150316T115326
/photos/2671_1369_1945_50.png
/photos/3139_1271_2232_51.png
/photos/2854_1656_2041_50.png
/photos/2671_1369_1945_50_hist.png
/photos/2854_1656_2041_50_hist.png
/photos/68_2083_273_66.png
/photos/3348_2330_2432_55.png
/photos/92_2107_293_63.png
/photos/268_2047_607_57.png
/photos/145_2089_357_53.png
New user: Idan_20150316T115328
/photos/1448_2569_1367_51_hist.png
/photos/1544_2425_1416_51.png
/photos/1448_2569_1367_51.png
/photos/1398_4489_1319_51.png
/photos/1177_1369_1225_51.png
/photos/1480_2520_1367_51.png
/photos/1480_2520_1367_51_hist.png
/photos/1083_1321_1177_51.png
/photos/1582_2569_1416_50.png
/photos/2334_4537_1753_51.png
New user: Idan_20150316T115329
/photos/296_1891_652_59.png
/photos/296_1891_652_59_hist.png
/photos/152_1934_438_63.png
/photos/152_1934_438_63_hist.png
/photos/3280_2378_2331_52.png
/photos/93_2014_304_64.png
New user: Idan_20150316T115331
/photos/330_2004_669_65.png
/photos/2934_1753_2089_50.png
/photos/1501_4538_1369_51.png
/photos/720_1033_984_50.png
New user: Idan_20150316T115332
/photos/1479_2472_1368_50.png
/photos/720_1033_984_50_hist.png
/photos/105_313_313_52.png
/photos/1241_2426_1270_52.png
/photos/1251_2473_1272_51.png
/photos/1501_4538_1369_51_hist.png
/photos/48_502_207_56.png
/photos/634_936_936_51.png
/photos/2859_1897_2040_50_hist.png
/photos/2780_1897_1992_51.png
/photos/2404_2375_1800_51_hist.png
/photos/2404_2375_1800_51.png
/photos/2859_1897_2040_50.png
Error: write EPIPE
    at errnoException (net.js:904:11)
    at Object.afterWrite (net.js:720:19)
/photos/891_696_1081_50.png
New user: Idan_20150316T115332
/photos/2597_2328_1897_51.png
/photos/1669_1080_1465_51.png
/photos/2406_2473_1801_50.png
/photos/3118_4400_2210_66.png
/photos/2389_4682_1802_51.png
/photos/2389_4682_1802_51_hist.png
/photos/2290_841_1754_51.png
/photos/2458_1035_1849_52_hist.png
/photos/2458_1035_1849_52.png
/photos/2340_4872_1753_51.png
/photos/2440_4922_1805_53.png
/photos/2439_4872_1802_51.png
/photos/2343_5019_1754_53.png
/photos/2581_986_1897_52.png
New user: Idan_20150316T115334
/photos/2951_3192_2090_51.png
/photos/3274_1945_2330_51.png
/photos/1501_4538_1369_51.png
/photos/1501_4538_1369_51_hist.png
/photos/2951_3192_2090_51_hist.png
/photos/48_502_207_56.png
/photos/3339_1894_2431_55.png
/photos/170_938_409_51.png
/photos/48_502_207_56.png
/photos/1479_2472_1368_50.png
/photos/105_313_313_52.png
New user: Idan_20150316T115335
/photos/2458_1035_1849_52.png
/photos/2458_1035_1849_52_hist.png
/photos/1683_2569_1465_50_hist.png
/photos/1683_2569_1465_50.png
/photos/2440_4922_1805_53.png
/photos/2581_986_1897_52.png
/photos/2340_4872_1753_51.png
/photos/2439_4872_1802_51.png
/photos/2290_841_1754_51.png
/photos/2389_4682_1802_51.png
New user: Idan_20150316T115336
/photos/350_1900_705_58.png
/photos/3325_2424_2381_53.png
/photos/3325_2424_2381_53_hist.png
/photos/3172_4344_2234_55.png
/photos/3172_4344_2234_55_hist.png
/photos/94_2061_302_61.png
/photos/792_3193_1028_53.png
/photos/172_2089_410_51.png
/photos/293_2047_634_67.png
/photos/2188_219_1707_53.png
New user: Idan_20150316T115338
/photos/1501_4538_1369_51.png
/photos/1479_2472_1368_50.png
/photos/105_313_313_52.png
/photos/731_2666_984_51.png
/photos/133_407_361_52_hist.png
/photos/133_407_361_52.png
/photos/1241_2426_1270_52.png
/photos/2325_3961_1752_51.png
/photos/2012_4105_1609_50.png
/photos/1241_2426_1270_52_hist.png
New user: Idan_20150316T115340
/photos/1448_2569_1367_51.png
/photos/1448_2569_1367_51_hist.png
/photos/1177_1369_1225_51.png
/photos/1083_1321_1177_51.png
/photos/1544_2425_1416_51.png
/photos/2762_3673_1995_52.png
/photos/2234_4584_1705_50.png
/photos/1064_3768_1176_51.png
/photos/1064_3768_1176_51_hist.png
/photos/1356_2473_1320_51.png
New user: Idan_20150316T115341
/photos/2404_2375_1800_51.png
/photos/2857_1801_2040_50.png
/photos/891_696_1081_50.png
/photos/1273_984_1274_51.png
/photos/2859_1897_2040_50.png
/photos/1273_984_1274_51_hist.png
/photos/3118_4400_2210_66.png
/photos/2406_2473_1801_50.png
/photos/2406_2473_1801_50_hist.png
/photos/2597_2328_1897_51.png
New user: Idan_20150316T115342
/photos/1177_1369_1225_51.png
/photos/1398_4489_1319_51.png
/photos/1178_1418_1225_51.png
/photos/1063_3720_1176_52.png
/photos/1184_1946_1227_52.png
/photos/1184_1946_1227_52_hist.png
/photos/1063_3720_1176_52_hist.png
/photos/2336_4633_1753_50.png
/photos/1179_1467_1224_51.png
/photos/1084_1369_1175_51.png
New user: Idan_20150316T115344
/photos/2597_2328_1897_51.png
/photos/2597_2328_1897_51_hist.png
/photos/3118_4400_2210_66.png
/photos/812_2184_1032_53.png
/photos/3118_4400_2210_66_hist.png
/photos/2407_2521_1801_50.png
/photos/1273_984_1274_51.png
/photos/2406_2473_1801_50.png
/photos/2404_2375_1800_51.png
/photos/1669_1080_1465_51.png
/photos/1669_1080_1465_51.png
New user: Idan_20150316T115346
/photos/133_407_361_52.png
/photos/1501_4538_1369_51.png
/photos/1501_4538_1369_51_hist.png
/photos/170_938_409_51.png
/photos/2012_4105_1609_50.png
/photos/3274_1945_2330_51.png
/photos/1176_1321_1226_51.png
/photos/1522_888_1415_52.png
/photos/1176_1321_1226_51_hist.png
/photos/88_1035_264_53.png
New user: Idan_20150316T115348
/photos/2857_1801_2040_50.png
/photos/2404_2375_1800_51.png
/photos/1669_1080_1465_51.png
/photos/891_696_1081_50.png
/photos/2406_2473_1801_50.png
/photos/812_2184_1032_53.png
/photos/2780_1897_1992_51.png
/photos/2940_2041_2089_51.png
/photos/2940_2041_2089_51_hist.png
/photos/2857_1801_2040_50_hist.png
/home/iizhaki/NodeJS/node-v0.10.33-linux-x64/bin/StartUp
/css/rs.css
/css/rs_idan.css
/js/jquery-ui/jquery-ui.min.js
/js/jquery.min.js
/js/jquery.switcher.js
/js/rs.js
/img/stem_5311_2612_0.jpg
/fonts/Proxima-Nova-Light.otf
/images/header.gif
/images/linkedin.png
/img/bg.jpg
/fonts/Proxima-Nova-Semibold.otf
/images/twitter.png
/images/github.png
/images/email.png
New user: Idan_20150316T115350
/photos/3308_1895_2380_53.png
/photos/1163_649_1224_50.png
/photos/1984_696_1610_52_hist.png
/photos/1984_696_1610_52.png
/photos/265_310_600_51.png
/photos/265_310_600_51_hist.png
/photos/1566_1080_1417_51.png
/photos/2598_2377_1897_51.png
/photos/2171_1897_1703_51.png
/photos/1164_697_1225_50.png
/favicon.ico
New user: Idan_20150316T115352
/photos/1872_211_1560_53.png
/photos/1872_211_1560_53_hist.png
/photos/177_2097_458_55.png
/photos/177_2097_458_55_hist.png
/photos/119_2090_302_54.png
/photos/3082_1370_2185_51.png
/photos/291_2024_658_67.png
/photos/319_2006_659_60.png
/photos/125_2041_356_53.png
/photos/293_2047_634_67.png
New user: Idan_20150316T115354
/photos/2343_5019_1754_53.png
/photos/2458_1035_1849_52.png
/photos/2343_5019_1754_53_hist.png
/photos/2440_4922_1805_53.png
/photos/2340_4872_1753_51.png
/photos/1683_2569_1465_50.png
/photos/2342_4970_1755_51.png
/photos/2439_4872_1802_51.png
/photos/2290_841_1754_51.png
/photos/2340_4872_1753_51_hist.png
New user: Idan_20150316T115355
/photos/2190_840_1705_51.png
/photos/2334_4537_1753_51.png
/photos/1544_2425_1416_51.png
/photos/1448_2569_1367_51.png
/photos/2234_4584_1705_50.png
/photos/2190_840_1705_51_hist.png
/photos/2235_4633_1705_50.png
/photos/2235_4633_1705_50_hist.png
/photos/2431_4249_1801_51.png
/photos/1292_3575_1274_52.png
/photos/triplets2015:01:19:15:35:43.json
Error: ENOENT, stat '/home/iizhaki/NodeJS/node-v0.10.33-linux-x64/bin/StartUp/photos/triplets2015:01:19:15:35:43.json'
/favicon.ico
/home/iizhaki/NodeJS/node-v0.10.33-linux-x64/bin/StartUp
/css/rs_idan.css
/css/rs.css
/js/jquery.min.js
/js/jquery-ui/jquery-ui.min.js
/js/jquery.switcher.js
/js/rs.js
/img/stem_5311_2612_0.jpg
/images/header.gif
/fonts/Proxima-Nova-Light.otf
/img/bg.jpg
/fonts/Proxima-Nova-Semibold.otf
/images/twitter.png
/images/linkedin.png
/images/github.png
/images/email.png
New user: Idan_20150316T124908
/photos/306_360_648_51.png
/photos/306_360_648_51_hist.png
/photos/1163_649_1224_50.png
/photos/1163_649_1224_50_hist.png
/photos/271_359_601_51.png
/photos/2108_3241_1654_51.png
/photos/1566_1080_1417_51.png
/photos/2955_3385_2088_51.png
/photos/3308_1895_2380_53.png
/photos/2884_4394_2043_51.png
New user: Idan_20150316T124921
/photos/1480_2520_1367_51.png
/photos/1480_2520_1367_51_hist.png
/photos/2432_4297_1801_51.png
/photos/2432_4297_1801_51_hist.png
/photos/2236_4682_1705_51.png
/photos/1356_2473_1320_51.png
/photos/1083_1321_1177_51.png
/photos/1177_1369_1225_51.png
/photos/1582_2569_1416_50.png
/photos/1498_4393_1371_51.png
New user: Idan_20150316T124923
/photos/2581_986_1897_52.png
/photos/2581_986_1897_52_hist.png
/photos/2439_4872_1802_51.png
/photos/2439_4872_1802_51_hist.png
/photos/1683_2569_1465_50.png
/photos/2290_841_1754_51.png
/photos/2458_1035_1849_52.png
/photos/2389_4682_1802_51.png
/photos/2343_5019_1754_53.png
/photos/2440_4922_1805_53.png
New user: Idan_20150316T124925
/photos/1179_1467_1224_51.png
/photos/1179_1467_1224_51_hist.png
/photos/1178_1418_1225_51.png
/photos/1178_1418_1225_51_hist.png
/photos/2190_840_1705_51.png
/photos/1184_1946_1227_52.png
/photos/1085_1466_1176_51.png
/photos/1064_3768_1176_51.png
/photos/2234_4584_1705_50.png
/photos/1605_4679_1415_52.png
New user: Idan_20150316T124929
/photos/113_938_313_51.png
/photos/113_938_313_51_hist.png
/photos/634_936_936_51.png
/photos/634_936_936_51_hist.png
/photos/731_2666_984_51.png
/photos/3339_1894_2431_55.png
/photos/1522_888_1415_52.png
/photos/91_458_259_53.png
/photos/105_313_313_52.png
/photos/1501_4538_1369_51.png
New user: Idan_20150316T125129
/photos/1273_984_1274_51.png
/photos/1273_984_1274_51_hist.png
/photos/2780_1897_1992_51.png
/photos/2780_1897_1992_51_hist.png
/photos/2597_2328_1897_51.png
/photos/3118_4400_2210_66.png
/photos/2406_2473_1801_50.png
/photos/891_696_1081_50.png
/photos/2857_1801_2040_50.png
/photos/812_2184_1032_53.png
New user: Idan_20150316T125130
/photos/48_502_207_56.png
/photos/48_502_207_56_hist.png
/photos/115_1036_314_52.png
/photos/115_1036_314_52_hist.png
/photos/88_1035_264_53.png
/photos/1251_2473_1272_51.png
/photos/3339_1894_2431_55.png
/photos/731_2666_984_51.png
/photos/1501_4538_1369_51.png
/photos/3285_2041_2330_52.png
New user: Idan_20150316T125508
/photos/340_360_697_51.png
/photos/340_360_697_51_hist.png
/photos/2598_2377_1897_51.png
/photos/2598_2377_1897_51_hist.png
/photos/3272_1849_2331_51.png
/photos/1861_2137_1562_52.png
/photos/271_359_601_51.png
/photos/381_697_745_50.png
/photos/2529_4249_1848_50.png
/photos/385_888_745_51.png
New user: Idan_20150316T125510
/photos/2317_3289_1753_51.png
/photos/2317_3289_1753_51_hist.png
/photos/3308_1895_2380_53_hist.png
/photos/2312_2905_1752_51.png
/photos/1996_2185_1608_51.png
/photos/3308_1895_2380_53.png
/photos/1164_697_1225_50.png
/photos/610_223_936_67.png
New user: Idan_20150316T125525
/photos/1373_1032_1322_51.png
/photos/1373_1032_1322_51_hist.png
/photos/2529_4249_1848_50_hist.png
/photos/2068_696_1659_52.png
/photos/260_260_600_72.png
/photos/381_697_745_50.png
/photos/2316_3241_1752_50.png
/photos/3273_1896_2330_51.png
/photos/2198_1848_1702_51.png
New user: Idan_20150316T125536
/photos/3129_1221_2249_60.png
/photos/3129_1221_2249_60_hist.png
/photos/119_2090_302_54.png
/photos/119_2090_302_54_hist.png
/photos/1731_129_1511_67.png
/photos/359_1924_705_67.png
/photos/211_1987_506_54.png
/photos/3244_3574_2245_74.png
/photos/2775_1610_1992_51.png
/photos/292_1959_648_60.png
New user: Idan_20150316T125545
/photos/2068_696_1659_52.png
/photos/2068_696_1659_52_hist.png
/photos/2296_1848_1752_50.png
/photos/2296_1848_1752_50_hist.png
/photos/1323_208_1320_54.png
/photos/381_697_745_50.png
/photos/2317_3289_1753_51.png
/photos/2316_3241_1752_50.png
/photos/385_888_745_51.png
/photos/979_696_1129_50.png
New user: Idan_20150316T125551
/photos/2440_4922_1805_53.png
/photos/2440_4922_1805_53_hist.png
/photos/2458_1035_1849_52.png
/photos/2458_1035_1849_52_hist.png
/photos/2342_4970_1755_51.png
/photos/2581_986_1897_52.png
/photos/2340_4872_1753_51.png
/photos/2439_4872_1802_51.png
/photos/1683_2569_1465_50.png
/photos/2343_5019_1754_53.png
New user: Idan_20150316T125552
/photos/262_2055_583_68.png
/photos/262_2055_583_68_hist.png
/photos/146_1972_381_70.png
/photos/146_1972_381_70_hist.png
/photos/227_2041_507_54.png
/photos/291_2024_658_67.png
/photos/185_1987_458_54.png
/photos/2937_1897_2090_51.png
/photos/186_2041_457_53.png
/photos/3051_1199_2164_70.png
/home/iizhaki/NodeJS/node-v0.10.33-linux-x64/bin/StartUp
/css/rs_idan.css
/css/rs.css
/js/jquery.min.js
/js/jquery-ui/jquery-ui.min.js
/js/jquery.switcher.js
/js/rs.js
/img/stem_5311_2612_0.jpg
/images/header.gif
/fonts/Proxima-Nova-Light.otf
/img/bg.jpg
/fonts/Proxima-Nova-Semibold.otf
/images/twitter.png
/images/linkedin.png
/images/github.png
/images/email.png
New user: Idan_20150316T125742
/photos/105_313_313_52.png
/photos/105_313_313_52_hist.png
/photos/88_1035_264_53_hist.png
/photos/88_1035_264_53.png
/photos/694_255_984_54.png
/photos/115_1036_314_52.png
/photos/1501_4538_1369_51.png
/photos/2012_4105_1609_50.png
/photos/113_938_313_51.png
/photos/3274_1945_2330_51.png
/favicon.ico
New user: Idan_20150316T125744
/photos/2343_5019_1754_53_hist.png
/photos/2440_4922_1805_53.png
/photos/2440_4922_1805_53_hist.png
/photos/2343_5019_1754_53.png
/photos/2458_1035_1849_52.png
/photos/2340_4872_1753_51.png
/photos/2290_841_1754_51.png
/photos/2581_986_1897_52.png
/photos/1683_2569_1465_50.png
/photos/2439_4872_1802_51.png
/home/iizhaki/NodeJS/node-v0.10.33-linux-x64/bin/StartUp
/css/rs_idan.css
/css/rs.css
/js/jquery.min.js
/js/jquery-ui/jquery-ui.min.js
/js/jquery.switcher.js
/js/rs.js
/img/stem_5311_2612_0.jpg
/images/header.gif
/fonts/Proxima-Nova-Light.otf
/img/bg.jpg
/fonts/Proxima-Nova-Semibold.otf
/images/twitter.png
/images/linkedin.png
/images/github.png
/images/email.png
New user: Idan_20150316T125819
/photos/2671_1369_1945_50.png
/photos/2671_1369_1945_50_hist.png
/photos/93_2014_304_64.png
/photos/93_2014_304_64_hist.png
/photos/3264_2979_2287_64.png
/photos/152_1934_438_63.png
/photos/3346_2231_2430_54.png
/photos/3336_2451_2381_64.png
/photos/392_1877_721_71.png
/photos/2926_1272_2089_51.png
/favicon.ico
New user: Idan_20150316T125821
/photos/1682_2520_1465_51.png
/photos/1682_2520_1465_51_hist.png
/photos/2555_1034_1898_53.png
/photos/2555_1034_1898_53_hist.png
/photos/635_984_937_51.png
/photos/2236_4682_1705_51.png
/photos/1499_4441_1371_51.png
/photos/2190_840_1705_51.png
/photos/1292_3575_1274_52.png
/photos/1480_2520_1367_51.png
/home/iizhaki/NodeJS/node-v0.10.33-linux-x64/bin/StartUp
/css/rs_idan.css
/css/rs.css
/js/jquery.min.js
/js/jquery-ui/jquery-ui.min.js
/js/jquery.switcher.js
/js/rs.js
/img/stem_5311_2612_0.jpg
/images/header.gif
/fonts/Proxima-Nova-Light.otf
/img/bg.jpg
/fonts/Proxima-Nova-Semibold.otf
/images/twitter.png
/images/linkedin.png
/images/github.png
/images/email.png
New user: Idan_20150316T125943
/photos/1273_984_1274_51.png
/photos/1273_984_1274_51_hist.png
/photos/3118_4400_2210_66.png
/photos/3118_4400_2210_66_hist.png
/photos/2857_1801_2040_50.png
/photos/2858_1849_2041_50.png
/photos/2217_3241_1704_51.png
/photos/2406_2473_1801_50.png
/photos/1669_1080_1465_51.png
/photos/2940_2041_2089_51.png
/favicon.ico
New user: Idan_20150316T125946
/photos/1996_2185_1608_51.png
/photos/1996_2185_1608_51_hist.png
/photos/271_359_601_51_hist.png
/photos/1984_696_1610_52.png
/photos/271_359_601_51.png
/photos/2955_3385_2088_51.png
/photos/979_696_1129_50.png
/photos/610_223_936_67.png
/photos/2108_3241_1654_51.png
/photos/3027_3337_2137_51.png
New user: Idan_20150316T125950
/photos/891_696_1081_50.png
/photos/891_696_1081_50_hist.png
/photos/3118_4400_2210_66.png
/photos/3118_4400_2210_66_hist.png
/photos/2597_2328_1897_51.png
/photos/2407_2521_1801_50.png
/photos/2859_1897_2040_50.png
/photos/2858_1849_2041_50.png
/photos/812_2184_1032_53.png
/photos/2217_3241_1704_51.png
/home/iizhaki/NodeJS/node-v0.10.33-linux-x64/bin/StartUp
/css/rs_idan.css
/css/rs.css
/js/jquery.min.js
/js/jquery-ui/jquery-ui.min.js
/js/jquery.switcher.js
/js/rs.js
/img/stem_5311_2612_0.jpg
/images/header.gif
/fonts/Proxima-Nova-Light.otf
/img/bg.jpg
/fonts/Proxima-Nova-Semibold.otf
/images/twitter.png
/images/linkedin.png
/images/github.png
/images/email.png
New user: Idan_20150316T130109
/photos/3305_2474_2381_55.png
/photos/3305_2474_2381_55_hist.png
/photos/287_1820_669_71.png
/photos/287_1820_669_71_hist.png
/photos/3348_2330_2432_55.png
/photos/783_3144_1031_53.png
/photos/3257_4151_2282_73.png
/photos/3336_2451_2381_64.png
/photos/2379_2137_1799_51.png
/photos/392_1877_721_71.png
/favicon.ico
New user: Idan_20150316T130112
/photos/912_2665_1081_51.png
/photos/912_2665_1081_51_hist.png
/photos/2325_3961_1752_51.png
/photos/2325_3961_1752_51_hist.png
/photos/88_1035_264_53.png
/photos/113_938_313_51.png
/photos/133_407_361_52.png
/photos/1176_1321_1226_51.png
/photos/105_313_313_52.png
/photos/785_309_1033_53.png
New user: Idan_20150316T130115
/photos/2342_4970_1755_51_hist.png
/photos/2342_4970_1755_51.png
/photos/1683_2569_1465_50.png
/photos/1683_2569_1465_50_hist.png
/photos/2389_4682_1802_51.png
/photos/2340_4872_1753_51.png
/photos/2458_1035_1849_52.png
/photos/2439_4872_1802_51.png
/photos/2290_841_1754_51.png
/photos/2440_4922_1805_53.png
/home/iizhaki/NodeJS/node-v0.10.33-linux-x64/bin/StartUp
/css/rs_idan.css
/css/rs.css
/js/jquery.min.js
/js/jquery-ui/jquery-ui.min.js
/js/jquery.switcher.js
/js/rs.js
/img/stem_5311_2612_0.jpg
/images/header.gif
/fonts/Proxima-Nova-Light.otf
/img/bg.jpg
/fonts/Proxima-Nova-Semibold.otf
/images/twitter.png
/images/linkedin.png
/images/github.png
/images/email.png
New user: Idan_20150316T130157
/photos/3148_3765_2240_55.png
/photos/3148_3765_2240_55_hist.png
/photos/2067_173_1654_52.png
/photos/204_1903_505_71.png
/photos/262_2055_583_68.png
/photos/262_2055_583_68_hist.png
/photos/330_2004_669_65.png
/photos/2671_1369_1945_50.png
/photos/207_1934_506_55.png
/photos/145_2089_357_53.png
/favicon.ico
New user: Idan_20150316T130200
/photos/2342_4970_1755_51.png
/photos/2342_4970_1755_51_hist.png
/photos/2440_4922_1805_53.png
/photos/2440_4922_1805_53_hist.png
/photos/2389_4682_1802_51.png
/photos/2458_1035_1849_52.png
/photos/2343_5019_1754_53.png
/photos/2439_4872_1802_51.png
/photos/2340_4872_1753_51.png
/photos/1683_2569_1465_50.png
/home/iizhaki/NodeJS/node-v0.10.33-linux-x64/bin/StartUp
/css/rs_idan.css
/css/rs.css
/js/jquery.min.js
/js/jquery-ui/jquery-ui.min.js
/js/jquery.switcher.js
/js/rs.js
/img/stem_5311_2612_0.jpg
/images/header.gif
/fonts/Proxima-Nova-Light.otf
/img/bg.jpg
/fonts/Proxima-Nova-Semibold.otf
/images/twitter.png
/images/linkedin.png
/images/github.png
/images/email.png
New user: Idan_20150316T130603
/photos/2940_2041_2089_51.png
/photos/2940_2041_2089_51_hist.png
/photos/891_696_1081_50.png
/photos/891_696_1081_50_hist.png
/photos/3118_4400_2210_66.png
/photos/2217_3241_1704_51.png
/photos/2407_2521_1801_50.png
/photos/1669_1080_1465_51.png
/photos/812_2184_1032_53.png
/photos/2859_1897_2040_50.png
New user: Idan_20150316T133431
/photos/720_1033_984_50.png
/photos/720_1033_984_50_hist.png
/photos/170_938_409_51.png
/photos/170_938_409_51_hist.png
/photos/1501_4538_1369_51.png
/photos/3339_1894_2431_55.png
/photos/105_313_313_52.png
/photos/731_2666_984_51.png
/photos/2012_4105_1609_50.png
/photos/133_407_361_52.png
New user: Idan_20150316T133438
/photos/2290_841_1754_51.png
/photos/2290_841_1754_51_hist.png
/photos/2389_4682_1802_51.png
/photos/2389_4682_1802_51_hist.png
/photos/1683_2569_1465_50.png
/photos/2342_4970_1755_51.png
/photos/2340_4872_1753_51.png
/photos/2440_4922_1805_53.png
/photos/2343_5019_1754_53.png
/photos/2458_1035_1849_52.png
/home/iizhaki/NodeJS/node-v0.10.33-linux-x64/bin/StartUp
/css/rs_idan.css
/css/rs.css
/js/jquery.min.js
/js/jquery-ui/jquery-ui.min.js
/js/jquery.switcher.js
/js/rs.js
/img/stem_5311_2612_0.jpg
/images/header.gif
/fonts/Proxima-Nova-Light.otf
/img/bg.jpg
/fonts/Proxima-Nova-Semibold.otf
/images/twitter.png
/images/linkedin.png
/images/github.png
/images/email.png
New user: Idan_20150316T134021
/photos/2311_2858_1753_51.png
/photos/2311_2858_1753_51_hist.png
/photos/2317_3289_1753_51.png
/photos/2317_3289_1753_51_hist.png
/photos/271_359_601_51.png
/photos/2883_4345_2043_51.png
/photos/610_223_936_67.png
/photos/312_696_648_51.png
/photos/2955_3385_2088_51.png
/photos/2108_3241_1654_51.png
/favicon.ico
/wiki/Special:Search
Error: ENOENT, stat '/home/iizhaki/NodeJS/node-v0.10.33-linux-x64/bin/StartUp/wiki/Special:Search'
/home/iizhaki/NodeJS/node-v0.10.33-linux-x64/bin/StartUp
/home/iizhaki/NodeJS/node-v0.10.33-linux-x64/bin/StartUp
/manager/html
/manager/html
/cgi-bin/authLogin.cgi
Error: Parse Error
    at Socket.socket.ondata (http.js:1970:22)
    at TCP.onread (net.js:527:27)
/cgi-bin/authLogin.cgi
Error: Parse Error
    at Socket.socket.ondata (http.js:1970:22)
    at TCP.onread (net.js:527:27)
/cgi-bin/authLogin.cgi
Error: Parse Error
    at Socket.socket.ondata (http.js:1970:22)
    at TCP.onread (net.js:527:27)
/cgi-bin/authLogin.cgi
Error: Parse Error
    at Socket.socket.ondata (http.js:1970:22)
    at TCP.onread (net.js:527:27)
/cgi-bin/authLogin.cgi
Error: Parse Error
    at Socket.socket.ondata (http.js:1970:22)
    at TCP.onread (net.js:527:27)
/cgi-bin/authLogin.cgi
Error: Parse Error
    at Socket.socket.ondata (http.js:1970:22)
    at TCP.onread (net.js:527:27)
/cgi-bin/authLogin.cgi
Error: Parse Error
    at Socket.socket.ondata (http.js:1970:22)
    at TCP.onread (net.js:527:27)
/home/iizhaki/NodeJS/node-v0.10.33-linux-x64/bin/StartUp
/wiki/Special:Search
Error: ENOENT, stat '/home/iizhaki/NodeJS/node-v0.10.33-linux-x64/bin/StartUp/wiki/Special:Search'
/cgi-bin/authLogin.cgi
Error: Parse Error
    at Socket.socket.ondata (http.js:1970:22)
    at TCP.onread (net.js:527:27)
/cgi-bin/authLogin.cgi
Error: Parse Error
    at Socket.socket.ondata (http.js:1970:22)
    at TCP.onread (net.js:527:27)
/manager/html
Error: ENOENT, stat '/home/iizhaki/NodeJS/node-v0.10.33-linux-x64/bin/StartUp/manager/html'
/manager/html
Error: ENOENT, stat '/home/iizhaki/NodeJS/node-v0.10.33-linux-x64/bin/StartUp/manager/html'
/cgi-bin/authLogin.cgi
Error: Parse Error
    at Socket.socket.ondata (http.js:1970:22)
    at TCP.onread (net.js:527:27)
/home/iizhaki/NodeJS/node-v0.10.33-linux-x64/bin/StartUp
/home/iizhaki/NodeJS/node-v0.10.33-linux-x64/bin/StartUp
/cgi-bin/authLogin.cgi
Error: Parse Error
    at Socket.socket.ondata (http.js:1970:22)
    at TCP.onread (net.js:527:27)
/cgi-bin/authLogin.cgi
Error: Parse Error
    at Socket.socket.ondata (http.js:1970:22)
    at TCP.onread (net.js:527:27)
/home/iizhaki/NodeJS/node-v0.10.33-linux-x64/bin/StartUp
/cgi-bin/authLogin.cgi
Error: Parse Error
    at Socket.socket.ondata (http.js:1970:22)
    at TCP.onread (net.js:527:27)
/cgi-bin/authLogin.cgi
Error: Parse Error
    at Socket.socket.ondata (http.js:1970:22)
    at TCP.onread (net.js:527:27)
/home/iizhaki/NodeJS/node-v0.10.33-linux-x64/bin/StartUp
/css/rs_idan.css
/css/rs.css
/js/jquery.min.js
/js/jquery-ui/jquery-ui.min.js
/js/jquery.switcher.js
/js/rs.js
/img/stem_5311_2612_0.jpg
/images/header.gif
/fonts/Proxima-Nova-Light.otf
/img/bg.jpg
/fonts/Proxima-Nova-Semibold.otf
/images/twitter.png
/images/linkedin.png
/images/github.png
/images/email.png
New user: Idan_20150319T130322
/photos/2940_2041_2089_51.png
/photos/2940_2041_2089_51_hist.png
/photos/2780_1897_1992_51.png
/photos/2780_1897_1992_51_hist.png
/photos/2217_3241_1704_51.png
/photos/2857_1801_2040_50.png
New user: Idan_20150319T130324
/photos/2597_2328_1897_51.png
/photos/3118_4400_2210_66.png
/photos/2407_2521_1801_50.png
/photos/1669_1080_1465_51.png
/photos/2857_1801_2040_50_hist.png
New user: Idan_20150319T130324
/photos/2597_2328_1897_51_hist.png
/photos/1273_984_1274_51.png
/photos/2859_1897_2040_50.png
/photos/2440_4922_1805_53.png
/photos/2440_4922_1805_53_hist.png
/photos/2342_4970_1755_51.png
/photos/2342_4970_1755_51_hist.png
/photos/2340_4872_1753_51.png
/photos/1683_2569_1465_50.png
/photos/2343_5019_1754_53.png
/photos/2290_841_1754_51.png
/photos/2389_4682_1802_51.png
/photos/2581_986_1897_52.png
/favicon.ico
/home/iizhaki/NodeJS/node-v0.10.33-linux-x64/bin/StartUp
/css/rs_idan.css
/css/rs.css
/js/jquery.min.js
/js/jquery-ui/jquery-ui.min.js
/js/jquery.switcher.js
/img/stem_5311_2612_0.jpg
/js/rs.js
/images/header.gif
/fonts/Proxima-Nova-Light.otf
/fonts/Proxima-Nova-Semibold.otf
/img/bg.jpg
/images/github.png
/images/email.png
New user: Idan_20150319T181936
/photos/1179_1467_1224_51.png
/photos/1179_1467_1224_51_hist.png
/photos/1356_2473_1320_51.png
/photos/1356_2473_1320_51_hist.png
/photos/1398_4489_1319_51.png
/photos/2334_4537_1753_51.png
/photos/1810_4778_1512_51.png
/photos/2432_4297_1801_51.png
/photos/1177_1369_1225_51.png
/photos/1582_2569_1416_50.png
/favicon.ico
/jmx-console/
Error: ENOENT, stat '/home/iizhaki/NodeJS/node-v0.10.33-linux-x64/bin/StartUp/jmx-console/index.html'
/jmx-console/
Error: ENOENT, stat '/home/iizhaki/NodeJS/node-v0.10.33-linux-x64/bin/StartUp/jmx-console/index.html'
/jmx-console/
Error: ENOENT, stat '/home/iizhaki/NodeJS/node-v0.10.33-linux-x64/bin/StartUp/jmx-console/index.html'
/cgi-bin/authLogin.cgi
Error: Parse Error
    at Socket.socket.ondata (http.js:1970:22)
    at TCP.onread (net.js:527:27)
/home/iizhaki/NodeJS/node-v0.10.33-linux-x64/bin/StartUp
/cgi-bin/authLogin.cgi
Error: Parse Error
    at Socket.socket.ondata (http.js:1970:22)
    at TCP.onread (net.js:527:27)
/cgi-bin/authLogin.cgi
Error: Parse Error
    at Socket.socket.ondata (http.js:1970:22)
    at TCP.onread (net.js:527:27)
/testproxy.php
Error: ENOENT, stat '/home/iizhaki/NodeJS/node-v0.10.33-linux-x64/bin/StartUp/testproxy.php'
/cgi-bin/authLogin.cgi
Error: Parse Error
    at Socket.socket.ondata (http.js:1970:22)
    at TCP.onread (net.js:527:27)
/home/iizhaki/NodeJS/node-v0.10.33-linux-x64/bin/StartUp
/cgi-bin/authLogin.cgi
Error: Parse Error
    at Socket.socket.ondata (http.js:1970:22)
    at TCP.onread (net.js:527:27)
/cgi-bin/authLogin.cgi
Error: Parse Error
    at Socket.socket.ondata (http.js:1970:22)
    at TCP.onread (net.js:527:27)
/home/iizhaki/NodeJS/node-v0.10.33-linux-x64/bin/StartUp
/manager/html
Error: ENOENT, stat '/home/iizhaki/NodeJS/node-v0.10.33-linux-x64/bin/StartUp/manager/html'
/home/iizhaki/NodeJS/node-v0.10.33-linux-x64/bin/StartUp
/cgi-bin/authLogin.cgi
Error: Parse Error
    at Socket.socket.ondata (http.js:1970:22)
    at TCP.onread (net.js:527:27)
/cgi-bin/authLogin.cgi
Error: Parse Error
    at Socket.socket.ondata (http.js:1970:22)
    at TCP.onread (net.js:527:27)
/home/iizhaki/NodeJS/node-v0.10.33-linux-x64/bin/StartUp
/home/iizhaki/NodeJS/node-v0.10.33-linux-x64/bin/StartUp
/cgi-bin/authLogin.cgi
Error: Parse Error
    at Socket.socket.ondata (http.js:1970:22)
    at TCP.onread (net.js:527:27)
/cgi-bin/authLogin.cgi
Error: Parse Error
    at Socket.socket.ondata (http.js:1970:22)
    at TCP.onread (net.js:527:27)
/manager/html
Error: ENOENT, stat '/home/iizhaki/NodeJS/node-v0.10.33-linux-x64/bin/StartUp/manager/html'
/cgi-bin/authLogin.cgi
Error: Parse Error
    at Socket.socket.ondata (http.js:1970:22)
    at TCP.onread (net.js:527:27)
/cgi-bin/authLogin.cgi
Error: Parse Error
    at Socket.socket.ondata (http.js:1970:22)
    at TCP.onread (net.js:527:27)
/cgi-bin/authLogin.cgi
Error: Parse Error
    at Socket.socket.ondata (http.js:1970:22)
    at TCP.onread (net.js:527:27)
/cgi-bin/authLogin.cgi
Error: Parse Error
    at Socket.socket.ondata (http.js:1970:22)
    at TCP.onread (net.js:527:27)
/cgi-bin/authLogin.cgi
Error: Parse Error
    at Socket.socket.ondata (http.js:1970:22)
    at TCP.onread (net.js:527:27)
/cgi-bin/authLogin.cgi
Error: Parse Error
    at Socket.socket.ondata (http.js:1970:22)
    at TCP.onread (net.js:527:27)
/cgi-bin/authLogin.cgi
Error: Parse Error
    at Socket.socket.ondata (http.js:1970:22)
    at TCP.onread (net.js:527:27)
/cgi-bin/authLogin.cgi
Error: Parse Error
    at Socket.socket.ondata (http.js:1970:22)
    at TCP.onread (net.js:527:27)
/wiki/Special:Search
Error: ENOENT, stat '/home/iizhaki/NodeJS/node-v0.10.33-linux-x64/bin/StartUp/wiki/Special:Search'
/home/iizhaki/NodeJS/node-v0.10.33-linux-x64/bin/StartUp
/css/rs_idan.css
/css/rs.css
/js/jquery.min.js
/js/jquery-ui/jquery-ui.min.js
/js/jquery.switcher.js
/js/rs.js
/img/stem_5311_2612_0.jpg
/images/header.gif
/fonts/Proxima-Nova-Light.otf
/img/bg.jpg
/fonts/Proxima-Nova-Semibold.otf
/images/twitter.png
/images/linkedin.png
/images/github.png
/images/email.png
Error: read ECONNRESET
    at errnoException (net.js:904:11)
    at TCP.onread (net.js:558:19)
/robots.txt
Error: ENOENT, stat '/home/iizhaki/NodeJS/node-v0.10.33-linux-x64/bin/StartUp/robots.txt'
/home/iizhaki/NodeJS/node-v0.10.33-linux-x64/bin/StartUp
/robots.txt
Error: ENOENT, stat '/home/iizhaki/NodeJS/node-v0.10.33-linux-x64/bin/StartUp/robots.txt'
/cgi-bin/authLogin.cgi
Error: Parse Error
    at Socket.socket.ondata (http.js:1970:22)
    at TCP.onread (net.js:527:27)
/cgi-bin/authLogin.cgi
Error: Parse Error
    at Socket.socket.ondata (http.js:1970:22)
    at TCP.onread (net.js:527:27)
/home/iizhaki/NodeJS/node-v0.10.33-linux-x64/bin/StartUp
/web-console/ServerInfo.jsp
Error: ENOENT, stat '/home/iizhaki/NodeJS/node-v0.10.33-linux-x64/bin/StartUp/web-console/ServerInfo.jsp'
/home/iizhaki/NodeJS/node-v0.10.33-linux-x64/bin/StartUp
/robots.txt
Error: ENOENT, stat '/home/iizhaki/NodeJS/node-v0.10.33-linux-x64/bin/StartUp/robots.txt'
/testproxy.php
Error: ENOENT, stat '/home/iizhaki/NodeJS/node-v0.10.33-linux-x64/bin/StartUp/testproxy.php'
/cgi-bin/authLogin.cgi
Error: Parse Error
    at Socket.socket.ondata (http.js:1970:22)
    at TCP.onread (net.js:527:27)
/cgi-bin/authLogin.cgi
Error: Parse Error
    at Socket.socket.ondata (http.js:1970:22)
    at TCP.onread (net.js:527:27)
/cgi-bin/authLogin.cgi
Error: Parse Error
    at Socket.socket.ondata (http.js:1970:22)
    at TCP.onread (net.js:527:27)
/cgi-bin/authLogin.cgi
Error: Parse Error
    at Socket.socket.ondata (http.js:1970:22)
    at TCP.onread (net.js:527:27)
/wiki/Special:Search
Error: ENOENT, stat '/home/iizhaki/NodeJS/node-v0.10.33-linux-x64/bin/StartUp/wiki/Special:Search'
/home/iizhaki/NodeJS/node-v0.10.33-linux-x64/bin/StartUp
/cgi-bin/authLogin.cgi
Error: Parse Error
    at Socket.socket.ondata (http.js:1970:22)
    at TCP.onread (net.js:527:27)
/tmUnblock.cgi
Error: ENOENT, stat '/home/iizhaki/NodeJS/node-v0.10.33-linux-x64/bin/StartUp/tmUnblock.cgi'
/home/iizhaki/NodeJS/node-v0.10.33-linux-x64/bin/StartUp
/cgi-bin/authLogin.cgi
Error: Parse Error
    at Socket.socket.ondata (http.js:1970:22)
    at TCP.onread (net.js:527:27)
/manager/html
Error: ENOENT, stat '/home/iizhaki/NodeJS/node-v0.10.33-linux-x64/bin/StartUp/manager/html'
/cgi-bin/authLogin.cgi
Error: Parse Error
    at Socket.socket.ondata (http.js:1970:22)
    at TCP.onread (net.js:527:27)
/cgi-bin/authLogin.cgi
Error: Parse Error
    at Socket.socket.ondata (http.js:1970:22)
    at TCP.onread (net.js:527:27)
/cgi-bin/authLogin.cgi
Error: Parse Error
    at Socket.socket.ondata (http.js:1970:22)
    at TCP.onread (net.js:527:27)
/home/iizhaki/NodeJS/node-v0.10.33-linux-x64/bin/StartUp
/cgi-bin/authLogin.cgi
Error: Parse Error
    at Socket.socket.ondata (http.js:1970:22)
    at TCP.onread (net.js:527:27)
/cgi-bin/authLogin.cgi
Error: Parse Error
    at Socket.socket.ondata (http.js:1970:22)
    at TCP.onread (net.js:527:27)
/home/iizhaki/NodeJS/node-v0.10.33-linux-x64/bin/StartUp
/home/iizhaki/NodeJS/node-v0.10.33-linux-x64/bin/StartUp
/cgi-bin/authLogin.cgi
Error: Parse Error
    at Socket.socket.ondata (http.js:1970:22)
    at TCP.onread (net.js:527:27)
/cgi-bin/authLogin.cgi
Error: Parse Error
    at Socket.socket.ondata (http.js:1970:22)
    at TCP.onread (net.js:527:27)
/home/iizhaki/NodeJS/node-v0.10.33-linux-x64/bin/StartUp
/cgi-bin/authLogin.cgi
Error: Parse Error
    at Socket.socket.ondata (http.js:1970:22)
    at TCP.onread (net.js:527:27)
/wiki/Special:Search
Error: ENOENT, stat '/home/iizhaki/NodeJS/node-v0.10.33-linux-x64/bin/StartUp/wiki/Special:Search'
/home/iizhaki/NodeJS/node-v0.10.33-linux-x64/bin/StartUp
/testproxy.php
Error: ENOENT, stat '/home/iizhaki/NodeJS/node-v0.10.33-linux-x64/bin/StartUp/testproxy.php'
/cgi-bin/authLogin.cgi
Error: Parse Error
    at Socket.socket.ondata (http.js:1970:22)
    at TCP.onread (net.js:527:27)
/home/iizhaki/NodeJS/node-v0.10.33-linux-x64/bin/StartUp
/home/iizhaki/NodeJS/node-v0.10.33-linux-x64/bin/StartUp
/css/rs_idan.css
/css/rs.css
/js/jquery.min.js
/js/jquery-ui/jquery-ui.min.js
/js/jquery.switcher.js
/js/rs.js
/img/stem_5311_2612_0.jpg
Error: read ECONNRESET
    at errnoException (net.js:904:11)
    at TCP.onread (net.js:558:19)
/cm-11-20150323-NIGHTLY-i9100.zip
/cm-11-20150323-NIGHTLY-i9100.zip
/cm-11-20150323-NIGHTLY-i9100.zip
Error: write EPIPE
    at errnoException (net.js:904:11)
    at Object.afterWrite (net.js:720:19)
/manager/html
Error: ENOENT, stat '/home/iizhaki/NodeJS/node-v0.10.33-linux-x64/bin/StartUp/manager/html'
/cgi-bin/authLogin.cgi
Error: Parse Error
    at Socket.socket.ondata (http.js:1970:22)
    at TCP.onread (net.js:527:27)
/cgi-bin/authLogin.cgi
Error: Parse Error
    at Socket.socket.ondata (http.js:1970:22)
    at TCP.onread (net.js:527:27)
/js/jquery.min.js
/css/rs_idan.css
/cgi-bin/authLogin.cgi
Error: Parse Error
    at Socket.socket.ondata (http.js:1970:22)
    at TCP.onread (net.js:527:27)
/cgi-bin/authLogin.cgi
Error: Parse Error
    at Socket.socket.ondata (http.js:1970:22)
    at TCP.onread (net.js:527:27)
/cgi-bin/authLogin.cgi
Error: Parse Error
    at Socket.socket.ondata (http.js:1970:22)
    at TCP.onread (net.js:527:27)
/robots.txt
Error: ENOENT, stat '/home/iizhaki/NodeJS/node-v0.10.33-linux-x64/bin/StartUp/robots.txt'
/js/jquery.switcher.js
/css/rs.css
/cgi-bin/authLogin.cgi
Error: Parse Error
    at Socket.socket.ondata (http.js:1970:22)
    at TCP.onread (net.js:527:27)
/cgi-bin/authLogin.cgi
Error: Parse Error
    at Socket.socket.ondata (http.js:1970:22)
    at TCP.onread (net.js:527:27)
/cgi-bin/authLogin.cgi
Error: Parse Error
    at Socket.socket.ondata (http.js:1970:22)
    at TCP.onread (net.js:527:27)
/js/jquery-ui/jquery-ui.min.js
/js/rs.js
/home/iizhaki/NodeJS/node-v0.10.33-linux-x64/bin/StartUp
/cgi-bin/authLogin.cgi
Error: Parse Error
    at Socket.socket.ondata (http.js:1970:22)
    at TCP.onread (net.js:527:27)
/home/iizhaki/NodeJS/node-v0.10.33-linux-x64/bin/StartUp
/home/iizhaki/NodeJS/node-v0.10.33-linux-x64/bin/StartUp
/cgi-bin/authLogin.cgi
Error: Parse Error
    at Socket.socket.ondata (http.js:1970:22)
    at TCP.onread (net.js:527:27)
/home/iizhaki/NodeJS/node-v0.10.33-linux-x64/bin/StartUp
/cgi-bin/authLogin.cgi
Error: Parse Error
    at Socket.socket.ondata (http.js:1970:22)
    at TCP.onread (net.js:527:27)
/cgi-bin/authLogin.cgi
Error: Parse Error
    at Socket.socket.ondata (http.js:1970:22)
    at TCP.onread (net.js:527:27)
/cgi-bin/authLogin.cgi
Error: Parse Error
    at Socket.socket.ondata (http.js:1970:22)
    at TCP.onread (net.js:527:27)
/home/iizhaki/NodeJS/node-v0.10.33-linux-x64/bin/StartUp
/home/iizhaki/NodeJS/node-v0.10.33-linux-x64/bin/StartUp
/cgi-bin/authLogin.cgi
Error: Parse Error
    at Socket.socket.ondata (http.js:1970:22)
    at TCP.onread (net.js:527:27)
/home/iizhaki/NodeJS/node-v0.10.33-linux-x64/bin/StartUp
/home/iizhaki/NodeJS/node-v0.10.33-linux-x64/bin/StartUp
/cgi-bin/authLogin.cgi
Error: Parse Error
    at Socket.socket.ondata (http.js:1970:22)
    at TCP.onread (net.js:527:27)
/robots.txt
Error: ENOENT, stat '/home/iizhaki/NodeJS/node-v0.10.33-linux-x64/bin/StartUp/robots.txt'
/cgi-bin/authLogin.cgi
Error: Parse Error
    at Socket.socket.ondata (http.js:1970:22)
    at TCP.onread (net.js:527:27)
/cgi-bin/authLogin.cgi
Error: Parse Error
    at Socket.socket.ondata (http.js:1970:22)
    at TCP.onread (net.js:527:27)
/home/iizhaki/NodeJS/node-v0.10.33-linux-x64/bin/StartUp
/home/iizhaki/NodeJS/node-v0.10.33-linux-x64/bin/StartUp
/cgi-bin/authLogin.cgi
Error: Parse Error
    at Socket.socket.ondata (http.js:1970:22)
    at TCP.onread (net.js:527:27)
/home/iizhaki/NodeJS/node-v0.10.33-linux-x64/bin/StartUp
/css/rs.css
/home/iizhaki/NodeJS/node-v0.10.33-linux-x64/bin/StartUp
/cgi-bin/authLogin.cgi
Error: Parse Error
    at Socket.socket.ondata (http.js:1970:22)
    at TCP.onread (net.js:527:27)
/cgi-bin/authLogin.cgi
Error: Parse Error
    at Socket.socket.ondata (http.js:1970:22)
    at TCP.onread (net.js:527:27)
/cgi-bin/authLogin.cgi
Error: Parse Error
    at Socket.socket.ondata (http.js:1970:22)
    at TCP.onread (net.js:527:27)
/cgi-bin/authLogin.cgi
Error: Parse Error
    at Socket.socket.ondata (http.js:1970:22)
    at TCP.onread (net.js:527:27)
/cgi-bin/authLogin.cgi
Error: Parse Error
    at Socket.socket.ondata (http.js:1970:22)
    at TCP.onread (net.js:527:27)
/js/jquery.switcher.js
/cgi-bin/authLogin.cgi
Error: Parse Error
    at Socket.socket.ondata (http.js:1970:22)
    at TCP.onread (net.js:527:27)
/css/rs_idan.css
/home/iizhaki/NodeJS/node-v0.10.33-linux-x64/bin/StartUp
/js/rs.js
/a
Error: ENOENT, stat '/home/iizhaki/NodeJS/node-v0.10.33-linux-x64/bin/StartUp/a'
