20150510T230400	Image by Idan_20150510T230333:	./photos/group_4/img_ref_3_80_1081_504_105.png	blue
20150510T230400	Image by Idan_20150510T230333:	./photos/group_4/ref_3_201_1174_629_105.png	blue
20150510T230401	Image by Idan_20150510T230333:	./photos/group_4/ref_3_158_1082_558_104.png	blue
20150510T230401	Image by Idan_20150510T230333:	./photos/group_4/ref_3_155_1124_556_131.png	blue
20150510T230403	Image by Idan_20150510T230333:	./photos/group_4/ref_3_116_1104_529_109.png	blue
20150510T230404	Image by Idan_20150510T230333:	./photos/group_4/ref_2_1201_2180_1103_74.png	blue
20150510T230405	Image by Idan_20150510T230333:	./photos/group_4/ref_2_1100_2132_1054_75.png	blue
20150510T230408	Image by Idan_20150510T230333:	./photos/group_4/ref_3_268_466_660_75.png	blue
20150510T230408	Image by Idan_20150510T230333:	./photos/group_4/ref_3_342_1154_706_79.png	blue
20150510T230409	Image by Idan_20150510T230333:	./photos/group_4/img_ref_2_826_1788_907_75.png	red
20150510T230409	Image by Idan_20150510T230333:	./photos/group_4/img_ref_3_80_1081_504_105.png	uncheck blue
20150510T230410	Image by Idan_20150510T230333:	./photos/group_4/ref_2_876_1935_954_74.png	red
20150510T230410	Image by Idan_20150510T230333:	./photos/group_4/ref_2_781_1984_904_76.png	red
20150510T230410	Image by Idan_20150510T230333:	./photos/group_4/ref_2_997_1985_1004_75.png	red
20150510T230411	Image by Idan_20150510T230333:	./photos/group_4/ref_2_998_2034_1005_74.png	red
20150510T230411	Image by Idan_20150510T230333:	./photos/group_4/ref_2_1164_2082_1102_74.png	red
20150510T230411	Image by Idan_20150510T230333:	./photos/group_4/ref_2_911_2034_954_74.png	red
20150510T230412	Image by Idan_20150510T230333:	./photos/group_4/ref_2_875_1836_956_76.png	red
20150510T230412	Image by Idan_20150510T230333:	./photos/group_4/ref_2_910_1984_954_74.png	red
20150510T230412	Image by Idan_20150510T230333:	./photos/group_4/ref_2_1065_1936_1054_76.png	red
20150510T230413	Image by Idan_20150510T230333:	./photos/group_4/img_ref_3_80_1081_504_105.png	blue
20150510T230413	Image by Idan_20150510T230333:	./photos/group_4/img_ref_2_826_1788_907_75.png	uncheck red
20150510T230413	Image by Idan_20150510T230333:	./photos/group_4/ref_3_111_1063_504_87.png	blue
20150510T230414	Image by Idan_20150510T230333:	./photos/group_4/img_ref_2_826_1788_907_75.png	red
20150510T230414	Image by Idan_20150510T230333:	./photos/group_4/img_ref_3_80_1081_504_105.png	uncheck blue
20150510T230415	Image by Idan_20150510T230333:	./photos/group_4/ref_2_995_1886_1004_74.png	red
20150510T230415	Image by Idan_20150510T230333:	./photos/group_4/ref_2_1067_2034_1054_74.png	red
20150510T230415	Image by Idan_20150510T230333:	./photos/group_4/ref_2_848_1886_906_75.png	red
20150510T230416	Image by Idan_20150510T230333:	./photos/group_4/ref_2_827_1836_907_77.png	red
20150510T230416	Image by Idan_20150510T230333:	./photos/group_4/ref_2_996_1936_1004_75.png	red
20150510T230416	Image by Idan_20150510T230333:	./photos/group_4/ref_2_1066_1985_1054_75.png	red
20150510T230417	Image by Idan_20150510T230333:	./photos/group_4/ref_2_829_2034_904_76.png	red
20150510T230418	Image by Idan_20150510T230333:	./photos/group_4/ref_2_1064_1886_1054_74.png	red
20150510T230418	Image by Idan_20150510T230333:	./photos/group_4/ref_2_830_2082_906_74.png	red
20150510T230418	Image by Idan_20150510T230333:	./photos/group_4/ref_2_912_2082_955_74.png	red
20150510T230419	Image by Idan_20150510T230333:	./photos/group_4/ref_2_913_2132_955_74.png	red
20150510T230419	Image by Idan_20150510T230333:	./photos/group_4/ref_2_1000_2132_1004_74.png	red
20150510T230419	Image by Idan_20150510T230333:	./photos/group_4/ref_2_1199_1986_1102_74.png	red
20150510T230419	Image by Idan_20150510T230333:	./photos/group_4/ref_2_999_2083_1005_74.png	red
Submitted by Idan_20150510T230333:	
*******************************

20150510T230525	Image by Idan_20150510T230515:	./photos/group_4/img_ref_3_80_1081_504_105.png	blue
20150510T230526	Image by Idan_20150510T230515:	./photos/group_4/ref_2_829_2034_904_76.png	blue
20150510T230526	Image by Idan_20150510T230515:	./photos/group_4/ref_2_998_2034_1005_74.png	blue
20150510T230526	Image by Idan_20150510T230515:	./photos/group_4/ref_2_848_1886_906_75.png	blue
20150510T230526	Image by Idan_20150510T230515:	./photos/group_4/ref_3_342_1154_706_79.png	blue
20150510T230527	Image by Idan_20150510T230515:	./photos/group_4/ref_3_268_466_660_75.png	blue
20150510T230527	Image by Idan_20150510T230515:	./photos/group_4/ref_2_1199_1986_1102_74.png	blue
20150510T230527	Image by Idan_20150510T230515:	./photos/group_4/ref_2_1000_2132_1004_74.png	blue
20150510T230528	Image by Idan_20150510T230515:	./photos/group_4/ref_2_1065_1936_1054_76.png	blue
20150510T230528	Image by Idan_20150510T230515:	./photos/group_4/ref_2_911_2034_954_74.png	blue
20150510T230528	Image by Idan_20150510T230515:	./photos/group_4/ref_2_1164_2082_1102_74.png	blue
20150510T230528	Image by Idan_20150510T230515:	./photos/group_4/ref_2_876_1935_954_74.png	blue
20150510T230529	Image by Idan_20150510T230515:	./photos/group_4/ref_3_201_1174_629_105.png	blue
20150510T230529	Image by Idan_20150510T230515:	./photos/group_4/ref_3_158_1082_558_104.png	blue
20150510T230529	Image by Idan_20150510T230515:	./photos/group_4/ref_2_830_2082_906_74.png	blue
20150510T230530	Image by Idan_20150510T230515:	./photos/group_4/ref_3_111_1063_504_87.png	blue
20150510T230530	Image by Idan_20150510T230515:	./photos/group_4/ref_3_116_1104_529_109.png	blue
20150510T230530	Image by Idan_20150510T230515:	./photos/group_4/ref_2_1066_1985_1054_75.png	blue
20150510T230530	Image by Idan_20150510T230515:	./photos/group_4/ref_2_1201_2180_1103_74.png	blue
20150510T230530	Image by Idan_20150510T230515:	./photos/group_4/ref_2_910_1984_954_74.png	blue
20150510T230531	Image by Idan_20150510T230515:	./photos/group_4/ref_3_155_1124_556_131.png	blue
20150510T230533	Image by Idan_20150510T230515:	./photos/group_4/ref_2_827_1836_907_77.png	blue
20150510T230533	Image by Idan_20150510T230515:	./photos/group_4/ref_2_912_2082_955_74.png	blue
20150510T230533	Image by Idan_20150510T230515:	./photos/group_4/ref_2_1064_1886_1054_74.png	blue
20150510T230534	Image by Idan_20150510T230515:	./photos/group_4/ref_2_1100_2132_1054_75.png	blue
20150510T230534	Image by Idan_20150510T230515:	./photos/group_4/ref_2_913_2132_955_74.png	blue
20150510T230534	Image by Idan_20150510T230515:	./photos/group_4/ref_2_1067_2034_1054_74.png	blue
20150510T230534	Image by Idan_20150510T230515:	./photos/group_4/ref_2_996_1936_1004_75.png	blue
20150510T230535	Image by Idan_20150510T230515:	./photos/group_4/ref_2_781_1984_904_76.png	blue
20150510T230535	Image by Idan_20150510T230515:	./photos/group_4/ref_2_999_2083_1005_74.png	blue
20150510T230535	Image by Idan_20150510T230515:	./photos/group_4/ref_2_875_1836_956_76.png	blue
20150510T230535	Image by Idan_20150510T230515:	./photos/group_4/ref_2_997_1985_1004_75.png	blue
20150510T230536	Image by Idan_20150510T230515:	./photos/group_4/ref_2_995_1886_1004_74.png	blue
Submitted by Idan_20150510T230515:	
*******************************

20150510T230618	Image by Idan_20150510T230555:	./photos/group_4/img_ref_2_826_1788_907_75.png	red
20150510T230619	Image by Idan_20150510T230555:	./photos/group_4/ref_2_997_1985_1004_75.png	red
20150510T230619	Image by Idan_20150510T230555:	./photos/group_4/ref_2_912_2082_955_74.png	red
20150510T230619	Image by Idan_20150510T230555:	./photos/group_4/ref_2_913_2132_955_74.png	red
20150510T230620	Image by Idan_20150510T230555:	./photos/group_4/ref_3_342_1154_706_79.png	red
20150510T230621	Image by Idan_20150510T230555:	./photos/group_4/ref_2_1199_1986_1102_74.png	red
20150510T230621	Image by Idan_20150510T230555:	./photos/group_4/ref_2_1100_2132_1054_75.png	red
20150510T230621	Image by Idan_20150510T230555:	./photos/group_4/ref_2_875_1836_956_76.png	red
20150510T230621	Image by Idan_20150510T230555:	./photos/group_4/ref_3_201_1174_629_105.png	red
20150510T230622	Image by Idan_20150510T230555:	./photos/group_4/ref_3_155_1124_556_131.png	red
20150510T230622	Image by Idan_20150510T230555:	./photos/group_4/ref_2_830_2082_906_74.png	red
20150510T230622	Image by Idan_20150510T230555:	./photos/group_4/ref_2_1164_2082_1102_74.png	red
20150510T230623	Image by Idan_20150510T230555:	./photos/group_4/ref_2_1201_2180_1103_74.png	red
20150510T230623	Image by Idan_20150510T230555:	./photos/group_4/ref_2_1000_2132_1004_74.png	red
20150510T230623	Image by Idan_20150510T230555:	./photos/group_4/ref_2_1066_1985_1054_75.png	red
20150510T230623	Image by Idan_20150510T230555:	./photos/group_4/ref_2_1065_1936_1054_76.png	red
20150510T230624	Image by Idan_20150510T230555:	./photos/group_4/ref_2_1064_1886_1054_74.png	red
20150510T230639	Image by Idan_20150510T230555:	./photos/group_4/img_ref_3_80_1081_504_105.png	blue
20150510T230639	Image by Idan_20150510T230555:	./photos/group_4/img_ref_2_826_1788_907_75.png	uncheck red
20150510T230640	Image by Idan_20150510T230555:	./photos/group_4/ref_3_268_466_660_75.png	blue
Submitted by Idan_20150510T230555:	
*******************************

Submitted by Idan_20150510T231018:	
*******************************

Submitted by Idan_20150510T231354:	
*******************************

Submitted by Idan_20150513T124708:	
*******************************

