20150430T215523	Image by Idan_20150430T215506:	./photos/group_5/img_ref_1_493_2881_892_53.png	blue
20150430T215524	Image by Idan_20150430T215506:	./photos/group_5/ref_1_599_4458_990_91.png	blue
Submitted by Idan_20150430T215506:	
*******************************

20150430T223439	Image by Idan_20150430T223358:	./photos/group_5/img_ref_0_155_551_462_69.png	red
20150430T223440	Image by Idan_20150430T223358:	./photos/group_5/ref_1_599_4458_990_129.png	red
Submitted by Idan_20150430T223358:	
*******************************

Submitted by Idan_20150501T014719:	
*******************************

Submitted by Idan_20150501T023128:	
*******************************

Submitted by Idan_20150501T023535:	
*******************************

Submitted by Idan_20150501T103214:	
*******************************

20150501T104855	Image by Yoav Freund_20150501T103956:	./photos/group_15/img_ref_0_1329_2882_1209_67.png	red
20150501T104856	Image by Yoav Freund_20150501T103956:	./photos/group_15/ref_0_1329_2882_1209_67.png	red
20150501T104902	Image by Yoav Freund_20150501T103956:	./photos/group_15/ref_0_1264_2838_1209_67.png	red
20150501T104903	Image by Yoav Freund_20150501T103956:	./photos/group_15/ref_0_1328_2795_1209_67.png	red
20150501T104909	Image by Yoav Freund_20150501T103956:	./photos/group_15/img_ref_1_2124_1659_1760_78.png	blue
20150501T104909	Image by Yoav Freund_20150501T103956:	./photos/group_15/img_ref_0_1329_2882_1209_67.png	uncheck red
20150501T104918	Image by Yoav Freund_20150501T103956:	./photos/group_15/img_ref_0_1329_2882_1209_67.png	red
20150501T104918	Image by Yoav Freund_20150501T103956:	./photos/group_15/img_ref_1_2124_1659_1760_78.png	uncheck blue
20150501T104920	Image by Yoav Freund_20150501T103956:	./photos/group_15/ref_0_1331_2970_1210_66.png	red
20150501T104922	Image by Yoav Freund_20150501T103956:	./photos/group_15/ref_0_1332_3014_1210_66.png	red
20150501T104924	Image by Yoav Freund_20150501T103956:	./photos/group_15/ref_1_2258_1816_1859_82.png	red
20150501T104932	Image by Yoav Freund_20150501T103956:	./photos/group_15/img_ref_1_2124_1659_1760_78.png	blue
20150501T104932	Image by Yoav Freund_20150501T103956:	./photos/group_15/img_ref_0_1329_2882_1209_67.png	uncheck red
20150501T104941	Image by Yoav Freund_20150501T103956:	./photos/group_15/ref_0_1326_2706_1210_66.png	blue
20150501T104942	Image by Yoav Freund_20150501T103956:	./photos/group_15/ref_0_1325_2662_1210_66.png	blue
20150501T104943	Image by Yoav Freund_20150501T103956:	./photos/group_15/ref_1_2124_1659_1760_78.png	blue
20150501T104955	Image by Yoav Freund_20150501T103956:	./photos/group_15/img_ref_0_1329_2882_1209_67.png	red
20150501T104955	Image by Yoav Freund_20150501T103956:	./photos/group_15/img_ref_1_2124_1659_1760_78.png	uncheck blue
20150501T104957	Image by Yoav Freund_20150501T103956:	./photos/group_15/ref_1_2394_1708_1915_79.png	red
20150501T104958	Image by Yoav Freund_20150501T103956:	./photos/group_15/ref_1_2307_1710_1861_78.png	red
20150501T104959	Image by Yoav Freund_20150501T103956:	./photos/group_15/ref_1_2306_1658_1862_77.png	red
Submitted by Yoav Freund_20150501T103956:	
*******************************

Submitted by Idan_20150507T002720:	
*******************************

Submitted by Idan_20150507T160908:	
*******************************

Submitted by Idan_20150507T161039:	
*******************************

Submitted by Idan_20150507T170914:	
*******************************

Submitted by Idan_20150508T165926:	
*******************************

Submitted by Idan_20150508T171225:	
*******************************

Submitted by Idan_20150508T172114:	
*******************************

Submitted by Idan_20150508T180709:	
*******************************

Submitted by Idan_20150508T181712:	
*******************************

Submitted by Idan_20150508T183738:	
*******************************

Submitted by Idan_20150508T183921:	
*******************************

Submitted by Idan_20150508T190030:	
*******************************

