20150509T171447	Image by Idan_20150509T170352:	./photos/group_46/img_ref_2_826_1788_907_75.png	blue
20150509T171449	Image by Idan_20150509T170352:	./photos/group_46/ref_2_829_2034_904_76.png	blue
20150509T171450	Image by Idan_20150509T170352:	./photos/group_46/ref_2_793_2132_906_74.png	blue
20150509T171450	Image by Idan_20150509T170352:	./photos/group_46/ref_2_848_1886_906_75.png	blue
20150509T171450	Image by Idan_20150509T170352:	./photos/group_46/ref_2_830_2082_906_74.png	blue
20150509T171451	Image by Idan_20150509T170352:	./photos/group_46/ref_2_876_1935_954_74.png	blue
20150509T171451	Image by Idan_20150509T170352:	./photos/group_46/ref_2_827_1836_907_77.png	blue
20150509T171451	Image by Idan_20150509T170352:	./photos/group_46/ref_2_998_2034_1005_74.png	blue
20150509T171452	Image by Idan_20150509T170352:	./photos/group_46/ref_2_997_1985_1004_75.png	blue
20150509T171452	Image by Idan_20150509T170352:	./photos/group_46/ref_2_996_1936_1004_75.png	blue
20150509T171452	Image by Idan_20150509T170352:	./photos/group_46/ref_2_781_1984_904_76.png	blue
20150509T171452	Image by Idan_20150509T170352:	./photos/group_46/ref_2_912_2082_955_74.png	blue
20150509T171453	Image by Idan_20150509T170352:	./photos/group_46/ref_2_995_1886_1004_74.png	blue
20150509T171453	Image by Idan_20150509T170352:	./photos/group_46/ref_2_913_2132_955_74.png	blue
20150509T171453	Image by Idan_20150509T170352:	./photos/group_46/ref_2_910_1984_954_74.png	blue
20150509T171453	Image by Idan_20150509T170352:	./photos/group_46/ref_2_875_1836_956_76.png	blue
20150509T171454	Image by Idan_20150509T170352:	./photos/group_46/ref_2_911_2034_954_74.png	blue
20150509T171454	Image by Idan_20150509T170352:	./photos/group_46/img_ref_0_3115_652_1978_96.png	red
20150509T171454	Image by Idan_20150509T170352:	./photos/group_46/img_ref_2_826_1788_907_75.png	uncheck blue
20150509T171455	Image by Idan_20150509T170352:	./photos/group_46/ref_0_3600_584_2188_77.png	red
20150509T171455	Image by Idan_20150509T170352:	./photos/group_46/ref_0_3313_608_2040_95.png	red
20150509T171455	Image by Idan_20150509T170352:	./photos/group_46/ref_0_3553_636_2140_73.png	red
20150509T171455	Image by Idan_20150509T170352:	./photos/group_46/ref_0_3532_585_2138_76.png	red
20150509T171456	Image by Idan_20150509T170352:	./photos/group_46/ref_0_3593_571_2164_101.png	red
20150509T171456	Image by Idan_20150509T170352:	./photos/group_46/ref_0_3214_630_1980_88.png	red
20150509T171456	Image by Idan_20150509T170352:	./photos/group_46/ref_0_3415_587_2087_80.png	red
20150509T171456	Image by Idan_20150509T170352:	./photos/group_46/ref_0_3531_546_2160_105.png	red
20150509T171457	Image by Idan_20150509T170352:	./photos/group_46/ref_0_3426_636_2093_73.png	red
20150509T171457	Image by Idan_20150509T170352:	./photos/group_46/ref_0_3306_568_2066_101.png	red
20150509T171457	Image by Idan_20150509T170352:	./photos/group_46/ref_0_3405_568_2090_93.png	red
20150509T171458	Image by Idan_20150509T170352:	./photos/group_46/ref_0_3402_546_2110_103.png	red
20150509T171458	Image by Idan_20150509T170352:	./photos/group_46/ref_0_3140_766_1956_70.png	red
20150509T171458	Image by Idan_20150509T170352:	./photos/group_46/ref_0_3316_630_2040_76.png	red
20150509T171458	Image by Idan_20150509T170352:	./photos/group_46/ref_0_3210_674_1978_91.png	red
20150509T171459	Image by Idan_20150509T170352:	./photos/group_46/ref_0_3502_568_2134_93.png	red
Submitted by Idan_20150509T170352:	
*******************************

