20150430T215246	Image by Idan_20150430T215244:	./photos/group_10/img_ref_1_2716_586_2117_55.png	blue
20150430T215247	Image by Idan_20150430T215244:	./photos/group_10/ref_1_2957_445_2323_94.png	blue
20150430T215247	Image by Idan_20150430T215244:	./photos/group_10/ref_1_2957_445_2323_94.png	uncheck blue
20150430T215247	Image by Idan_20150430T215244:	./photos/group_10/ref_1_2957_445_2323_94.png	blue
20150430T215248	Image by Idan_20150430T215244:	./photos/group_10/ref_1_2957_445_2323_94.png	uncheck blue
20150430T215248	Image by Idan_20150430T215244:	./photos/group_10/ref_1_2957_445_2323_94.png	blue
20150430T215248	Image by Idan_20150430T215244:	./photos/group_10/ref_1_2957_445_2323_94.png	uncheck blue
20150430T215248	Image by Idan_20150430T215244:	./photos/group_10/ref_1_2957_445_2323_94.png	blue
20150430T215249	Image by Idan_20150430T215244:	./photos/group_10/ref_1_2957_445_2323_94.png	uncheck blue
20150430T215250	Image by Idan_20150430T215244:	./photos/group_10/ref_1_2957_445_2323_94.png	blue
20150430T215250	Image by Idan_20150430T215244:	./photos/group_10/ref_1_2957_445_2323_94.png	uncheck blue
20150430T215250	Image by Idan_20150430T215244:	./photos/group_10/ref_1_2957_445_2323_94.png	blue
20150430T215250	Image by Idan_20150430T215244:	./photos/group_10/ref_1_2957_445_2323_94.png	uncheck blue
20150430T215250	Image by Idan_20150430T215244:	./photos/group_10/ref_1_2957_445_2323_94.png	blue
20150430T215250	Image by Idan_20150430T215244:	./photos/group_10/ref_1_2957_445_2323_94.png	uncheck blue
20150430T215251	Image by Idan_20150430T215244:	./photos/group_10/ref_1_2957_445_2323_94.png	blue
20150430T215251	Image by Idan_20150430T215244:	./photos/group_10/ref_1_2957_445_2323_94.png	uncheck blue
20150430T215251	Image by Idan_20150430T215244:	./photos/group_10/ref_1_2957_445_2323_94.png	blue
20150430T215252	Image by Idan_20150430T215244:	./photos/group_10/ref_1_2957_445_2323_94.png	uncheck blue
20150430T215252	Image by Idan_20150430T215244:	./photos/group_10/ref_1_2957_445_2323_94.png	blue
20150430T215252	Image by Idan_20150430T215244:	./photos/group_10/ref_1_2957_445_2323_94.png	uncheck blue
20150430T215252	Image by Idan_20150430T215244:	./photos/group_10/ref_1_2957_445_2323_94.png	blue
20150430T215252	Image by Idan_20150430T215244:	./photos/group_10/ref_1_2957_445_2323_94.png	uncheck blue
20150430T215253	Image by Idan_20150430T215244:	./photos/group_10/ref_1_2957_445_2323_94.png	blue
20150430T215253	Image by Idan_20150430T215244:	./photos/group_10/ref_1_2957_445_2323_94.png	uncheck blue
20150430T215253	Image by Idan_20150430T215244:	./photos/group_10/ref_1_2775_612_2173_73.png	blue
20150430T215254	Image by Idan_20150430T215244:	./photos/group_10/ref_1_2776_665_2147_75.png	blue
20150430T215254	Image by Idan_20150430T215244:	./photos/group_10/ref_1_2751_3957_2119_61.png	blue
20150430T215254	Image by Idan_20150430T215244:	./photos/group_10/ref_1_2776_665_2147_75.png	uncheck blue
20150430T215255	Image by Idan_20150430T215244:	./photos/group_10/img_ref_1_2716_586_2117_55.png	uncheck blue
20150430T215255	Image by Idan_20150430T215244:	./photos/group_10/img_ref_0_200_598_507_50.png	red
20150430T215255	Image by Idan_20150430T215244:	./photos/group_10/ref_1_2832_539_2223_59.png	red
20150430T215256	Image by Idan_20150430T215244:	./photos/group_10/ref_1_2919_1607_2270_55.png	red
20150430T215256	Image by Idan_20150430T215244:	./photos/group_10/ref_1_2776_665_2147_75.png	red
20150430T215256	Image by Idan_20150430T215244:	./photos/group_10/ref_1_2919_1607_2270_55.png	uncheck red
Submitted by Idan_20150430T215244:	
*******************************

20150430T215508	Image by Idan_20150430T215506:	./photos/group_10/img_ref_1_2716_586_2117_55.png	blue
20150430T215508	Image by Idan_20150430T215506:	./photos/group_10/ref_1_2958_791_2315_60.png	blue
20150430T215508	Image by Idan_20150430T215506:	./photos/group_10/ref_1_2958_791_2315_60.png	uncheck blue
20150430T215509	Image by Idan_20150430T215506:	./photos/group_10/ref_1_2958_791_2315_60.png	blue
20150430T215509	Image by Idan_20150430T215506:	./photos/group_10/ref_1_2958_791_2315_60.png	uncheck blue
20150430T215509	Image by Idan_20150430T215506:	./photos/group_10/ref_1_2958_791_2315_60.png	blue
20150430T215510	Image by Idan_20150430T215506:	./photos/group_10/ref_1_2832_539_2223_59.png	blue
Submitted by Idan_20150430T215506:	
*******************************

20150430T221024	Image by Idan_20150430T221015:	./photos/group_10/img_ref_1_2716_586.0_2118.0_156.png	blue
20150430T221024	Image by Idan_20150430T221015:	./photos/group_10/ref_1_3008_788.0_2346.0_233.png	blue
20150430T221026	Image by Idan_20150430T221015:	./photos/group_10/ref_1_2957_445.0_2323.0_268.png	blue
20150430T221027	Image by Idan_20150430T221015:	./photos/group_10/img_ref_0_200_598.0_508.0_142.png	red
20150430T221027	Image by Idan_20150430T221015:	./photos/group_10/img_ref_1_2716_586.0_2118.0_156.png	uncheck blue
20150430T221028	Image by Idan_20150430T221015:	./photos/group_10/ref_1_2752_4057.0_2120.0_272.png	red
Submitted by Idan_20150430T221015:	
*******************************

20150430T221556	Image by Idan_20150430T221552:	./photos/group_10/img_ref_1_2716_586_2118_156.png	blue
20150430T221557	Image by Idan_20150430T221552:	./photos/group_10/ref_1_2957_445_2323_268.png	blue
20150430T221559	Image by Idan_20150430T221552:	./photos/group_10/img_ref_0_200_598_508_142.png	red
20150430T221559	Image by Idan_20150430T221552:	./photos/group_10/img_ref_1_2716_586_2118_156.png	uncheck blue
20150430T221601	Image by Idan_20150430T221552:	./photos/group_10/ref_1_2752_4057_2120_272.png	red
20150430T221602	Image by Idan_20150430T221552:	./photos/group_10/ref_1_2999_474_2320_196.png	red
20150430T221603	Image by Idan_20150430T221552:	./photos/group_10/ref_1_2718_690_2122_169.png	red
20150430T221604	Image by Idan_20150430T221552:	./photos/group_10/img_ref_1_2716_586_2118_156.png	blue
20150430T221604	Image by Idan_20150430T221552:	./photos/group_10/img_ref_0_200_598_508_142.png	uncheck red
20150430T221605	Image by Idan_20150430T221552:	./photos/group_10/ref_1_2931_568_2243_216.png	blue
20150430T221606	Image by Idan_20150430T221552:	./photos/group_10/ref_1_2856_1607_2218_162.png	blue
Submitted by Idan_20150430T221552:	
*******************************

20150430T222139	Image by Idan_20150430T222134:	./photos/group_10/ref_1_2999_474_2320_98.png	red
20150430T222139	Image by Idan_20150430T222134:	./photos/group_10/img_ref_0_200_598_508_71.png	red
20150430T222140	Image by Idan_20150430T222134:	./photos/group_10/img_ref_1_2716_586_2118_78.png	blue
20150430T222140	Image by Idan_20150430T222134:	./photos/group_10/img_ref_0_200_598_508_71.png	uncheck red
20150430T222143	Image by Idan_20150430T222134:	./photos/group_10/ref_1_2957_445_2323_134.png	blue
20150430T222143	Image by Idan_20150430T222134:	./photos/group_10/ref_1_2776_666_2148_107.png	blue
Submitted by Idan_20150430T222134:	
*******************************

20150430T223402	Image by Idan_20150430T223358:	./photos/group_10/img_ref_0_200_598_508_71.png	red
20150430T223403	Image by Idan_20150430T223358:	./photos/group_10/ref_1_3008_788_2346_116.png	red
20150430T223404	Image by Idan_20150430T223358:	./photos/group_10/img_ref_1_2716_586_2118_78.png	blue
20150430T223404	Image by Idan_20150430T223358:	./photos/group_10/img_ref_0_200_598_508_71.png	uncheck red
20150430T223405	Image by Idan_20150430T223358:	./photos/group_10/ref_1_2931_568_2243_108.png	blue
20150430T223406	Image by Idan_20150430T223358:	./photos/group_10/img_ref_0_200_598_508_71.png	red
20150430T223406	Image by Idan_20150430T223358:	./photos/group_10/img_ref_1_2716_586_2118_78.png	uncheck blue
20150430T223407	Image by Idan_20150430T223358:	./photos/group_10/ref_1_2776_666_2148_107.png	red
20150430T223408	Image by Idan_20150430T223358:	./photos/group_10/img_ref_1_2716_586_2118_78.png	blue
20150430T223408	Image by Idan_20150430T223358:	./photos/group_10/img_ref_0_200_598_508_71.png	uncheck red
20150430T223409	Image by Idan_20150430T223358:	./photos/group_10/ref_1_2957_445_2323_134.png	blue
Submitted by Idan_20150430T223358:	
*******************************

Submitted by Idan_20150501T014719:	
*******************************

Submitted by Idan_20150501T023128:	
*******************************

Submitted by Idan_20150501T023535:	
*******************************

Submitted by Idan_20150501T103214:	
*******************************

20150501T103901	Image by Idan_20150501T103447:	./photos/group_10/img_ref_0_1264_2838_1209_67.png	red
20150501T103902	Image by Idan_20150501T103447:	./photos/group_10/ref_0_1264_2838_1209_67.png	red
20150501T103903	Image by Idan_20150501T103447:	./photos/group_10/ref_0_1329_2882_1209_67.png	red
20150501T103904	Image by Idan_20150501T103447:	./photos/group_10/ref_0_1328_2795_1209_67.png	red
20150501T103905	Image by Idan_20150501T103447:	./photos/group_10/ref_1_2124_1659_1760_78.png	red
20150501T103908	Image by Idan_20150501T103447:	./photos/group_10/ref_1_2124_1659_1760_78.png	uncheck red
20150501T103909	Image by Idan_20150501T103447:	./photos/group_10/img_ref_1_2124_1659_1760_78.png	blue
20150501T103909	Image by Idan_20150501T103447:	./photos/group_10/img_ref_0_1264_2838_1209_67.png	uncheck red
20150501T104116	Image by Yoav Freund_20150501T103956:	./photos/group_10/img_ref_1_2124_1659_1760_78.png	blue
20150501T104136	Image by Yoav Freund_20150501T103956:	./photos/group_10/ref_1_2035_1607_1708_77.png	blue
20150501T104138	Image by Yoav Freund_20150501T103956:	./photos/group_10/ref_1_2124_1659_1760_78.png	blue
20150501T104144	Image by Yoav Freund_20150501T103956:	./photos/group_10/img_ref_0_1264_2838_1209_67.png	red
20150501T104144	Image by Yoav Freund_20150501T103956:	./photos/group_10/img_ref_1_2124_1659_1760_78.png	uncheck blue
20150501T104146	Image by Yoav Freund_20150501T103956:	./photos/group_10/ref_0_1328_2795_1209_67.png	red
20150501T104147	Image by Yoav Freund_20150501T103956:	./photos/group_10/ref_0_1264_2838_1209_67.png	red
20150501T104148	Image by Yoav Freund_20150501T103956:	./photos/group_10/ref_0_1329_2882_1209_67.png	red
20150501T104152	Image by Yoav Freund_20150501T103956:	./photos/group_10/ref_1_2302_1452_1862_77.png	red
20150501T104154	Image by Yoav Freund_20150501T103956:	./photos/group_10/ref_1_2394_1708_1915_79.png	red
Submitted by Yoav Freund_20150501T103956:	
*******************************

Submitted by Idan_20150502T194758:	
*******************************

Submitted by Idan_20150502T194845:	
*******************************

Submitted by Idan_20150506T182219:	
*******************************

20150506T183326	Image by Idan_20150506T183321:	./photos/group_10/img_ref_0_1264_2838_1209_67.png	red
20150506T183328	Image by Idan_20150506T183321:	./photos/group_10/ref_0_1438_2970_1254_66.png	red
20150506T183329	Image by Idan_20150506T183321:	./photos/group_10/ref_0_1327_2751_1210_67.png	red
20150506T183335	Image by Idan_20150506T183321:	./photos/group_10/img_ref_1_2124_1659_1760_78.png	blue
20150506T183335	Image by Idan_20150506T183321:	./photos/group_10/img_ref_0_1264_2838_1209_67.png	uncheck red
20150506T183336	Image by Idan_20150506T183321:	./photos/group_10/ref_0_1325_2662_1210_66.png	blue
20150506T183352	Image by Idan_20150506T183350:	./photos/group_10/img_ref_0_1264_2838_1209_67.png	red
20150506T183353	Image by Idan_20150506T183350:	./photos/group_10/ref_1_2124_1659_1760_78.png	red
20150506T183354	Image by Idan_20150506T183350:	./photos/group_10/ref_0_1437_2926_1254_66.png	red
Submitted by Idan_20150507T002552:	
*******************************

Submitted by Idan_20150507T002608:	
*******************************

Submitted by Idan_20150507T002720:	
*******************************

Submitted by Idan_20150507T003151:	
*******************************

Submitted by Idan_20150507T154923:	
*******************************

Submitted by Idan_20150507T160227:	
*******************************

Submitted by Idan_20150507T160908:	
*******************************

Submitted by Idan_20150507T160948:	
*******************************

Submitted by Idan_20150507T161039:	
*******************************

Submitted by Idan_20150507T164220:	
*******************************

20150507T164347	Image by Idan_20150507T164342:	./photos/group_10/img_ref_0_1329_2882_1209_67.png	red
20150507T164348	Image by Idan_20150507T164342:	./photos/group_10/ref_0_1441_3102_1254_66.png	red
Submitted by Idan_20150507T164342:	
*******************************

Submitted by Idan_20150507T164445:	
*******************************

20150507T164518	Image by Idan_20150507T164512:	./photos/group_10/img_ref_1_2124_1659_1760_78.png	blue
20150507T164519	Image by Idan_20150507T164512:	./photos/group_10/ref_0_1326_2706_1210_66.png	blue
Submitted by Idan_20150507T164512:	
*******************************

Submitted by Idan_20150507T165850:	
*******************************

20150507T170208	Image by Idan_20150507T170204:	./photos/group_10/img_ref_1_2124_1659_1760_78.png	blue
20150507T170209	Image by Idan_20150507T170204:	./photos/group_10/ref_0_1433_2750_1254_66.png	blue
Submitted by Idan_20150507T170204:	
*******************************

Submitted by Idan_20150507T170326:	
*******************************

Submitted by Idan_20150507T170414:	
*******************************

Submitted by Idan_20150507T170430:	
*******************************

Submitted by Idan_20150507T170447:	
*******************************

Submitted by Idan_20150507T170454:	
*******************************

Submitted by Idan_20150507T170839:	
*******************************

Submitted by Idan_20150507T170902:	
*******************************

Submitted by Idan_20150507T170914:	
*******************************

Submitted by Idan_20150508T165926:	
*******************************

Submitted by Idan_20150508T170822:	
*******************************

Submitted by Idan_20150508T171133:	
*******************************

Submitted by Idan_20150508T171153:	
*******************************

Submitted by Idan_20150508T171225:	
*******************************

20150508T171457	Image by Idan_20150508T171455:	./photos/group_1/img_ref_0_3057_696_1935_95.png	red
20150508T171458	Image by Idan_20150508T171455:	./photos/group_1/ref_0_3531_546_2160_105.png	red
20150508T171459	Image by Idan_20150508T171455:	./photos/group_1/ref_0_3214_630_1980_88.png	red
20150508T171500	Image by Idan_20150508T171455:	./photos/group_1/ref_0_3210_674_1978_91.png	red
20150508T171501	Image by Idan_20150508T171455:	./photos/group_1/ref_0_3402_546_2110_103.png	red
20150508T171502	Image by Idan_20150508T171455:	./photos/group_1/ref_0_3313_608_2040_95.png	red
20150508T171504	Image by Idan_20150508T171455:	./photos/group_1/ref_0_3405_568_2090_93.png	red
Submitted by Idan_20150508T171455:	
*******************************

Submitted by Idan_20150508T171733:	
*******************************

Submitted by Idan_20150508T171751:	
*******************************

Submitted by Idan_20150508T171835:	
*******************************

Submitted by Idan_20150508T172114:	
*******************************

Submitted by Idan_20150508T175036:	
*******************************

Submitted by Idan_20150508T175240:	
*******************************

Submitted by Idan_20150508T180709:	
*******************************

Submitted by Idan_20150508T181006:	
*******************************

Submitted by Idan_20150508T181054:	
*******************************

Submitted by Idan_20150508T181240:	
*******************************

Submitted by Idan_20150508T181346:	
*******************************

Submitted by Idan_20150508T181520:	
*******************************

Submitted by Idan_20150508T181618:	
*******************************

Submitted by Idan_20150508T181712:	
*******************************

Submitted by Idan_20150508T182515:	
*******************************

Submitted by Idan_20150508T182821:	
*******************************

Submitted by Idan_20150508T183434:	
*******************************

Submitted by Idan_20150508T183738:	
*******************************

Submitted by Idan_20150508T183900:	
*******************************

Submitted by Idan_20150508T183921:	
*******************************

Submitted by null_20150508T185944:	
*******************************

Submitted by null_20150508T190002:	
*******************************

Submitted by Idan_20150508T190015:	
*******************************

Submitted by Idan_20150508T190030:	
*******************************

Submitted by Idan_20150508T190042:	
*******************************

