20150510T230435	Image by Idan_20150510T230333:	./photos/group_5/img_ref_3_166_1833_560_82.png	blue
20150510T230435	Image by Idan_20150510T230333:	./photos/group_5/ref_2_1066_1985_1054_75.png	blue
20150510T230435	Image by Idan_20150510T230333:	./photos/group_5/ref_2_1067_2034_1054_74.png	blue
20150510T230436	Image by Idan_20150510T230333:	./photos/group_5/ref_2_1253_2082_1150_76.png	blue
20150510T230436	Image by Idan_20150510T230333:	./photos/group_5/ref_2_910_1984_954_74.png	blue
20150510T230436	Image by Idan_20150510T230333:	./photos/group_5/ref_2_910_1984_954_74.png	uncheck blue
20150510T230436	Image by Idan_20150510T230333:	./photos/group_5/ref_2_781_1984_904_76.png	blue
20150510T230436	Image by Idan_20150510T230333:	./photos/group_5/ref_2_1515_2033_1248_78.png	blue
20150510T230437	Image by Idan_20150510T230333:	./photos/group_5/ref_2_1100_2132_1054_75.png	blue
20150510T230437	Image by Idan_20150510T230333:	./photos/group_5/ref_2_1164_2082_1102_74.png	blue
20150510T230438	Image by Idan_20150510T230333:	./photos/group_5/ref_2_910_1984_954_74.png	blue
20150510T230438	Image by Idan_20150510T230333:	./photos/group_5/ref_2_1304_1984_1150_76.png	blue
20150510T230438	Image by Idan_20150510T230333:	./photos/group_5/ref_2_1266_2034_1150_76.png	blue
20150510T230439	Image by Idan_20150510T230333:	./photos/group_5/ref_2_1000_2132_1004_74.png	blue
20150510T230439	Image by Idan_20150510T230333:	./photos/group_5/ref_2_1415_2034_1200_75.png	blue
20150510T230439	Image by Idan_20150510T230333:	./photos/group_5/ref_2_830_2082_906_74.png	blue
20150510T230439	Image by Idan_20150510T230333:	./photos/group_5/ref_2_1466_2083_1248_78.png	blue
20150510T230440	Image by Idan_20150510T230333:	./photos/group_5/ref_2_911_2034_954_74.png	blue
20150510T230440	Image by Idan_20150510T230333:	./photos/group_5/ref_2_1064_1886_1054_74.png	blue
20150510T230440	Image by Idan_20150510T230333:	./photos/group_5/ref_2_1065_1936_1054_76.png	blue
20150510T230441	Image by Idan_20150510T230333:	./photos/group_5/ref_2_826_1788_907_75.png	blue
20150510T230441	Image by Idan_20150510T230333:	./photos/group_5/ref_2_876_1935_954_74.png	blue
20150510T230441	Image by Idan_20150510T230333:	./photos/group_5/ref_2_1414_1984_1200_74.png	blue
20150510T230441	Image by Idan_20150510T230333:	./photos/group_5/ref_2_827_1836_907_77.png	blue
20150510T230442	Image by Idan_20150510T230333:	./photos/group_5/ref_2_912_2082_955_74.png	blue
20150510T230442	Image by Idan_20150510T230333:	./photos/group_5/ref_2_1201_2180_1103_74.png	blue
20150510T230442	Image by Idan_20150510T230333:	./photos/group_5/ref_2_875_1836_956_76.png	blue
20150510T230442	Image by Idan_20150510T230333:	./photos/group_5/ref_2_999_2083_1005_74.png	blue
20150510T230443	Image by Idan_20150510T230333:	./photos/group_5/ref_2_998_2034_1005_74.png	blue
20150510T230443	Image by Idan_20150510T230333:	./photos/group_5/ref_2_997_1985_1004_75.png	blue
20150510T230443	Image by Idan_20150510T230333:	./photos/group_5/ref_2_996_1936_1004_75.png	blue
20150510T230443	Image by Idan_20150510T230333:	./photos/group_5/ref_2_995_1886_1004_74.png	blue
20150510T230444	Image by Idan_20150510T230333:	./photos/group_5/ref_2_913_2132_955_74.png	blue
20150510T230444	Image by Idan_20150510T230333:	./photos/group_5/ref_2_848_1886_906_75.png	blue
20150510T230444	Image by Idan_20150510T230333:	./photos/group_5/ref_2_1199_1986_1102_74.png	blue
Submitted by Idan_20150510T230333:	
*******************************

Submitted by Idan_20150510T231018:	
*******************************

Submitted by Idan_20150513T124708:	
*******************************

