20150430T215300	Image by Idan_20150430T215244:	./photos/group_2/img_ref_1_170_2371_586_53.png	blue
20150430T215300	Image by Idan_20150430T215244:	./photos/group_2/ref_1_250_2269_688_53.png	blue
20150430T215300	Image by Idan_20150430T215244:	./photos/group_2/ref_1_221_608_694_77.png	blue
20150430T215300	Image by Idan_20150430T215244:	./photos/group_2/ref_1_242_2061_687_57.png	blue
20150430T215301	Image by Idan_20150430T215244:	./photos/group_2/ref_1_192_2004_635_62.png	blue
20150430T215301	Image by Idan_20150430T215244:	./photos/group_2/ref_1_242_2061_687_57.png	uncheck blue
20150430T215301	Image by Idan_20150430T215244:	./photos/group_2/ref_1_237_1958_713_73.png	blue
20150430T215301	Image by Idan_20150430T215244:	./photos/group_2/img_ref_1_170_2371_586_53.png	uncheck blue
20150430T215301	Image by Idan_20150430T215244:	./photos/group_2/img_ref_0_113_551_461_82.png	red
20150430T215302	Image by Idan_20150430T215244:	./photos/group_2/ref_1_199_2114_635_55.png	red
20150430T215302	Image by Idan_20150430T215244:	./photos/group_2/ref_1_197_2004_658_76.png	red
20150430T215302	Image by Idan_20150430T215244:	./photos/group_2/ref_1_202_2269_637_53.png	red
Submitted by Idan_20150430T215244:	
*******************************

20150430T215516	Image by Idan_20150430T215506:	./photos/group_2/img_ref_1_170_2371_586_53.png	blue
20150430T215517	Image by Idan_20150430T215506:	./photos/group_2/ref_1_279_177_737_65.png	blue
Submitted by Idan_20150430T215506:	
*******************************

20150430T223430	Image by Idan_20150430T223358:	./photos/group_2/img_ref_1_170_2372_586_76.png	blue
20150430T223431	Image by Idan_20150430T223358:	./photos/group_2/ref_1_279_178_737_92.png	blue
Submitted by Idan_20150430T223358:	
*******************************

20150501T014729	Image by Idan_20150501T014719:	./photos/group_101/img_ref_0_3415_587_2087_80.png	red
20150501T014730	Image by Idan_20150501T014719:	./photos/group_101/ref_0_3717_628_2190_5.png	red
Submitted by Idan_20150501T014719:	
*******************************

Submitted by Idan_20150501T023128:	
*******************************

Submitted by Idan_20150501T023535:	
*******************************

Submitted by Idan_20150501T103214:	
*******************************

20150501T104457	Image by Yoav Freund_20150501T103956:	./photos/group_12/img_ref_0_1264_2838_1209_67.png	red
20150501T104458	Image by Yoav Freund_20150501T103956:	./photos/group_12/ref_0_1264_2838_1209_67.png	red
20150501T104459	Image by Yoav Freund_20150501T103956:	./photos/group_12/ref_0_1328_2795_1209_67.png	red
20150501T104507	Image by Yoav Freund_20150501T103956:	./photos/group_12/img_ref_1_2306_1658_1862_77.png	blue
20150501T104507	Image by Yoav Freund_20150501T103956:	./photos/group_12/img_ref_0_1264_2838_1209_67.png	uncheck red
20150501T104510	Image by Yoav Freund_20150501T103956:	./photos/group_12/ref_1_2394_1708_1915_79.png	blue
20150501T104511	Image by Yoav Freund_20150501T103956:	./photos/group_12/ref_1_2306_1658_1862_77.png	blue
20150501T104511	Image by Yoav Freund_20150501T103956:	./photos/group_12/ref_1_2217_1556_1810_76.png	blue
20150501T104513	Image by Yoav Freund_20150501T103956:	./photos/group_12/ref_1_2034_1556_1708_76.png	blue
20150501T104524	Image by Yoav Freund_20150501T103956:	./photos/group_12/img_ref_0_1264_2838_1209_67.png	red
20150501T104524	Image by Yoav Freund_20150501T103956:	./photos/group_12/img_ref_1_2306_1658_1862_77.png	uncheck blue
20150501T104526	Image by Yoav Freund_20150501T103956:	./photos/group_12/ref_0_1329_2882_1209_67.png	red
Submitted by Yoav Freund_20150501T103956:	
*******************************

Submitted by Idan_20150502T194758:	
*******************************

Submitted by Idan_20150506T182219:	
*******************************

Submitted by Idan_20150507T002720:	
*******************************

Submitted by Idan_20150507T003151:	
*******************************

Submitted by Idan_20150507T160227:	
*******************************

Submitted by Idan_20150507T160908:	
*******************************

Submitted by Idan_20150507T161039:	
*******************************

20150507T170923	Image by Idan_20150507T170914:	./photos/group_12/img_ref_1_2124_1659_1760_78.png	blue
20150507T170924	Image by Idan_20150507T170914:	./photos/group_12/ref_0_1443_3190_1254_66.png	blue
20150507T170924	Image by Idan_20150507T170914:	./photos/group_12/ref_0_1553_3102_1298_66.png	blue
20150507T170925	Image by Idan_20150507T170914:	./photos/group_12/img_ref_0_1331_2970_1210_66.png	red
20150507T170925	Image by Idan_20150507T170914:	./photos/group_12/img_ref_1_2124_1659_1760_78.png	uncheck blue
20150507T170926	Image by Idan_20150507T170914:	./photos/group_12/ref_0_1332_3014_1210_66.png	red
20150507T170927	Image by Idan_20150507T170914:	./photos/group_12/ref_0_1333_3058_1210_66.png	red
Submitted by Idan_20150507T170914:	
*******************************

Submitted by Idan_20150508T165926:	
*******************************

Submitted by Idan_20150508T171225:	
*******************************

Submitted by Idan_20150508T172114:	
*******************************

Submitted by Idan_20150508T180709:	
*******************************

Submitted by Idan_20150508T181240:	
*******************************

Submitted by Idan_20150508T181346:	
*******************************

Submitted by Idan_20150508T181520:	
*******************************

Submitted by Idan_20150508T181712:	
*******************************

Submitted by Idan_20150508T183738:	
*******************************

Submitted by Idan_20150508T183900:	
*******************************

Submitted by Idan_20150508T183921:	
*******************************

Submitted by null_20150508T190002:	
*******************************

Submitted by Idan_20150508T190030:	
*******************************

