[I 13:23:06.587 NotebookApp] Using MathJax from CDN: https://cdn.mathjax.org/mathjax/latest/MathJax.js
[W 13:23:06.607 NotebookApp] Terminals not available (error was No module named terminado)
[I 13:23:06.607 NotebookApp] Serving notebooks from local directory: /Users/idanizhaki/Desktop/iPython
[I 13:23:06.607 NotebookApp] 0 active kernels 
[I 13:23:06.607 NotebookApp] The IPython Notebook is running at: http://localhost:8888/
[I 13:23:06.607 NotebookApp] Use Control-C to stop this server and shut down all kernels (twice to skip confirmation).
[W 13:23:06.977 NotebookApp] No such file or directory: profile_nbserver
[W 13:23:07.006 NotebookApp] 404 GET /api/contents/profile_nbserver?type=directory&_=1431548567517 (::1) 67.59ms referer=http://localhost:8888/tree/profile_nbserver
[I 13:23:14.917 NotebookApp] Writing notebook-signing key to /Users/idanizhaki/.ipython/profile_profile_nbserver/security/notebook_secret
[W 13:23:14.922 NotebookApp] Notebook SegmentsToJpg-Deterministic.ipynb is not trusted
[I 13:23:16.126 NotebookApp] Kernel started: 366a3a72-0763-4787-8ec6-f8e93baa30c8
[I 13:25:16.045 NotebookApp] Saving file at /SegmentsToJpg-Deterministic.ipynb
[W 13:25:16.047 NotebookApp] Saving untrusted notebook SegmentsToJpg-Deterministic.ipynb
[I 13:27:16.001 NotebookApp] Saving file at /SegmentsToJpg-Deterministic.ipynb
[W 13:27:16.002 NotebookApp] Saving untrusted notebook SegmentsToJpg-Deterministic.ipynb
[I 13:28:31.152 NotebookApp] Kernel restarted: 366a3a72-0763-4787-8ec6-f8e93baa30c8
[I 13:29:06.415 NotebookApp] Kernel restarted: 366a3a72-0763-4787-8ec6-f8e93baa30c8
[I 13:29:07.534 NotebookApp] Kernel interrupted: 366a3a72-0763-4787-8ec6-f8e93baa30c8
[I 13:29:15.989 NotebookApp] Saving file at /SegmentsToJpg-Deterministic.ipynb
[W 13:29:15.991 NotebookApp] Saving untrusted notebook SegmentsToJpg-Deterministic.ipynb
[I 13:29:30.832 NotebookApp] Kernel restarted: 366a3a72-0763-4787-8ec6-f8e93baa30c8
[I 13:31:15.991 NotebookApp] Saving file at /SegmentsToJpg-Deterministic.ipynb
[W 13:31:15.992 NotebookApp] Saving untrusted notebook SegmentsToJpg-Deterministic.ipynb
[I 13:33:15.974 NotebookApp] Saving file at /SegmentsToJpg-Deterministic.ipynb
[W 13:33:15.975 NotebookApp] Saving untrusted notebook SegmentsToJpg-Deterministic.ipynb
[I 13:44:46.852 NotebookApp] Kernel shutdown: 366a3a72-0763-4787-8ec6-f8e93baa30c8
[C 13:45:37.842 NotebookApp] received signal 15, stopping
[I 13:45:37.843 NotebookApp] Shutting down kernels
[I 13:47:17.950 NotebookApp] Using MathJax from CDN: https://cdn.mathjax.org/mathjax/latest/MathJax.js
[W 13:47:17.976 NotebookApp] WARNING: The notebook server is listening on all IP addresses and not using encryption. This is not recommended.
[W 13:47:17.976 NotebookApp] WARNING: The notebook server is listening on all IP addresses and not using authentication. This is highly insecure and not recommended.
[W 13:47:17.979 NotebookApp] Terminals not available (error was No module named terminado)
[I 13:47:17.980 NotebookApp] Serving notebooks from local directory: /Users/idanizhaki/Desktop/iPython
[I 13:47:17.981 NotebookApp] 0 active kernels 
[I 13:47:17.981 NotebookApp] The IPython Notebook is running at: http://[all ip addresses on your system]:8082/
[I 13:47:17.981 NotebookApp] Use Control-C to stop this server and shut down all kernels (twice to skip confirmation).
[W 13:47:32.138 NotebookApp] Notebook SegmentsToJpg-Deterministic.ipynb is not trusted
[I 13:47:33.561 NotebookApp] Kernel started: cbfde78b-2a6d-4c6a-aa15-3ab8c6630834
[I 14:04:01.803 NotebookApp] 302 GET / (169.228.188.148) 0.55ms
[W 14:04:06.751 NotebookApp] Notebook SegmentsToJpg-Deterministic.ipynb is not trusted
[I 14:06:09.433 NotebookApp] Saving file at /SegmentsToJpg-Deterministic.ipynb
[W 14:06:09.435 NotebookApp] Saving untrusted notebook SegmentsToJpg-Deterministic.ipynb
[W 14:13:29.205 NotebookApp] Notebook idan_interface_sps.ipynb is not trusted
[I 14:13:29.619 NotebookApp] Kernel started: 4d8b568d-bfc0-4851-b41b-60eda9188774
[I 14:17:29.685 NotebookApp] Saving file at /idan_interface_sps.ipynb
[I 14:19:30.222 NotebookApp] Saving file at /idan_interface_sps.ipynb
[I 14:27:30.261 NotebookApp] Saving file at /idan_interface_sps.ipynb
[I 17:08:51.618 NotebookApp] 302 GET / (169.228.188.148) 0.53ms
[W 17:10:04.226 NotebookApp] /Users/idanizhaki/Desktop/iPython/WebStem/compute_dominant_orientation.ipynb doesn't exist
[W 17:10:04.610 NotebookApp] /Users/idanizhaki/Desktop/iPython/WebStem/iPython doesn't exist
[W 17:10:08.550 NotebookApp] /Users/idanizhaki/Desktop/iPython/WebStem/preamble.ipynb doesn't exist
[W 17:10:08.550 NotebookApp] /Users/idanizhaki/Desktop/iPython/WebStem/preamble.pyc doesn't exist
[W 17:10:08.582 NotebookApp] /Users/idanizhaki/Desktop/iPython/WebStem/reviews.json doesn't exist
[W 17:10:08.584 NotebookApp] /Users/idanizhaki/Desktop/iPython/WebStem/utilities.ipynb doesn't exist
[W 17:10:29.448 NotebookApp] /Users/idanizhaki/Desktop/iPython/WebStem/compute_dominant_orientation.ipynb doesn't exist
[W 17:10:29.484 NotebookApp] /Users/idanizhaki/Desktop/iPython/WebStem/iPython doesn't exist
[W 17:10:29.542 NotebookApp] /Users/idanizhaki/Desktop/iPython/WebStem/preamble.ipynb doesn't exist
[W 17:10:29.543 NotebookApp] /Users/idanizhaki/Desktop/iPython/WebStem/preamble.pyc doesn't exist
[W 17:10:29.594 NotebookApp] /Users/idanizhaki/Desktop/iPython/WebStem/reviews.json doesn't exist
[W 17:10:29.595 NotebookApp] /Users/idanizhaki/Desktop/iPython/WebStem/utilities.ipynb doesn't exist
[I 17:11:11.993 NotebookApp] 302 GET / (169.228.188.148) 0.91ms
[I 17:12:01.355 NotebookApp] 302 GET / (169.228.188.148) 0.95ms
[I 17:13:08.344 NotebookApp] 302 GET / (169.228.188.148) 1.07ms
[I 17:28:57.680 NotebookApp] 302 GET / (169.228.188.148) 1.01ms
[W 17:29:06.981 NotebookApp] Notebook SegmentsToJpg-Deterministic.ipynb is not trusted
[I 17:31:15.251 NotebookApp] Saving file at /SegmentsToJpg-Deterministic.ipynb
[W 17:31:15.252 NotebookApp] Saving untrusted notebook SegmentsToJpg-Deterministic.ipynb
[W 17:47:31.247 NotebookApp] /Users/idanizhaki/Desktop/iPython/WebStem/compute_dominant_orientation.ipynb doesn't exist
[W 17:47:31.581 NotebookApp] /Users/idanizhaki/Desktop/iPython/WebStem/iPython doesn't exist
[W 17:47:32.197 NotebookApp] /Users/idanizhaki/Desktop/iPython/WebStem/preamble.ipynb doesn't exist
[W 17:47:32.197 NotebookApp] /Users/idanizhaki/Desktop/iPython/WebStem/preamble.pyc doesn't exist
[W 17:47:32.219 NotebookApp] /Users/idanizhaki/Desktop/iPython/WebStem/reviews.json doesn't exist
[W 17:47:32.220 NotebookApp] /Users/idanizhaki/Desktop/iPython/WebStem/utilities.ipynb doesn't exist
[I 17:49:09.116 NotebookApp] Saving file at /SegmentsToJpg-Deterministic.ipynb
[W 17:49:09.118 NotebookApp] Saving untrusted notebook SegmentsToJpg-Deterministic.ipynb
[I 18:13:09.127 NotebookApp] Saving file at /SegmentsToJpg-Deterministic.ipynb
[W 18:13:09.147 NotebookApp] Saving untrusted notebook SegmentsToJpg-Deterministic.ipynb
[I 18:15:08.955 NotebookApp] Saving file at /SegmentsToJpg-Deterministic.ipynb
[W 18:15:08.956 NotebookApp] Saving untrusted notebook SegmentsToJpg-Deterministic.ipynb
[I 18:17:08.952 NotebookApp] Saving file at /SegmentsToJpg-Deterministic.ipynb
[W 18:17:08.953 NotebookApp] Saving untrusted notebook SegmentsToJpg-Deterministic.ipynb
[W 18:18:32.616 NotebookApp] Notebook SegmentsToJpg-Deterministic.ipynb is not trusted
[I 18:18:44.743 NotebookApp] Kernel restarted: cbfde78b-2a6d-4c6a-aa15-3ab8c6630834
[W 18:18:44.801 NotebookApp] zmq message arrived on closed channel
[I 18:19:01.058 NotebookApp] Saving file at /SegmentsToJpg-Deterministic.ipynb
[W 18:19:01.060 NotebookApp] Saving untrusted notebook SegmentsToJpg-Deterministic.ipynb
[I 18:20:33.661 NotebookApp] Saving file at /SegmentsToJpg-Deterministic.ipynb
[W 18:20:33.662 NotebookApp] Saving untrusted notebook SegmentsToJpg-Deterministic.ipynb
[I 18:22:33.667 NotebookApp] Saving file at /SegmentsToJpg-Deterministic.ipynb
[W 18:22:33.670 NotebookApp] Saving untrusted notebook SegmentsToJpg-Deterministic.ipynb
[I 18:24:34.142 NotebookApp] Saving file at /SegmentsToJpg-Deterministic.ipynb
[W 18:24:34.162 NotebookApp] Saving untrusted notebook SegmentsToJpg-Deterministic.ipynb
[C 18:25:44.493 NotebookApp] received signal 15, stopping
[I 18:25:44.494 NotebookApp] Shutting down kernels
[I 18:25:44.512 NotebookApp] Kernel shutdown: 4d8b568d-bfc0-4851-b41b-60eda9188774
[I 18:25:44.579 NotebookApp] Kernel shutdown: cbfde78b-2a6d-4c6a-aa15-3ab8c6630834
[I 18:52:46.154 NotebookApp] Using MathJax from CDN: https://cdn.mathjax.org/mathjax/latest/MathJax.js
[W 18:52:46.234 NotebookApp] WARNING: The notebook server is listening on all IP addresses and not using encryption. This is not recommended.
[W 18:52:46.234 NotebookApp] WARNING: The notebook server is listening on all IP addresses and not using authentication. This is highly insecure and not recommended.
[W 18:52:46.245 NotebookApp] Terminals not available (error was No module named terminado)
[I 18:52:46.245 NotebookApp] Serving notebooks from local directory: /Users/idanizhaki/Desktop/iPython
[I 18:52:46.245 NotebookApp] 0 active kernels 
[I 18:52:46.245 NotebookApp] The IPython Notebook is running at: http://[all ip addresses on your system]:8082/
[I 18:52:46.246 NotebookApp] Use Control-C to stop this server and shut down all kernels (twice to skip confirmation).
[W 18:52:49.768 NotebookApp] Notebook SegmentsToJpg-Deterministic.ipynb is not trusted
[I 18:52:50.964 NotebookApp] Kernel started: 4394ef9e-dd10-49a9-ad74-1964964c46e2
[I 18:54:50.976 NotebookApp] Saving file at /SegmentsToJpg-Deterministic.ipynb
[W 18:54:50.978 NotebookApp] Saving untrusted notebook SegmentsToJpg-Deterministic.ipynb
[I 21:07:38.652 NotebookApp] 302 GET / (169.228.188.148) 0.75ms
[W 21:07:39.929 NotebookApp] /Users/idanizhaki/Desktop/iPython/yuncong doesn't exist
[W 21:07:42.864 NotebookApp] Notebook SegmentsToJpg-Deterministic.ipynb is not trusted
[I 21:17:43.870 NotebookApp] Saving file at /SegmentsToJpg-Deterministic.ipynb
[W 21:17:43.871 NotebookApp] Saving untrusted notebook SegmentsToJpg-Deterministic.ipynb
[I 22:16:30.133 NotebookApp] 302 GET / (75.80.59.157) 0.72ms
[I 22:17:45.812 NotebookApp] Saving file at /SegmentsToJpg-Deterministic.ipynb
[W 22:17:45.813 NotebookApp] Saving untrusted notebook SegmentsToJpg-Deterministic.ipynb
[I 22:19:45.875 NotebookApp] Saving file at /SegmentsToJpg-Deterministic.ipynb
[W 22:19:45.877 NotebookApp] Saving untrusted notebook SegmentsToJpg-Deterministic.ipynb
[I 22:21:22.955 NotebookApp] Saving file at /SegmentsToJpg-Deterministic.ipynb
[W 22:21:22.957 NotebookApp] Saving untrusted notebook SegmentsToJpg-Deterministic.ipynb
[I 22:21:45.862 NotebookApp] Saving file at /SegmentsToJpg-Deterministic.ipynb
[W 22:21:45.864 NotebookApp] Saving untrusted notebook SegmentsToJpg-Deterministic.ipynb
[I 22:23:45.893 NotebookApp] Saving file at /SegmentsToJpg-Deterministic.ipynb
[W 22:23:45.894 NotebookApp] Saving untrusted notebook SegmentsToJpg-Deterministic.ipynb
[I 22:27:45.718 NotebookApp] Saving file at /SegmentsToJpg-Deterministic.ipynb
[W 22:27:45.720 NotebookApp] Saving untrusted notebook SegmentsToJpg-Deterministic.ipynb
[I 22:29:45.907 NotebookApp] Saving file at /SegmentsToJpg-Deterministic.ipynb
[W 22:29:45.908 NotebookApp] Saving untrusted notebook SegmentsToJpg-Deterministic.ipynb
[I 22:31:45.887 NotebookApp] Saving file at /SegmentsToJpg-Deterministic.ipynb
[W 22:31:45.889 NotebookApp] Saving untrusted notebook SegmentsToJpg-Deterministic.ipynb
[I 22:33:45.941 NotebookApp] Saving file at /SegmentsToJpg-Deterministic.ipynb
[W 22:33:45.943 NotebookApp] Saving untrusted notebook SegmentsToJpg-Deterministic.ipynb
[I 22:40:20.409 NotebookApp] 302 GET / (75.80.59.157) 0.54ms
[W 22:40:47.835 NotebookApp] Notebook yuncong/Brain/notebooks/idan_interface_sps.ipynb is not trusted
[I 22:40:48.532 NotebookApp] Kernel started: 4ad0537a-5ae7-4dcb-83f6-b489b04cbdc8
[W 22:53:16.314 NotebookApp] Notebook Desktop/notebooks/idan_interface_sps.ipynb is not trusted
[I 22:53:18.096 NotebookApp] Kernel started: fca65bea-3c30-46b1-b6ad-68520cb73858
[I 22:55:20.715 NotebookApp] Saving file at /Desktop/notebooks/idan_interface_sps.ipynb
[I 22:57:17.834 NotebookApp] Saving file at /Desktop/notebooks/idan_interface_sps.ipynb
[I 23:01:17.632 NotebookApp] Saving file at /Desktop/notebooks/idan_interface_sps.ipynb
[I 23:03:19.384 NotebookApp] Saving file at /Desktop/notebooks/idan_interface_sps.ipynb
[I 23:27:18.002 NotebookApp] Saving file at /Desktop/notebooks/idan_interface_sps.ipynb
[I 23:29:17.572 NotebookApp] Saving file at /Desktop/notebooks/idan_interface_sps.ipynb
[I 23:31:48.794 NotebookApp] 302 GET / (75.80.59.157) 1.05ms
[W 23:31:56.409 NotebookApp] Notebook SegmentsToJpg-Deterministic.ipynb is not trusted
[I 23:37:57.932 NotebookApp] Saving file at /SegmentsToJpg-Deterministic.ipynb
[W 23:37:57.934 NotebookApp] Saving untrusted notebook SegmentsToJpg-Deterministic.ipynb
[I 23:39:57.932 NotebookApp] Saving file at /SegmentsToJpg-Deterministic.ipynb
[W 23:39:57.933 NotebookApp] Saving untrusted notebook SegmentsToJpg-Deterministic.ipynb
[I 23:40:02.895 NotebookApp] Saving file at /SegmentsToJpg-Deterministic.ipynb
[W 23:40:02.897 NotebookApp] Saving untrusted notebook SegmentsToJpg-Deterministic.ipynb
[I 23:41:54.425 NotebookApp] Kernel restarted: 4394ef9e-dd10-49a9-ad74-1964964c46e2
[W 23:41:54.428 NotebookApp] zmq message arrived on closed channel
[I 23:41:57.910 NotebookApp] Saving file at /SegmentsToJpg-Deterministic.ipynb
[W 23:41:57.911 NotebookApp] Saving untrusted notebook SegmentsToJpg-Deterministic.ipynb
[I 23:43:58.034 NotebookApp] Saving file at /SegmentsToJpg-Deterministic.ipynb
[W 23:43:58.035 NotebookApp] Saving untrusted notebook SegmentsToJpg-Deterministic.ipynb
[I 23:45:34.484 NotebookApp] Kernel interrupted: 4394ef9e-dd10-49a9-ad74-1964964c46e2
[I 23:45:58.040 NotebookApp] Saving file at /SegmentsToJpg-Deterministic.ipynb
[W 23:45:58.042 NotebookApp] Saving untrusted notebook SegmentsToJpg-Deterministic.ipynb
[I 23:47:57.947 NotebookApp] Saving file at /SegmentsToJpg-Deterministic.ipynb
[W 23:47:57.948 NotebookApp] Saving untrusted notebook SegmentsToJpg-Deterministic.ipynb
[I 23:48:42.937 NotebookApp] Kernel interrupted: 4394ef9e-dd10-49a9-ad74-1964964c46e2
[I 23:49:14.337 NotebookApp] Kernel restarted: 4394ef9e-dd10-49a9-ad74-1964964c46e2
[I 23:49:14.606 NotebookApp] Saving file at /SegmentsToJpg-Deterministic.ipynb
[W 23:49:14.609 NotebookApp] Saving untrusted notebook SegmentsToJpg-Deterministic.ipynb
---------------------------------------------------------------------------
ZMQError                                  Traceback (most recent call last)
/usr/local/Cellar/python/2.7.8_2/Frameworks/Python.framework/Versions/2.7/lib/python2.7/runpy.pyc in _run_module_as_main(mod_name='IPython.kernel.__main__', alter_argv=1)
    160         sys.argv[0] = fname
    161     return _run_code(code, main_globals, None,
--> 162                      "__main__", fname, loader, pkg_name)
        fname = '/usr/local/lib/python2.7/site-packages/IPython/kernel/__main__.py'
        loader = <pkgutil.ImpLoader instance at 0x10880f998>
        pkg_name = 'IPython.kernel'
    163 
    164 def run_module(mod_name, init_globals=None,

/usr/local/Cellar/python/2.7.8_2/Frameworks/Python.framework/Versions/2.7/lib/python2.7/runpy.pyc in _run_code(code=<code object <module> at 0x107abb7b0, file "/usr...ite-packages/IPython/kernel/__main__.py", line 1>, run_globals={'__builtins__': <module '__builtin__' (built-in)>, '__doc__': None, '__file__': '/usr/local/lib/python2.7/site-packages/IPython/kernel/__main__.py', '__loader__': <pkgutil.ImpLoader instance>, '__name__': '__main__', '__package__': 'IPython.kernel', 'app': <module 'IPython.kernel.zmq.kernelapp' from '/us.../site-packages/IPython/kernel/zmq/kernelapp.pyc'>}, init_globals=None, mod_name='__main__', mod_fname='/usr/local/lib/python2.7/site-packages/IPython/kernel/__main__.py', mod_loader=<pkgutil.ImpLoader instance>, pkg_name='IPython.kernel')
     70                        __loader__ = mod_loader,
     71                        __package__ = pkg_name)
---> 72     exec code in run_globals
        code = <code object <module> at 0x107abb7b0, file "/usr/local/lib/python2.7/site-packages/IPython/kernel/__main__.py", line 1>
        run_globals = {'__builtins__': <module '__builtin__' (built-in)>, '__file__': '/usr/local/lib/python2.7/site-packages/IPython/kernel/__main__.py', '__package__': 'IPython.kernel', '__name__': '__main__', 'app': <module 'IPython.kernel.zmq.kernelapp' from '/usr/local/lib/python2.7/site-packages/IPython/kernel/zmq/kernelapp.pyc'>, '__loader__': <pkgutil.ImpLoader instance at 0x10880f998>, '__doc__': None}
     73     return run_globals
     74 

/usr/local/lib/python2.7/site-packages/IPython/kernel/__main__.py in <module>()
      1 if __name__ == '__main__':
      2     from IPython.kernel.zmq import kernelapp as app
----> 3     app.launch_new_instance()
        global app.launch_new_instance = <bound method MetaHasTraits.launch_instance of <class 'IPython.kernel.zmq.kernelapp.IPKernelApp'>>

/usr/local/lib/python2.7/site-packages/IPython/config/application.pyc in launch_instance(cls=<class 'IPython.kernel.zmq.kernelapp.IPKernelApp'>, argv=None, **kwargs={})
    571         """
    572         app = cls.instance(**kwargs)
--> 573         app.initialize(argv)
        app.initialize = <bound method IPKernelApp.initialize of <IPython.kernel.zmq.kernelapp.IPKernelApp object at 0x108866510>>
        argv = None
    574         app.start()
    575 

/usr/local/lib/python2.7/site-packages/IPython/kernel/zmq/kernelapp.pyc in initialize(self=<IPython.kernel.zmq.kernelapp.IPKernelApp object>, argv=None)

/usr/local/lib/python2.7/site-packages/IPython/config/application.pyc in catch_config_error(method=<function initialize>, app=<IPython.kernel.zmq.kernelapp.IPKernelApp object>, *args=(None,), **kwargs={})
     73     """
     74     try:
---> 75         return method(app, *args, **kwargs)
        method = <function initialize at 0x108863ed8>
        app = <IPython.kernel.zmq.kernelapp.IPKernelApp object at 0x108866510>
        args = (None,)
        kwargs = {}
     76     except (TraitError, ArgumentError) as e:
     77         app.print_help()

/usr/local/lib/python2.7/site-packages/IPython/kernel/zmq/kernelapp.pyc in initialize(self=<IPython.kernel.zmq.kernelapp.IPKernelApp object>, argv=None)
    346         self.init_connection_file()
    347         self.init_poller()
--> 348         self.init_sockets()
        self.init_sockets = <bound method IPKernelApp.init_sockets of <IPython.kernel.zmq.kernelapp.IPKernelApp object at 0x108866510>>
    349         self.init_heartbeat()
    350         # writing/displaying connection info must be *after* init_sockets/heartbeat

/usr/local/lib/python2.7/site-packages/IPython/kernel/zmq/kernelapp.pyc in init_sockets(self=<IPython.kernel.zmq.kernelapp.IPKernelApp object>)
    214         self.shell_socket = context.socket(zmq.ROUTER)
    215         self.shell_socket.linger = 1000
--> 216         self.shell_port = self._bind_socket(self.shell_socket, self.shell_port)
        self.shell_port = 60250
        self._bind_socket = <bound method IPKernelApp._bind_socket of <IPython.kernel.zmq.kernelapp.IPKernelApp object at 0x108866510>>
        self.shell_socket = <zmq.sugar.socket.Socket object at 0x108865328>
    217         self.log.debug("shell ROUTER Channel on port: %i" % self.shell_port)
    218 

/usr/local/lib/python2.7/site-packages/IPython/kernel/zmq/kernelapp.pyc in _bind_socket(self=<IPython.kernel.zmq.kernelapp.IPKernelApp object>, s=<zmq.sugar.socket.Socket object>, port=60250)
    158                 port = s.bind_to_random_port(iface)
    159             else:
--> 160                 s.bind("tcp://%s:%i" % (self.ip, port))
        s.bind = <built-in method bind of Socket object at 0x108865328>
        self.ip = u'127.0.0.1'
        port = 60250
    161         elif self.transport == 'ipc':
    162             if port <= 0:

zmq/backend/cython/socket.pyx in zmq.backend.cython.socket.Socket.bind (zmq/backend/cython/socket.c:4102)()

/usr/local/lib/python2.7/site-packages/zmq/backend/cython/checkrc.pxd in zmq.backend.cython.checkrc._check_rc (zmq/backend/cython/socket.c:6261)()
     19         else:
     20             from zmq.error import ZMQError
---> 21             raise ZMQError(errno)
        global ZMQError = <class 'zmq.error.ZMQError'>
        global errno = undefined
     22         # return -1
     23     return 0

ZMQError: Address already in use
[W 23:49:16.903 NotebookApp] Notebook SegmentsToJpg-Deterministic.ipynb is not trusted
[I 23:49:17.337 NotebookApp] KernelRestarter: restarting kernel (1/5)
---------------------------------------------------------------------------
ZMQError                                  Traceback (most recent call last)
/usr/local/Cellar/python/2.7.8_2/Frameworks/Python.framework/Versions/2.7/lib/python2.7/runpy.pyc in _run_module_as_main(mod_name='IPython.kernel.__main__', alter_argv=1)
    160         sys.argv[0] = fname
    161     return _run_code(code, main_globals, None,
--> 162                      "__main__", fname, loader, pkg_name)
        fname = '/usr/local/lib/python2.7/site-packages/IPython/kernel/__main__.py'
        loader = <pkgutil.ImpLoader instance at 0x108608998>
        pkg_name = 'IPython.kernel'
    163 
    164 def run_module(mod_name, init_globals=None,

/usr/local/Cellar/python/2.7.8_2/Frameworks/Python.framework/Versions/2.7/lib/python2.7/runpy.pyc in _run_code(code=<code object <module> at 0x1078b47b0, file "/usr...ite-packages/IPython/kernel/__main__.py", line 1>, run_globals={'__builtins__': <module '__builtin__' (built-in)>, '__doc__': None, '__file__': '/usr/local/lib/python2.7/site-packages/IPython/kernel/__main__.py', '__loader__': <pkgutil.ImpLoader instance>, '__name__': '__main__', '__package__': 'IPython.kernel', 'app': <module 'IPython.kernel.zmq.kernelapp' from '/us.../site-packages/IPython/kernel/zmq/kernelapp.pyc'>}, init_globals=None, mod_name='__main__', mod_fname='/usr/local/lib/python2.7/site-packages/IPython/kernel/__main__.py', mod_loader=<pkgutil.ImpLoader instance>, pkg_name='IPython.kernel')
     70                        __loader__ = mod_loader,
     71                        __package__ = pkg_name)
---> 72     exec code in run_globals
        code = <code object <module> at 0x1078b47b0, file "/usr/local/lib/python2.7/site-packages/IPython/kernel/__main__.py", line 1>
        run_globals = {'__builtins__': <module '__builtin__' (built-in)>, '__file__': '/usr/local/lib/python2.7/site-packages/IPython/kernel/__main__.py', '__package__': 'IPython.kernel', '__name__': '__main__', 'app': <module 'IPython.kernel.zmq.kernelapp' from '/usr/local/lib/python2.7/site-packages/IPython/kernel/zmq/kernelapp.pyc'>, '__loader__': <pkgutil.ImpLoader instance at 0x108608998>, '__doc__': None}
     73     return run_globals
     74 

/usr/local/lib/python2.7/site-packages/IPython/kernel/__main__.py in <module>()
      1 if __name__ == '__main__':
      2     from IPython.kernel.zmq import kernelapp as app
----> 3     app.launch_new_instance()
        global app.launch_new_instance = <bound method MetaHasTraits.launch_instance of <class 'IPython.kernel.zmq.kernelapp.IPKernelApp'>>

/usr/local/lib/python2.7/site-packages/IPython/config/application.pyc in launch_instance(cls=<class 'IPython.kernel.zmq.kernelapp.IPKernelApp'>, argv=None, **kwargs={})
    571         """
    572         app = cls.instance(**kwargs)
--> 573         app.initialize(argv)
        app.initialize = <bound method IPKernelApp.initialize of <IPython.kernel.zmq.kernelapp.IPKernelApp object at 0x10865f510>>
        argv = None
    574         app.start()
    575 

/usr/local/lib/python2.7/site-packages/IPython/kernel/zmq/kernelapp.pyc in initialize(self=<IPython.kernel.zmq.kernelapp.IPKernelApp object>, argv=None)

/usr/local/lib/python2.7/site-packages/IPython/config/application.pyc in catch_config_error(method=<function initialize>, app=<IPython.kernel.zmq.kernelapp.IPKernelApp object>, *args=(None,), **kwargs={})
     73     """
     74     try:
---> 75         return method(app, *args, **kwargs)
        method = <function initialize at 0x10865ced8>
        app = <IPython.kernel.zmq.kernelapp.IPKernelApp object at 0x10865f510>
        args = (None,)
        kwargs = {}
     76     except (TraitError, ArgumentError) as e:
     77         app.print_help()

/usr/local/lib/python2.7/site-packages/IPython/kernel/zmq/kernelapp.pyc in initialize(self=<IPython.kernel.zmq.kernelapp.IPKernelApp object>, argv=None)
    346         self.init_connection_file()
    347         self.init_poller()
--> 348         self.init_sockets()
        self.init_sockets = <bound method IPKernelApp.init_sockets of <IPython.kernel.zmq.kernelapp.IPKernelApp object at 0x10865f510>>
    349         self.init_heartbeat()
    350         # writing/displaying connection info must be *after* init_sockets/heartbeat

/usr/local/lib/python2.7/site-packages/IPython/kernel/zmq/kernelapp.pyc in init_sockets(self=<IPython.kernel.zmq.kernelapp.IPKernelApp object>)
    214         self.shell_socket = context.socket(zmq.ROUTER)
    215         self.shell_socket.linger = 1000
--> 216         self.shell_port = self._bind_socket(self.shell_socket, self.shell_port)
        self.shell_port = 60250
        self._bind_socket = <bound method IPKernelApp._bind_socket of <IPython.kernel.zmq.kernelapp.IPKernelApp object at 0x10865f510>>
        self.shell_socket = <zmq.sugar.socket.Socket object at 0x10865e328>
    217         self.log.debug("shell ROUTER Channel on port: %i" % self.shell_port)
    218 

/usr/local/lib/python2.7/site-packages/IPython/kernel/zmq/kernelapp.pyc in _bind_socket(self=<IPython.kernel.zmq.kernelapp.IPKernelApp object>, s=<zmq.sugar.socket.Socket object>, port=60250)
    158                 port = s.bind_to_random_port(iface)
    159             else:
--> 160                 s.bind("tcp://%s:%i" % (self.ip, port))
        s.bind = <built-in method bind of Socket object at 0x10865e328>
        self.ip = u'127.0.0.1'
        port = 60250
    161         elif self.transport == 'ipc':
    162             if port <= 0:

zmq/backend/cython/socket.pyx in zmq.backend.cython.socket.Socket.bind (zmq/backend/cython/socket.c:4102)()

/usr/local/lib/python2.7/site-packages/zmq/backend/cython/checkrc.pxd in zmq.backend.cython.checkrc._check_rc (zmq/backend/cython/socket.c:6261)()
     19         else:
     20             from zmq.error import ZMQError
---> 21             raise ZMQError(errno)
        global ZMQError = <class 'zmq.error.ZMQError'>
        global errno = undefined
     22         # return -1
     23     return 0

ZMQError: Address already in use
[I 23:49:20.400 NotebookApp] KernelRestarter: restarting kernel (2/5)
WARNING:root:kernel 4394ef9e-dd10-49a9-ad74-1964964c46e2 restarted
---------------------------------------------------------------------------
ZMQError                                  Traceback (most recent call last)
/usr/local/Cellar/python/2.7.8_2/Frameworks/Python.framework/Versions/2.7/lib/python2.7/runpy.pyc in _run_module_as_main(mod_name='IPython.kernel.__main__', alter_argv=1)
    160         sys.argv[0] = fname
    161     return _run_code(code, main_globals, None,
--> 162                      "__main__", fname, loader, pkg_name)
        fname = '/usr/local/lib/python2.7/site-packages/IPython/kernel/__main__.py'
        loader = <pkgutil.ImpLoader instance at 0x1077c3998>
        pkg_name = 'IPython.kernel'
    163 
    164 def run_module(mod_name, init_globals=None,

/usr/local/Cellar/python/2.7.8_2/Frameworks/Python.framework/Versions/2.7/lib/python2.7/runpy.pyc in _run_code(code=<code object <module> at 0x106a6f7b0, file "/usr...ite-packages/IPython/kernel/__main__.py", line 1>, run_globals={'__builtins__': <module '__builtin__' (built-in)>, '__doc__': None, '__file__': '/usr/local/lib/python2.7/site-packages/IPython/kernel/__main__.py', '__loader__': <pkgutil.ImpLoader instance>, '__name__': '__main__', '__package__': 'IPython.kernel', 'app': <module 'IPython.kernel.zmq.kernelapp' from '/us.../site-packages/IPython/kernel/zmq/kernelapp.pyc'>}, init_globals=None, mod_name='__main__', mod_fname='/usr/local/lib/python2.7/site-packages/IPython/kernel/__main__.py', mod_loader=<pkgutil.ImpLoader instance>, pkg_name='IPython.kernel')
     70                        __loader__ = mod_loader,
     71                        __package__ = pkg_name)
---> 72     exec code in run_globals
        code = <code object <module> at 0x106a6f7b0, file "/usr/local/lib/python2.7/site-packages/IPython/kernel/__main__.py", line 1>
        run_globals = {'__builtins__': <module '__builtin__' (built-in)>, '__file__': '/usr/local/lib/python2.7/site-packages/IPython/kernel/__main__.py', '__package__': 'IPython.kernel', '__name__': '__main__', 'app': <module 'IPython.kernel.zmq.kernelapp' from '/usr/local/lib/python2.7/site-packages/IPython/kernel/zmq/kernelapp.pyc'>, '__loader__': <pkgutil.ImpLoader instance at 0x1077c3998>, '__doc__': None}
     73     return run_globals
     74 

/usr/local/lib/python2.7/site-packages/IPython/kernel/__main__.py in <module>()
      1 if __name__ == '__main__':
      2     from IPython.kernel.zmq import kernelapp as app
----> 3     app.launch_new_instance()
        global app.launch_new_instance = <bound method MetaHasTraits.launch_instance of <class 'IPython.kernel.zmq.kernelapp.IPKernelApp'>>

/usr/local/lib/python2.7/site-packages/IPython/config/application.pyc in launch_instance(cls=<class 'IPython.kernel.zmq.kernelapp.IPKernelApp'>, argv=None, **kwargs={})
    571         """
    572         app = cls.instance(**kwargs)
--> 573         app.initialize(argv)
        app.initialize = <bound method IPKernelApp.initialize of <IPython.kernel.zmq.kernelapp.IPKernelApp object at 0x10781a510>>
        argv = None
    574         app.start()
    575 

/usr/local/lib/python2.7/site-packages/IPython/kernel/zmq/kernelapp.pyc in initialize(self=<IPython.kernel.zmq.kernelapp.IPKernelApp object>, argv=None)

/usr/local/lib/python2.7/site-packages/IPython/config/application.pyc in catch_config_error(method=<function initialize>, app=<IPython.kernel.zmq.kernelapp.IPKernelApp object>, *args=(None,), **kwargs={})
     73     """
     74     try:
---> 75         return method(app, *args, **kwargs)
        method = <function initialize at 0x107817ed8>
        app = <IPython.kernel.zmq.kernelapp.IPKernelApp object at 0x10781a510>
        args = (None,)
        kwargs = {}
     76     except (TraitError, ArgumentError) as e:
     77         app.print_help()

/usr/local/lib/python2.7/site-packages/IPython/kernel/zmq/kernelapp.pyc in initialize(self=<IPython.kernel.zmq.kernelapp.IPKernelApp object>, argv=None)
    346         self.init_connection_file()
    347         self.init_poller()
--> 348         self.init_sockets()
        self.init_sockets = <bound method IPKernelApp.init_sockets of <IPython.kernel.zmq.kernelapp.IPKernelApp object at 0x10781a510>>
    349         self.init_heartbeat()
    350         # writing/displaying connection info must be *after* init_sockets/heartbeat

/usr/local/lib/python2.7/site-packages/IPython/kernel/zmq/kernelapp.pyc in init_sockets(self=<IPython.kernel.zmq.kernelapp.IPKernelApp object>)
    214         self.shell_socket = context.socket(zmq.ROUTER)
    215         self.shell_socket.linger = 1000
--> 216         self.shell_port = self._bind_socket(self.shell_socket, self.shell_port)
        self.shell_port = 60250
        self._bind_socket = <bound method IPKernelApp._bind_socket of <IPython.kernel.zmq.kernelapp.IPKernelApp object at 0x10781a510>>
        self.shell_socket = <zmq.sugar.socket.Socket object at 0x107819328>
    217         self.log.debug("shell ROUTER Channel on port: %i" % self.shell_port)
    218 

/usr/local/lib/python2.7/site-packages/IPython/kernel/zmq/kernelapp.pyc in _bind_socket(self=<IPython.kernel.zmq.kernelapp.IPKernelApp object>, s=<zmq.sugar.socket.Socket object>, port=60250)
    158                 port = s.bind_to_random_port(iface)
    159             else:
--> 160                 s.bind("tcp://%s:%i" % (self.ip, port))
        s.bind = <built-in method bind of Socket object at 0x107819328>
        self.ip = u'127.0.0.1'
        port = 60250
    161         elif self.transport == 'ipc':
    162             if port <= 0:

zmq/backend/cython/socket.pyx in zmq.backend.cython.socket.Socket.bind (zmq/backend/cython/socket.c:4102)()

/usr/local/lib/python2.7/site-packages/zmq/backend/cython/checkrc.pxd in zmq.backend.cython.checkrc._check_rc (zmq/backend/cython/socket.c:6261)()
     19         else:
     20             from zmq.error import ZMQError
---> 21             raise ZMQError(errno)
        global ZMQError = <class 'zmq.error.ZMQError'>
        global errno = undefined
     22         # return -1
     23     return 0

ZMQError: Address already in use
[I 23:49:23.423 NotebookApp] KernelRestarter: restarting kernel (3/5)
WARNING:root:kernel 4394ef9e-dd10-49a9-ad74-1964964c46e2 restarted
---------------------------------------------------------------------------
ZMQError                                  Traceback (most recent call last)
/usr/local/Cellar/python/2.7.8_2/Frameworks/Python.framework/Versions/2.7/lib/python2.7/runpy.pyc in _run_module_as_main(mod_name='IPython.kernel.__main__', alter_argv=1)
    160         sys.argv[0] = fname
    161     return _run_code(code, main_globals, None,
--> 162                      "__main__", fname, loader, pkg_name)
        fname = '/usr/local/lib/python2.7/site-packages/IPython/kernel/__main__.py'
        loader = <pkgutil.ImpLoader instance at 0x1050f7998>
        pkg_name = 'IPython.kernel'
    163 
    164 def run_module(mod_name, init_globals=None,

/usr/local/Cellar/python/2.7.8_2/Frameworks/Python.framework/Versions/2.7/lib/python2.7/runpy.pyc in _run_code(code=<code object <module> at 0x1043a37b0, file "/usr...ite-packages/IPython/kernel/__main__.py", line 1>, run_globals={'__builtins__': <module '__builtin__' (built-in)>, '__doc__': None, '__file__': '/usr/local/lib/python2.7/site-packages/IPython/kernel/__main__.py', '__loader__': <pkgutil.ImpLoader instance>, '__name__': '__main__', '__package__': 'IPython.kernel', 'app': <module 'IPython.kernel.zmq.kernelapp' from '/us.../site-packages/IPython/kernel/zmq/kernelapp.pyc'>}, init_globals=None, mod_name='__main__', mod_fname='/usr/local/lib/python2.7/site-packages/IPython/kernel/__main__.py', mod_loader=<pkgutil.ImpLoader instance>, pkg_name='IPython.kernel')
     70                        __loader__ = mod_loader,
     71                        __package__ = pkg_name)
---> 72     exec code in run_globals
        code = <code object <module> at 0x1043a37b0, file "/usr/local/lib/python2.7/site-packages/IPython/kernel/__main__.py", line 1>
        run_globals = {'__builtins__': <module '__builtin__' (built-in)>, '__file__': '/usr/local/lib/python2.7/site-packages/IPython/kernel/__main__.py', '__package__': 'IPython.kernel', '__name__': '__main__', 'app': <module 'IPython.kernel.zmq.kernelapp' from '/usr/local/lib/python2.7/site-packages/IPython/kernel/zmq/kernelapp.pyc'>, '__loader__': <pkgutil.ImpLoader instance at 0x1050f7998>, '__doc__': None}
     73     return run_globals
     74 

/usr/local/lib/python2.7/site-packages/IPython/kernel/__main__.py in <module>()
      1 if __name__ == '__main__':
      2     from IPython.kernel.zmq import kernelapp as app
----> 3     app.launch_new_instance()
        global app.launch_new_instance = <bound method MetaHasTraits.launch_instance of <class 'IPython.kernel.zmq.kernelapp.IPKernelApp'>>

/usr/local/lib/python2.7/site-packages/IPython/config/application.pyc in launch_instance(cls=<class 'IPython.kernel.zmq.kernelapp.IPKernelApp'>, argv=None, **kwargs={})
    571         """
    572         app = cls.instance(**kwargs)
--> 573         app.initialize(argv)
        app.initialize = <bound method IPKernelApp.initialize of <IPython.kernel.zmq.kernelapp.IPKernelApp object at 0x10514e510>>
        argv = None
    574         app.start()
    575 

/usr/local/lib/python2.7/site-packages/IPython/kernel/zmq/kernelapp.pyc in initialize(self=<IPython.kernel.zmq.kernelapp.IPKernelApp object>, argv=None)

/usr/local/lib/python2.7/site-packages/IPython/config/application.pyc in catch_config_error(method=<function initialize>, app=<IPython.kernel.zmq.kernelapp.IPKernelApp object>, *args=(None,), **kwargs={})
     73     """
     74     try:
---> 75         return method(app, *args, **kwargs)
        method = <function initialize at 0x10514bed8>
        app = <IPython.kernel.zmq.kernelapp.IPKernelApp object at 0x10514e510>
        args = (None,)
        kwargs = {}
     76     except (TraitError, ArgumentError) as e:
     77         app.print_help()

/usr/local/lib/python2.7/site-packages/IPython/kernel/zmq/kernelapp.pyc in initialize(self=<IPython.kernel.zmq.kernelapp.IPKernelApp object>, argv=None)
    346         self.init_connection_file()
    347         self.init_poller()
--> 348         self.init_sockets()
        self.init_sockets = <bound method IPKernelApp.init_sockets of <IPython.kernel.zmq.kernelapp.IPKernelApp object at 0x10514e510>>
    349         self.init_heartbeat()
    350         # writing/displaying connection info must be *after* init_sockets/heartbeat

/usr/local/lib/python2.7/site-packages/IPython/kernel/zmq/kernelapp.pyc in init_sockets(self=<IPython.kernel.zmq.kernelapp.IPKernelApp object>)
    214         self.shell_socket = context.socket(zmq.ROUTER)
    215         self.shell_socket.linger = 1000
--> 216         self.shell_port = self._bind_socket(self.shell_socket, self.shell_port)
        self.shell_port = 60250
        self._bind_socket = <bound method IPKernelApp._bind_socket of <IPython.kernel.zmq.kernelapp.IPKernelApp object at 0x10514e510>>
        self.shell_socket = <zmq.sugar.socket.Socket object at 0x10514d328>
    217         self.log.debug("shell ROUTER Channel on port: %i" % self.shell_port)
    218 

/usr/local/lib/python2.7/site-packages/IPython/kernel/zmq/kernelapp.pyc in _bind_socket(self=<IPython.kernel.zmq.kernelapp.IPKernelApp object>, s=<zmq.sugar.socket.Socket object>, port=60250)
    158                 port = s.bind_to_random_port(iface)
    159             else:
--> 160                 s.bind("tcp://%s:%i" % (self.ip, port))
        s.bind = <built-in method bind of Socket object at 0x10514d328>
        self.ip = u'127.0.0.1'
        port = 60250
    161         elif self.transport == 'ipc':
    162             if port <= 0:

zmq/backend/cython/socket.pyx in zmq.backend.cython.socket.Socket.bind (zmq/backend/cython/socket.c:4102)()

/usr/local/lib/python2.7/site-packages/zmq/backend/cython/checkrc.pxd in zmq.backend.cython.checkrc._check_rc (zmq/backend/cython/socket.c:6261)()
     19         else:
     20             from zmq.error import ZMQError
---> 21             raise ZMQError(errno)
        global ZMQError = <class 'zmq.error.ZMQError'>
        global errno = undefined
     22         # return -1
     23     return 0

ZMQError: Address already in use
[I 23:49:26.444 NotebookApp] KernelRestarter: restarting kernel (4/5)
WARNING:root:kernel 4394ef9e-dd10-49a9-ad74-1964964c46e2 restarted
---------------------------------------------------------------------------
ZMQError                                  Traceback (most recent call last)
/usr/local/Cellar/python/2.7.8_2/Frameworks/Python.framework/Versions/2.7/lib/python2.7/runpy.pyc in _run_module_as_main(mod_name='IPython.kernel.__main__', alter_argv=1)
    160         sys.argv[0] = fname
    161     return _run_code(code, main_globals, None,
--> 162                      "__main__", fname, loader, pkg_name)
        fname = '/usr/local/lib/python2.7/site-packages/IPython/kernel/__main__.py'
        loader = <pkgutil.ImpLoader instance at 0x10ec0b998>
        pkg_name = 'IPython.kernel'
    163 
    164 def run_module(mod_name, init_globals=None,

/usr/local/Cellar/python/2.7.8_2/Frameworks/Python.framework/Versions/2.7/lib/python2.7/runpy.pyc in _run_code(code=<code object <module> at 0x10deb77b0, file "/usr...ite-packages/IPython/kernel/__main__.py", line 1>, run_globals={'__builtins__': <module '__builtin__' (built-in)>, '__doc__': None, '__file__': '/usr/local/lib/python2.7/site-packages/IPython/kernel/__main__.py', '__loader__': <pkgutil.ImpLoader instance>, '__name__': '__main__', '__package__': 'IPython.kernel', 'app': <module 'IPython.kernel.zmq.kernelapp' from '/us.../site-packages/IPython/kernel/zmq/kernelapp.pyc'>}, init_globals=None, mod_name='__main__', mod_fname='/usr/local/lib/python2.7/site-packages/IPython/kernel/__main__.py', mod_loader=<pkgutil.ImpLoader instance>, pkg_name='IPython.kernel')
     70                        __loader__ = mod_loader,
     71                        __package__ = pkg_name)
---> 72     exec code in run_globals
        code = <code object <module> at 0x10deb77b0, file "/usr/local/lib/python2.7/site-packages/IPython/kernel/__main__.py", line 1>
        run_globals = {'__builtins__': <module '__builtin__' (built-in)>, '__file__': '/usr/local/lib/python2.7/site-packages/IPython/kernel/__main__.py', '__package__': 'IPython.kernel', '__name__': '__main__', 'app': <module 'IPython.kernel.zmq.kernelapp' from '/usr/local/lib/python2.7/site-packages/IPython/kernel/zmq/kernelapp.pyc'>, '__loader__': <pkgutil.ImpLoader instance at 0x10ec0b998>, '__doc__': None}
     73     return run_globals
     74 

/usr/local/lib/python2.7/site-packages/IPython/kernel/__main__.py in <module>()
      1 if __name__ == '__main__':
      2     from IPython.kernel.zmq import kernelapp as app
----> 3     app.launch_new_instance()
        global app.launch_new_instance = <bound method MetaHasTraits.launch_instance of <class 'IPython.kernel.zmq.kernelapp.IPKernelApp'>>

/usr/local/lib/python2.7/site-packages/IPython/config/application.pyc in launch_instance(cls=<class 'IPython.kernel.zmq.kernelapp.IPKernelApp'>, argv=None, **kwargs={})
    571         """
    572         app = cls.instance(**kwargs)
--> 573         app.initialize(argv)
        app.initialize = <bound method IPKernelApp.initialize of <IPython.kernel.zmq.kernelapp.IPKernelApp object at 0x10ec62510>>
        argv = None
    574         app.start()
    575 

/usr/local/lib/python2.7/site-packages/IPython/kernel/zmq/kernelapp.pyc in initialize(self=<IPython.kernel.zmq.kernelapp.IPKernelApp object>, argv=None)

/usr/local/lib/python2.7/site-packages/IPython/config/application.pyc in catch_config_error(method=<function initialize>, app=<IPython.kernel.zmq.kernelapp.IPKernelApp object>, *args=(None,), **kwargs={})
     73     """
     74     try:
---> 75         return method(app, *args, **kwargs)
        method = <function initialize at 0x10ec5fed8>
        app = <IPython.kernel.zmq.kernelapp.IPKernelApp object at 0x10ec62510>
        args = (None,)
        kwargs = {}
     76     except (TraitError, ArgumentError) as e:
     77         app.print_help()

/usr/local/lib/python2.7/site-packages/IPython/kernel/zmq/kernelapp.pyc in initialize(self=<IPython.kernel.zmq.kernelapp.IPKernelApp object>, argv=None)
    346         self.init_connection_file()
    347         self.init_poller()
--> 348         self.init_sockets()
        self.init_sockets = <bound method IPKernelApp.init_sockets of <IPython.kernel.zmq.kernelapp.IPKernelApp object at 0x10ec62510>>
    349         self.init_heartbeat()
    350         # writing/displaying connection info must be *after* init_sockets/heartbeat

/usr/local/lib/python2.7/site-packages/IPython/kernel/zmq/kernelapp.pyc in init_sockets(self=<IPython.kernel.zmq.kernelapp.IPKernelApp object>)
    214         self.shell_socket = context.socket(zmq.ROUTER)
    215         self.shell_socket.linger = 1000
--> 216         self.shell_port = self._bind_socket(self.shell_socket, self.shell_port)
        self.shell_port = 60250
        self._bind_socket = <bound method IPKernelApp._bind_socket of <IPython.kernel.zmq.kernelapp.IPKernelApp object at 0x10ec62510>>
        self.shell_socket = <zmq.sugar.socket.Socket object at 0x10ec61328>
    217         self.log.debug("shell ROUTER Channel on port: %i" % self.shell_port)
    218 

/usr/local/lib/python2.7/site-packages/IPython/kernel/zmq/kernelapp.pyc in _bind_socket(self=<IPython.kernel.zmq.kernelapp.IPKernelApp object>, s=<zmq.sugar.socket.Socket object>, port=60250)
    158                 port = s.bind_to_random_port(iface)
    159             else:
--> 160                 s.bind("tcp://%s:%i" % (self.ip, port))
        s.bind = <built-in method bind of Socket object at 0x10ec61328>
        self.ip = u'127.0.0.1'
        port = 60250
    161         elif self.transport == 'ipc':
    162             if port <= 0:

zmq/backend/cython/socket.pyx in zmq.backend.cython.socket.Socket.bind (zmq/backend/cython/socket.c:4102)()

/usr/local/lib/python2.7/site-packages/zmq/backend/cython/checkrc.pxd in zmq.backend.cython.checkrc._check_rc (zmq/backend/cython/socket.c:6261)()
     19         else:
     20             from zmq.error import ZMQError
---> 21             raise ZMQError(errno)
        global ZMQError = <class 'zmq.error.ZMQError'>
        global errno = undefined
     22         # return -1
     23     return 0

ZMQError: Address already in use
[W 23:49:29.458 NotebookApp] KernelRestarter: restart failed
[W 23:49:29.459 NotebookApp] Kernel 4394ef9e-dd10-49a9-ad74-1964964c46e2 died, removing from map.
ERROR:root:kernel 4394ef9e-dd10-49a9-ad74-1964964c46e2 restarted failed!
[W 23:49:29.691 NotebookApp] Kernel deleted before session
[W 23:49:29.692 NotebookApp] 410 DELETE /api/sessions/fce4d724-2753-4ad6-aacf-c2b53cf0d1bf (75.80.59.157) 1.51ms referer=http://idanizhaki.me:8082/notebooks/SegmentsToJpg-Deterministic.ipynb
[W 23:49:32.791 NotebookApp] Session not found: session_id=u'fce4d724-2753-4ad6-aacf-c2b53cf0d1bf'
[W 23:49:32.792 NotebookApp] 404 DELETE /api/sessions/fce4d724-2753-4ad6-aacf-c2b53cf0d1bf (75.80.59.157) 1.15ms referer=http://idanizhaki.me:8082/notebooks/SegmentsToJpg-Deterministic.ipynb
[I 23:49:32.918 NotebookApp] Kernel started: 9653e582-31cc-4d52-84ee-c6f1bf56da84
[I 23:49:37.135 NotebookApp] Saving file at /SegmentsToJpg-Deterministic.ipynb
[W 23:49:37.137 NotebookApp] Saving untrusted notebook SegmentsToJpg-Deterministic.ipynb
[W 23:49:40.153 NotebookApp] Notebook SegmentsToJpg-Deterministic.ipynb is not trusted
[I 23:51:41.692 NotebookApp] Saving file at /SegmentsToJpg-Deterministic.ipynb
[W 23:51:41.694 NotebookApp] Saving untrusted notebook SegmentsToJpg-Deterministic.ipynb
[I 00:12:44.368 NotebookApp] Saving file at /SegmentsToJpg-Deterministic.ipynb
[W 00:12:44.390 NotebookApp] Saving untrusted notebook SegmentsToJpg-Deterministic.ipynb
[W 00:18:03.237 NotebookApp] Notebook yuncong/Brain/notebooks/idan_interface_sps.ipynb is not trusted
[W 00:18:21.252 NotebookApp] Notebook yuncong/Brain/notebooks/idan_interface_sps.ipynb is not trusted
[I 00:18:30.250 NotebookApp] 302 GET / (75.80.59.157) 0.84ms
[I 00:37:45.489 NotebookApp] 302 GET / (75.80.59.157) 0.82ms
[W 00:37:52.372 NotebookApp] Notebook SegmentsToJpg-Deterministic.ipynb is not trusted
[I 05:35:02.514 NotebookApp] 302 GET / (75.80.59.157) 3.24ms
[W 05:35:07.446 NotebookApp] Notebook SegmentsToJpg-Deterministic.ipynb is not trusted
[I 05:51:08.758 NotebookApp] Saving file at /SegmentsToJpg-Deterministic.ipynb
[W 05:51:08.759 NotebookApp] Saving untrusted notebook SegmentsToJpg-Deterministic.ipynb
[I 05:53:08.770 NotebookApp] Saving file at /SegmentsToJpg-Deterministic.ipynb
[W 05:53:08.772 NotebookApp] Saving untrusted notebook SegmentsToJpg-Deterministic.ipynb
[I 05:57:08.691 NotebookApp] Saving file at /SegmentsToJpg-Deterministic.ipynb
[W 05:57:08.692 NotebookApp] Saving untrusted notebook SegmentsToJpg-Deterministic.ipynb
[I 09:08:57.350 NotebookApp] 302 GET / (75.80.59.157) 0.77ms
[W 09:09:05.486 NotebookApp] Notebook SegmentsToJpg-Deterministic.ipynb is not trusted
[W 09:09:40.525 NotebookApp] /Users/idanizhaki/Desktop/iPython/WebStem/compute_dominant_orientation.ipynb doesn't exist
[W 09:09:41.162 NotebookApp] /Users/idanizhaki/Desktop/iPython/WebStem/preamble.ipynb doesn't exist
[W 09:09:41.162 NotebookApp] /Users/idanizhaki/Desktop/iPython/WebStem/preamble.pyc doesn't exist
[W 09:09:41.353 NotebookApp] /Users/idanizhaki/Desktop/iPython/WebStem/reviews.json doesn't exist
[W 09:09:41.354 NotebookApp] /Users/idanizhaki/Desktop/iPython/WebStem/utilities.ipynb doesn't exist
[I 09:20:42.701 NotebookApp] 302 GET / (75.80.59.157) 0.68ms
[W 09:20:52.774 NotebookApp] Notebook SegmentsToJpg-Deterministic.ipynb is not trusted
[I 09:24:55.078 NotebookApp] Saving file at /SegmentsToJpg-Deterministic.ipynb
[W 09:24:55.079 NotebookApp] Saving untrusted notebook SegmentsToJpg-Deterministic.ipynb
[I 09:26:55.125 NotebookApp] Saving file at /SegmentsToJpg-Deterministic.ipynb
[W 09:26:55.126 NotebookApp] Saving untrusted notebook SegmentsToJpg-Deterministic.ipynb
[I 09:28:45.216 NotebookApp] Saving file at /SegmentsToJpg-Deterministic.ipynb
[W 09:28:45.218 NotebookApp] Saving untrusted notebook SegmentsToJpg-Deterministic.ipynb
[I 15:33:02.760 NotebookApp] 302 GET / (169.228.188.201) 0.63ms
[W 15:33:17.210 NotebookApp] Notebook Part 2 v4.ipynb is not trusted
[I 15:33:18.471 NotebookApp] Kernel started: 6f57a31a-6cb4-4ae9-b81f-da05f4c999a1
[W 15:33:39.836 NotebookApp] Notebook Part 3.ipynb is not trusted
[I 15:33:41.175 NotebookApp] Kernel started: 9ac8461e-ca79-4b01-bcb4-43bc5825dd04
[I 15:37:41.850 NotebookApp] Saving file at /Part 3.ipynb
[W 15:37:41.853 NotebookApp] Saving untrusted notebook Part 3.ipynb
[I 15:40:21.335 NotebookApp] 302 GET / (169.228.188.201) 0.77ms
[I 15:48:30.880 NotebookApp] Kernel shutdown: 6f57a31a-6cb4-4ae9-b81f-da05f4c999a1
[I 15:48:31.305 NotebookApp] Kernel shutdown: 9ac8461e-ca79-4b01-bcb4-43bc5825dd04
[W 15:48:34.068 NotebookApp] Notebook SegmentsToJpg-Deterministic.ipynb is not trusted
[I 15:54:35.466 NotebookApp] Saving file at /SegmentsToJpg-Deterministic.ipynb
[W 15:54:35.468 NotebookApp] Saving untrusted notebook SegmentsToJpg-Deterministic.ipynb
[I 15:55:10.881 NotebookApp] Kernel interrupted: 9653e582-31cc-4d52-84ee-c6f1bf56da84
[I 15:55:17.434 NotebookApp] Saving file at /SegmentsToJpg-Deterministic.ipynb
[W 15:55:17.435 NotebookApp] Saving untrusted notebook SegmentsToJpg-Deterministic.ipynb
[W 15:55:19.801 NotebookApp] Notebook SegmentsToJpg-Deterministic.ipynb is not trusted
[I 15:55:30.782 NotebookApp] Kernel shutdown: 9653e582-31cc-4d52-84ee-c6f1bf56da84
[W 15:55:36.964 NotebookApp] Notebook SegmentsToJpg-Deterministic.ipynb is not trusted
[I 15:55:39.123 NotebookApp] Kernel started: 8b257597-59e8-46e6-9c2d-daaa500fca9b
[I 15:57:39.984 NotebookApp] Saving file at /SegmentsToJpg-Deterministic.ipynb
[W 15:57:39.985 NotebookApp] Saving untrusted notebook SegmentsToJpg-Deterministic.ipynb
[I 16:12:20.256 NotebookApp] Kernel interrupted: 8b257597-59e8-46e6-9c2d-daaa500fca9b
[I 16:12:25.557 NotebookApp] Kernel interrupted: 8b257597-59e8-46e6-9c2d-daaa500fca9b
[I 16:12:29.539 NotebookApp] Kernel interrupted: 8b257597-59e8-46e6-9c2d-daaa500fca9b
[I 16:12:36.539 NotebookApp] Kernel restarted: 8b257597-59e8-46e6-9c2d-daaa500fca9b
[I 16:12:38.916 NotebookApp] Saving file at /SegmentsToJpg-Deterministic.ipynb
[W 16:12:38.918 NotebookApp] Saving untrusted notebook SegmentsToJpg-Deterministic.ipynb
---------------------------------------------------------------------------
ZMQError                                  Traceback (most recent call last)
/usr/local/Cellar/python/2.7.8_2/Frameworks/Python.framework/Versions/2.7/lib/python2.7/runpy.pyc in _run_module_as_main(mod_name='IPython.kernel.__main__', alter_argv=1)
    160         sys.argv[0] = fname
    161     return _run_code(code, main_globals, None,
--> 162                      "__main__", fname, loader, pkg_name)
        fname = '/usr/local/lib/python2.7/site-packages/IPython/kernel/__main__.py'
        loader = <pkgutil.ImpLoader instance at 0x10211e998>
        pkg_name = 'IPython.kernel'
    163 
    164 def run_module(mod_name, init_globals=None,

/usr/local/Cellar/python/2.7.8_2/Frameworks/Python.framework/Versions/2.7/lib/python2.7/runpy.pyc in _run_code(code=<code object <module> at 0x1013cb7b0, file "/usr...ite-packages/IPython/kernel/__main__.py", line 1>, run_globals={'__builtins__': <module '__builtin__' (built-in)>, '__doc__': None, '__file__': '/usr/local/lib/python2.7/site-packages/IPython/kernel/__main__.py', '__loader__': <pkgutil.ImpLoader instance>, '__name__': '__main__', '__package__': 'IPython.kernel', 'app': <module 'IPython.kernel.zmq.kernelapp' from '/us.../site-packages/IPython/kernel/zmq/kernelapp.pyc'>}, init_globals=None, mod_name='__main__', mod_fname='/usr/local/lib/python2.7/site-packages/IPython/kernel/__main__.py', mod_loader=<pkgutil.ImpLoader instance>, pkg_name='IPython.kernel')
     70                        __loader__ = mod_loader,
     71                        __package__ = pkg_name)
---> 72     exec code in run_globals
        code = <code object <module> at 0x1013cb7b0, file "/usr/local/lib/python2.7/site-packages/IPython/kernel/__main__.py", line 1>
        run_globals = {'__builtins__': <module '__builtin__' (built-in)>, '__file__': '/usr/local/lib/python2.7/site-packages/IPython/kernel/__main__.py', '__package__': 'IPython.kernel', '__name__': '__main__', 'app': <module 'IPython.kernel.zmq.kernelapp' from '/usr/local/lib/python2.7/site-packages/IPython/kernel/zmq/kernelapp.pyc'>, '__loader__': <pkgutil.ImpLoader instance at 0x10211e998>, '__doc__': None}
     73     return run_globals
     74 

/usr/local/lib/python2.7/site-packages/IPython/kernel/__main__.py in <module>()
      1 if __name__ == '__main__':
      2     from IPython.kernel.zmq import kernelapp as app
----> 3     app.launch_new_instance()
        global app.launch_new_instance = <bound method MetaHasTraits.launch_instance of <class 'IPython.kernel.zmq.kernelapp.IPKernelApp'>>

/usr/local/lib/python2.7/site-packages/IPython/config/application.pyc in launch_instance(cls=<class 'IPython.kernel.zmq.kernelapp.IPKernelApp'>, argv=None, **kwargs={})
    571         """
    572         app = cls.instance(**kwargs)
--> 573         app.initialize(argv)
        app.initialize = <bound method IPKernelApp.initialize of <IPython.kernel.zmq.kernelapp.IPKernelApp object at 0x102175510>>
        argv = None
    574         app.start()
    575 

/usr/local/lib/python2.7/site-packages/IPython/kernel/zmq/kernelapp.pyc in initialize(self=<IPython.kernel.zmq.kernelapp.IPKernelApp object>, argv=None)

/usr/local/lib/python2.7/site-packages/IPython/config/application.pyc in catch_config_error(method=<function initialize>, app=<IPython.kernel.zmq.kernelapp.IPKernelApp object>, *args=(None,), **kwargs={})
     73     """
     74     try:
---> 75         return method(app, *args, **kwargs)
        method = <function initialize at 0x102172ed8>
        app = <IPython.kernel.zmq.kernelapp.IPKernelApp object at 0x102175510>
        args = (None,)
        kwargs = {}
     76     except (TraitError, ArgumentError) as e:
     77         app.print_help()

/usr/local/lib/python2.7/site-packages/IPython/kernel/zmq/kernelapp.pyc in initialize(self=<IPython.kernel.zmq.kernelapp.IPKernelApp object>, argv=None)
    346         self.init_connection_file()
    347         self.init_poller()
--> 348         self.init_sockets()
        self.init_sockets = <bound method IPKernelApp.init_sockets of <IPython.kernel.zmq.kernelapp.IPKernelApp object at 0x102175510>>
    349         self.init_heartbeat()
    350         # writing/displaying connection info must be *after* init_sockets/heartbeat

/usr/local/lib/python2.7/site-packages/IPython/kernel/zmq/kernelapp.pyc in init_sockets(self=<IPython.kernel.zmq.kernelapp.IPKernelApp object>)
    214         self.shell_socket = context.socket(zmq.ROUTER)
    215         self.shell_socket.linger = 1000
--> 216         self.shell_port = self._bind_socket(self.shell_socket, self.shell_port)
        self.shell_port = 57454
        self._bind_socket = <bound method IPKernelApp._bind_socket of <IPython.kernel.zmq.kernelapp.IPKernelApp object at 0x102175510>>
        self.shell_socket = <zmq.sugar.socket.Socket object at 0x102174328>
    217         self.log.debug("shell ROUTER Channel on port: %i" % self.shell_port)
    218 

/usr/local/lib/python2.7/site-packages/IPython/kernel/zmq/kernelapp.pyc in _bind_socket(self=<IPython.kernel.zmq.kernelapp.IPKernelApp object>, s=<zmq.sugar.socket.Socket object>, port=57454)
    158                 port = s.bind_to_random_port(iface)
    159             else:
--> 160                 s.bind("tcp://%s:%i" % (self.ip, port))
        s.bind = <built-in method bind of Socket object at 0x102174328>
        self.ip = u'127.0.0.1'
        port = 57454
    161         elif self.transport == 'ipc':
    162             if port <= 0:

zmq/backend/cython/socket.pyx in zmq.backend.cython.socket.Socket.bind (zmq/backend/cython/socket.c:4102)()

/usr/local/lib/python2.7/site-packages/zmq/backend/cython/checkrc.pxd in zmq.backend.cython.checkrc._check_rc (zmq/backend/cython/socket.c:6261)()
     19         else:
     20             from zmq.error import ZMQError
---> 21             raise ZMQError(errno)
        global ZMQError = <class 'zmq.error.ZMQError'>
        global errno = undefined
     22         # return -1
     23     return 0

ZMQError: Address already in use
[I 16:12:42.538 NotebookApp] KernelRestarter: restarting kernel (1/5)
WARNING:root:kernel 8b257597-59e8-46e6-9c2d-daaa500fca9b restarted
---------------------------------------------------------------------------
ZMQError                                  Traceback (most recent call last)
/usr/local/Cellar/python/2.7.8_2/Frameworks/Python.framework/Versions/2.7/lib/python2.7/runpy.pyc in _run_module_as_main(mod_name='IPython.kernel.__main__', alter_argv=1)
    160         sys.argv[0] = fname
    161     return _run_code(code, main_globals, None,
--> 162                      "__main__", fname, loader, pkg_name)
        fname = '/usr/local/lib/python2.7/site-packages/IPython/kernel/__main__.py'
        loader = <pkgutil.ImpLoader instance at 0x10cd92998>
        pkg_name = 'IPython.kernel'
    163 
    164 def run_module(mod_name, init_globals=None,

/usr/local/Cellar/python/2.7.8_2/Frameworks/Python.framework/Versions/2.7/lib/python2.7/runpy.pyc in _run_code(code=<code object <module> at 0x10c03e7b0, file "/usr...ite-packages/IPython/kernel/__main__.py", line 1>, run_globals={'__builtins__': <module '__builtin__' (built-in)>, '__doc__': None, '__file__': '/usr/local/lib/python2.7/site-packages/IPython/kernel/__main__.py', '__loader__': <pkgutil.ImpLoader instance>, '__name__': '__main__', '__package__': 'IPython.kernel', 'app': <module 'IPython.kernel.zmq.kernelapp' from '/us.../site-packages/IPython/kernel/zmq/kernelapp.pyc'>}, init_globals=None, mod_name='__main__', mod_fname='/usr/local/lib/python2.7/site-packages/IPython/kernel/__main__.py', mod_loader=<pkgutil.ImpLoader instance>, pkg_name='IPython.kernel')
     70                        __loader__ = mod_loader,
     71                        __package__ = pkg_name)
---> 72     exec code in run_globals
        code = <code object <module> at 0x10c03e7b0, file "/usr/local/lib/python2.7/site-packages/IPython/kernel/__main__.py", line 1>
        run_globals = {'__builtins__': <module '__builtin__' (built-in)>, '__file__': '/usr/local/lib/python2.7/site-packages/IPython/kernel/__main__.py', '__package__': 'IPython.kernel', '__name__': '__main__', 'app': <module 'IPython.kernel.zmq.kernelapp' from '/usr/local/lib/python2.7/site-packages/IPython/kernel/zmq/kernelapp.pyc'>, '__loader__': <pkgutil.ImpLoader instance at 0x10cd92998>, '__doc__': None}
     73     return run_globals
     74 

/usr/local/lib/python2.7/site-packages/IPython/kernel/__main__.py in <module>()
      1 if __name__ == '__main__':
      2     from IPython.kernel.zmq import kernelapp as app
----> 3     app.launch_new_instance()
        global app.launch_new_instance = <bound method MetaHasTraits.launch_instance of <class 'IPython.kernel.zmq.kernelapp.IPKernelApp'>>

/usr/local/lib/python2.7/site-packages/IPython/config/application.pyc in launch_instance(cls=<class 'IPython.kernel.zmq.kernelapp.IPKernelApp'>, argv=None, **kwargs={})
    571         """
    572         app = cls.instance(**kwargs)
--> 573         app.initialize(argv)
        app.initialize = <bound method IPKernelApp.initialize of <IPython.kernel.zmq.kernelapp.IPKernelApp object at 0x10cde9510>>
        argv = None
    574         app.start()
    575 

/usr/local/lib/python2.7/site-packages/IPython/kernel/zmq/kernelapp.pyc in initialize(self=<IPython.kernel.zmq.kernelapp.IPKernelApp object>, argv=None)

/usr/local/lib/python2.7/site-packages/IPython/config/application.pyc in catch_config_error(method=<function initialize>, app=<IPython.kernel.zmq.kernelapp.IPKernelApp object>, *args=(None,), **kwargs={})
     73     """
     74     try:
---> 75         return method(app, *args, **kwargs)
        method = <function initialize at 0x10cde6ed8>
        app = <IPython.kernel.zmq.kernelapp.IPKernelApp object at 0x10cde9510>
        args = (None,)
        kwargs = {}
     76     except (TraitError, ArgumentError) as e:
     77         app.print_help()

/usr/local/lib/python2.7/site-packages/IPython/kernel/zmq/kernelapp.pyc in initialize(self=<IPython.kernel.zmq.kernelapp.IPKernelApp object>, argv=None)
    346         self.init_connection_file()
    347         self.init_poller()
--> 348         self.init_sockets()
        self.init_sockets = <bound method IPKernelApp.init_sockets of <IPython.kernel.zmq.kernelapp.IPKernelApp object at 0x10cde9510>>
    349         self.init_heartbeat()
    350         # writing/displaying connection info must be *after* init_sockets/heartbeat

/usr/local/lib/python2.7/site-packages/IPython/kernel/zmq/kernelapp.pyc in init_sockets(self=<IPython.kernel.zmq.kernelapp.IPKernelApp object>)
    214         self.shell_socket = context.socket(zmq.ROUTER)
    215         self.shell_socket.linger = 1000
--> 216         self.shell_port = self._bind_socket(self.shell_socket, self.shell_port)
        self.shell_port = 57454
        self._bind_socket = <bound method IPKernelApp._bind_socket of <IPython.kernel.zmq.kernelapp.IPKernelApp object at 0x10cde9510>>
        self.shell_socket = <zmq.sugar.socket.Socket object at 0x10cde8328>
    217         self.log.debug("shell ROUTER Channel on port: %i" % self.shell_port)
    218 

/usr/local/lib/python2.7/site-packages/IPython/kernel/zmq/kernelapp.pyc in _bind_socket(self=<IPython.kernel.zmq.kernelapp.IPKernelApp object>, s=<zmq.sugar.socket.Socket object>, port=57454)
    158                 port = s.bind_to_random_port(iface)
    159             else:
--> 160                 s.bind("tcp://%s:%i" % (self.ip, port))
        s.bind = <built-in method bind of Socket object at 0x10cde8328>
        self.ip = u'127.0.0.1'
        port = 57454
    161         elif self.transport == 'ipc':
    162             if port <= 0:

zmq/backend/cython/socket.pyx in zmq.backend.cython.socket.Socket.bind (zmq/backend/cython/socket.c:4102)()

/usr/local/lib/python2.7/site-packages/zmq/backend/cython/checkrc.pxd in zmq.backend.cython.checkrc._check_rc (zmq/backend/cython/socket.c:6261)()
     19         else:
     20             from zmq.error import ZMQError
---> 21             raise ZMQError(errno)
        global ZMQError = <class 'zmq.error.ZMQError'>
        global errno = undefined
     22         # return -1
     23     return 0

ZMQError: Address already in use
[I 16:12:45.589 NotebookApp] KernelRestarter: restarting kernel (2/5)
WARNING:root:kernel 8b257597-59e8-46e6-9c2d-daaa500fca9b restarted
---------------------------------------------------------------------------
ZMQError                                  Traceback (most recent call last)
/usr/local/Cellar/python/2.7.8_2/Frameworks/Python.framework/Versions/2.7/lib/python2.7/runpy.pyc in _run_module_as_main(mod_name='IPython.kernel.__main__', alter_argv=1)
    160         sys.argv[0] = fname
    161     return _run_code(code, main_globals, None,
--> 162                      "__main__", fname, loader, pkg_name)
        fname = '/usr/local/lib/python2.7/site-packages/IPython/kernel/__main__.py'
        loader = <pkgutil.ImpLoader instance at 0x101803998>
        pkg_name = 'IPython.kernel'
    163 
    164 def run_module(mod_name, init_globals=None,

/usr/local/Cellar/python/2.7.8_2/Frameworks/Python.framework/Versions/2.7/lib/python2.7/runpy.pyc in _run_code(code=<code object <module> at 0x100aaf7b0, file "/usr...ite-packages/IPython/kernel/__main__.py", line 1>, run_globals={'__builtins__': <module '__builtin__' (built-in)>, '__doc__': None, '__file__': '/usr/local/lib/python2.7/site-packages/IPython/kernel/__main__.py', '__loader__': <pkgutil.ImpLoader instance>, '__name__': '__main__', '__package__': 'IPython.kernel', 'app': <module 'IPython.kernel.zmq.kernelapp' from '/us.../site-packages/IPython/kernel/zmq/kernelapp.pyc'>}, init_globals=None, mod_name='__main__', mod_fname='/usr/local/lib/python2.7/site-packages/IPython/kernel/__main__.py', mod_loader=<pkgutil.ImpLoader instance>, pkg_name='IPython.kernel')
     70                        __loader__ = mod_loader,
     71                        __package__ = pkg_name)
---> 72     exec code in run_globals
        code = <code object <module> at 0x100aaf7b0, file "/usr/local/lib/python2.7/site-packages/IPython/kernel/__main__.py", line 1>
        run_globals = {'__builtins__': <module '__builtin__' (built-in)>, '__file__': '/usr/local/lib/python2.7/site-packages/IPython/kernel/__main__.py', '__package__': 'IPython.kernel', '__name__': '__main__', 'app': <module 'IPython.kernel.zmq.kernelapp' from '/usr/local/lib/python2.7/site-packages/IPython/kernel/zmq/kernelapp.pyc'>, '__loader__': <pkgutil.ImpLoader instance at 0x101803998>, '__doc__': None}
     73     return run_globals
     74 

/usr/local/lib/python2.7/site-packages/IPython/kernel/__main__.py in <module>()
      1 if __name__ == '__main__':
      2     from IPython.kernel.zmq import kernelapp as app
----> 3     app.launch_new_instance()
        global app.launch_new_instance = <bound method MetaHasTraits.launch_instance of <class 'IPython.kernel.zmq.kernelapp.IPKernelApp'>>

/usr/local/lib/python2.7/site-packages/IPython/config/application.pyc in launch_instance(cls=<class 'IPython.kernel.zmq.kernelapp.IPKernelApp'>, argv=None, **kwargs={})
    571         """
    572         app = cls.instance(**kwargs)
--> 573         app.initialize(argv)
        app.initialize = <bound method IPKernelApp.initialize of <IPython.kernel.zmq.kernelapp.IPKernelApp object at 0x10185a510>>
        argv = None
    574         app.start()
    575 

/usr/local/lib/python2.7/site-packages/IPython/kernel/zmq/kernelapp.pyc in initialize(self=<IPython.kernel.zmq.kernelapp.IPKernelApp object>, argv=None)

/usr/local/lib/python2.7/site-packages/IPython/config/application.pyc in catch_config_error(method=<function initialize>, app=<IPython.kernel.zmq.kernelapp.IPKernelApp object>, *args=(None,), **kwargs={})
     73     """
     74     try:
---> 75         return method(app, *args, **kwargs)
        method = <function initialize at 0x101857ed8>
        app = <IPython.kernel.zmq.kernelapp.IPKernelApp object at 0x10185a510>
        args = (None,)
        kwargs = {}
     76     except (TraitError, ArgumentError) as e:
     77         app.print_help()

/usr/local/lib/python2.7/site-packages/IPython/kernel/zmq/kernelapp.pyc in initialize(self=<IPython.kernel.zmq.kernelapp.IPKernelApp object>, argv=None)
    346         self.init_connection_file()
    347         self.init_poller()
--> 348         self.init_sockets()
        self.init_sockets = <bound method IPKernelApp.init_sockets of <IPython.kernel.zmq.kernelapp.IPKernelApp object at 0x10185a510>>
    349         self.init_heartbeat()
    350         # writing/displaying connection info must be *after* init_sockets/heartbeat

/usr/local/lib/python2.7/site-packages/IPython/kernel/zmq/kernelapp.pyc in init_sockets(self=<IPython.kernel.zmq.kernelapp.IPKernelApp object>)
    214         self.shell_socket = context.socket(zmq.ROUTER)
    215         self.shell_socket.linger = 1000
--> 216         self.shell_port = self._bind_socket(self.shell_socket, self.shell_port)
        self.shell_port = 57454
        self._bind_socket = <bound method IPKernelApp._bind_socket of <IPython.kernel.zmq.kernelapp.IPKernelApp object at 0x10185a510>>
        self.shell_socket = <zmq.sugar.socket.Socket object at 0x101859328>
    217         self.log.debug("shell ROUTER Channel on port: %i" % self.shell_port)
    218 

/usr/local/lib/python2.7/site-packages/IPython/kernel/zmq/kernelapp.pyc in _bind_socket(self=<IPython.kernel.zmq.kernelapp.IPKernelApp object>, s=<zmq.sugar.socket.Socket object>, port=57454)
    158                 port = s.bind_to_random_port(iface)
    159             else:
--> 160                 s.bind("tcp://%s:%i" % (self.ip, port))
        s.bind = <built-in method bind of Socket object at 0x101859328>
        self.ip = u'127.0.0.1'
        port = 57454
    161         elif self.transport == 'ipc':
    162             if port <= 0:

zmq/backend/cython/socket.pyx in zmq.backend.cython.socket.Socket.bind (zmq/backend/cython/socket.c:4102)()

/usr/local/lib/python2.7/site-packages/zmq/backend/cython/checkrc.pxd in zmq.backend.cython.checkrc._check_rc (zmq/backend/cython/socket.c:6261)()
     19         else:
     20             from zmq.error import ZMQError
---> 21             raise ZMQError(errno)
        global ZMQError = <class 'zmq.error.ZMQError'>
        global errno = undefined
     22         # return -1
     23     return 0

ZMQError: Address already in use
[W 16:12:46.770 NotebookApp] Notebook SegmentsToJpg-Deterministic.ipynb is not trusted
[I 16:12:48.598 NotebookApp] KernelRestarter: restarting kernel (3/5)
WARNING:root:kernel 8b257597-59e8-46e6-9c2d-daaa500fca9b restarted
---------------------------------------------------------------------------
ZMQError                                  Traceback (most recent call last)
/usr/local/Cellar/python/2.7.8_2/Frameworks/Python.framework/Versions/2.7/lib/python2.7/runpy.pyc in _run_module_as_main(mod_name='IPython.kernel.__main__', alter_argv=1)
    160         sys.argv[0] = fname
    161     return _run_code(code, main_globals, None,
--> 162                      "__main__", fname, loader, pkg_name)
        fname = '/usr/local/lib/python2.7/site-packages/IPython/kernel/__main__.py'
        loader = <pkgutil.ImpLoader instance at 0x107b1b998>
        pkg_name = 'IPython.kernel'
    163 
    164 def run_module(mod_name, init_globals=None,

/usr/local/Cellar/python/2.7.8_2/Frameworks/Python.framework/Versions/2.7/lib/python2.7/runpy.pyc in _run_code(code=<code object <module> at 0x106dc77b0, file "/usr...ite-packages/IPython/kernel/__main__.py", line 1>, run_globals={'__builtins__': <module '__builtin__' (built-in)>, '__doc__': None, '__file__': '/usr/local/lib/python2.7/site-packages/IPython/kernel/__main__.py', '__loader__': <pkgutil.ImpLoader instance>, '__name__': '__main__', '__package__': 'IPython.kernel', 'app': <module 'IPython.kernel.zmq.kernelapp' from '/us.../site-packages/IPython/kernel/zmq/kernelapp.pyc'>}, init_globals=None, mod_name='__main__', mod_fname='/usr/local/lib/python2.7/site-packages/IPython/kernel/__main__.py', mod_loader=<pkgutil.ImpLoader instance>, pkg_name='IPython.kernel')
     70                        __loader__ = mod_loader,
     71                        __package__ = pkg_name)
---> 72     exec code in run_globals
        code = <code object <module> at 0x106dc77b0, file "/usr/local/lib/python2.7/site-packages/IPython/kernel/__main__.py", line 1>
        run_globals = {'__builtins__': <module '__builtin__' (built-in)>, '__file__': '/usr/local/lib/python2.7/site-packages/IPython/kernel/__main__.py', '__package__': 'IPython.kernel', '__name__': '__main__', 'app': <module 'IPython.kernel.zmq.kernelapp' from '/usr/local/lib/python2.7/site-packages/IPython/kernel/zmq/kernelapp.pyc'>, '__loader__': <pkgutil.ImpLoader instance at 0x107b1b998>, '__doc__': None}
     73     return run_globals
     74 

/usr/local/lib/python2.7/site-packages/IPython/kernel/__main__.py in <module>()
      1 if __name__ == '__main__':
      2     from IPython.kernel.zmq import kernelapp as app
----> 3     app.launch_new_instance()
        global app.launch_new_instance = <bound method MetaHasTraits.launch_instance of <class 'IPython.kernel.zmq.kernelapp.IPKernelApp'>>

/usr/local/lib/python2.7/site-packages/IPython/config/application.pyc in launch_instance(cls=<class 'IPython.kernel.zmq.kernelapp.IPKernelApp'>, argv=None, **kwargs={})
    571         """
    572         app = cls.instance(**kwargs)
--> 573         app.initialize(argv)
        app.initialize = <bound method IPKernelApp.initialize of <IPython.kernel.zmq.kernelapp.IPKernelApp object at 0x107b72510>>
        argv = None
    574         app.start()
    575 

/usr/local/lib/python2.7/site-packages/IPython/kernel/zmq/kernelapp.pyc in initialize(self=<IPython.kernel.zmq.kernelapp.IPKernelApp object>, argv=None)

/usr/local/lib/python2.7/site-packages/IPython/config/application.pyc in catch_config_error(method=<function initialize>, app=<IPython.kernel.zmq.kernelapp.IPKernelApp object>, *args=(None,), **kwargs={})
     73     """
     74     try:
---> 75         return method(app, *args, **kwargs)
        method = <function initialize at 0x107b6fed8>
        app = <IPython.kernel.zmq.kernelapp.IPKernelApp object at 0x107b72510>
        args = (None,)
        kwargs = {}
     76     except (TraitError, ArgumentError) as e:
     77         app.print_help()

/usr/local/lib/python2.7/site-packages/IPython/kernel/zmq/kernelapp.pyc in initialize(self=<IPython.kernel.zmq.kernelapp.IPKernelApp object>, argv=None)
    346         self.init_connection_file()
    347         self.init_poller()
--> 348         self.init_sockets()
        self.init_sockets = <bound method IPKernelApp.init_sockets of <IPython.kernel.zmq.kernelapp.IPKernelApp object at 0x107b72510>>
    349         self.init_heartbeat()
    350         # writing/displaying connection info must be *after* init_sockets/heartbeat

/usr/local/lib/python2.7/site-packages/IPython/kernel/zmq/kernelapp.pyc in init_sockets(self=<IPython.kernel.zmq.kernelapp.IPKernelApp object>)
    214         self.shell_socket = context.socket(zmq.ROUTER)
    215         self.shell_socket.linger = 1000
--> 216         self.shell_port = self._bind_socket(self.shell_socket, self.shell_port)
        self.shell_port = 57454
        self._bind_socket = <bound method IPKernelApp._bind_socket of <IPython.kernel.zmq.kernelapp.IPKernelApp object at 0x107b72510>>
        self.shell_socket = <zmq.sugar.socket.Socket object at 0x107b71328>
    217         self.log.debug("shell ROUTER Channel on port: %i" % self.shell_port)
    218 

/usr/local/lib/python2.7/site-packages/IPython/kernel/zmq/kernelapp.pyc in _bind_socket(self=<IPython.kernel.zmq.kernelapp.IPKernelApp object>, s=<zmq.sugar.socket.Socket object>, port=57454)
    158                 port = s.bind_to_random_port(iface)
    159             else:
--> 160                 s.bind("tcp://%s:%i" % (self.ip, port))
        s.bind = <built-in method bind of Socket object at 0x107b71328>
        self.ip = u'127.0.0.1'
        port = 57454
    161         elif self.transport == 'ipc':
    162             if port <= 0:

zmq/backend/cython/socket.pyx in zmq.backend.cython.socket.Socket.bind (zmq/backend/cython/socket.c:4102)()

/usr/local/lib/python2.7/site-packages/zmq/backend/cython/checkrc.pxd in zmq.backend.cython.checkrc._check_rc (zmq/backend/cython/socket.c:6261)()
     19         else:
     20             from zmq.error import ZMQError
---> 21             raise ZMQError(errno)
        global ZMQError = <class 'zmq.error.ZMQError'>
        global errno = undefined
     22         # return -1
     23     return 0

ZMQError: Address already in use
[I 16:12:51.637 NotebookApp] KernelRestarter: restarting kernel (4/5)
WARNING:root:kernel 8b257597-59e8-46e6-9c2d-daaa500fca9b restarted
---------------------------------------------------------------------------
ZMQError                                  Traceback (most recent call last)
/usr/local/Cellar/python/2.7.8_2/Frameworks/Python.framework/Versions/2.7/lib/python2.7/runpy.pyc in _run_module_as_main(mod_name='IPython.kernel.__main__', alter_argv=1)
    160         sys.argv[0] = fname
    161     return _run_code(code, main_globals, None,
--> 162                      "__main__", fname, loader, pkg_name)
        fname = '/usr/local/lib/python2.7/site-packages/IPython/kernel/__main__.py'
        loader = <pkgutil.ImpLoader instance at 0x107f6a998>
        pkg_name = 'IPython.kernel'
    163 
    164 def run_module(mod_name, init_globals=None,

/usr/local/Cellar/python/2.7.8_2/Frameworks/Python.framework/Versions/2.7/lib/python2.7/runpy.pyc in _run_code(code=<code object <module> at 0x1072167b0, file "/usr...ite-packages/IPython/kernel/__main__.py", line 1>, run_globals={'__builtins__': <module '__builtin__' (built-in)>, '__doc__': None, '__file__': '/usr/local/lib/python2.7/site-packages/IPython/kernel/__main__.py', '__loader__': <pkgutil.ImpLoader instance>, '__name__': '__main__', '__package__': 'IPython.kernel', 'app': <module 'IPython.kernel.zmq.kernelapp' from '/us.../site-packages/IPython/kernel/zmq/kernelapp.pyc'>}, init_globals=None, mod_name='__main__', mod_fname='/usr/local/lib/python2.7/site-packages/IPython/kernel/__main__.py', mod_loader=<pkgutil.ImpLoader instance>, pkg_name='IPython.kernel')
     70                        __loader__ = mod_loader,
     71                        __package__ = pkg_name)
---> 72     exec code in run_globals
        code = <code object <module> at 0x1072167b0, file "/usr/local/lib/python2.7/site-packages/IPython/kernel/__main__.py", line 1>
        run_globals = {'__builtins__': <module '__builtin__' (built-in)>, '__file__': '/usr/local/lib/python2.7/site-packages/IPython/kernel/__main__.py', '__package__': 'IPython.kernel', '__name__': '__main__', 'app': <module 'IPython.kernel.zmq.kernelapp' from '/usr/local/lib/python2.7/site-packages/IPython/kernel/zmq/kernelapp.pyc'>, '__loader__': <pkgutil.ImpLoader instance at 0x107f6a998>, '__doc__': None}
     73     return run_globals
     74 

/usr/local/lib/python2.7/site-packages/IPython/kernel/__main__.py in <module>()
      1 if __name__ == '__main__':
      2     from IPython.kernel.zmq import kernelapp as app
----> 3     app.launch_new_instance()
        global app.launch_new_instance = <bound method MetaHasTraits.launch_instance of <class 'IPython.kernel.zmq.kernelapp.IPKernelApp'>>

/usr/local/lib/python2.7/site-packages/IPython/config/application.pyc in launch_instance(cls=<class 'IPython.kernel.zmq.kernelapp.IPKernelApp'>, argv=None, **kwargs={})
    571         """
    572         app = cls.instance(**kwargs)
--> 573         app.initialize(argv)
        app.initialize = <bound method IPKernelApp.initialize of <IPython.kernel.zmq.kernelapp.IPKernelApp object at 0x107fc1510>>
        argv = None
    574         app.start()
    575 

/usr/local/lib/python2.7/site-packages/IPython/kernel/zmq/kernelapp.pyc in initialize(self=<IPython.kernel.zmq.kernelapp.IPKernelApp object>, argv=None)

/usr/local/lib/python2.7/site-packages/IPython/config/application.pyc in catch_config_error(method=<function initialize>, app=<IPython.kernel.zmq.kernelapp.IPKernelApp object>, *args=(None,), **kwargs={})
     73     """
     74     try:
---> 75         return method(app, *args, **kwargs)
        method = <function initialize at 0x107fbeed8>
        app = <IPython.kernel.zmq.kernelapp.IPKernelApp object at 0x107fc1510>
        args = (None,)
        kwargs = {}
     76     except (TraitError, ArgumentError) as e:
     77         app.print_help()

/usr/local/lib/python2.7/site-packages/IPython/kernel/zmq/kernelapp.pyc in initialize(self=<IPython.kernel.zmq.kernelapp.IPKernelApp object>, argv=None)
    346         self.init_connection_file()
    347         self.init_poller()
--> 348         self.init_sockets()
        self.init_sockets = <bound method IPKernelApp.init_sockets of <IPython.kernel.zmq.kernelapp.IPKernelApp object at 0x107fc1510>>
    349         self.init_heartbeat()
    350         # writing/displaying connection info must be *after* init_sockets/heartbeat

/usr/local/lib/python2.7/site-packages/IPython/kernel/zmq/kernelapp.pyc in init_sockets(self=<IPython.kernel.zmq.kernelapp.IPKernelApp object>)
    214         self.shell_socket = context.socket(zmq.ROUTER)
    215         self.shell_socket.linger = 1000
--> 216         self.shell_port = self._bind_socket(self.shell_socket, self.shell_port)
        self.shell_port = 57454
        self._bind_socket = <bound method IPKernelApp._bind_socket of <IPython.kernel.zmq.kernelapp.IPKernelApp object at 0x107fc1510>>
        self.shell_socket = <zmq.sugar.socket.Socket object at 0x107fc0328>
    217         self.log.debug("shell ROUTER Channel on port: %i" % self.shell_port)
    218 

/usr/local/lib/python2.7/site-packages/IPython/kernel/zmq/kernelapp.pyc in _bind_socket(self=<IPython.kernel.zmq.kernelapp.IPKernelApp object>, s=<zmq.sugar.socket.Socket object>, port=57454)
    158                 port = s.bind_to_random_port(iface)
    159             else:
--> 160                 s.bind("tcp://%s:%i" % (self.ip, port))
        s.bind = <built-in method bind of Socket object at 0x107fc0328>
        self.ip = u'127.0.0.1'
        port = 57454
    161         elif self.transport == 'ipc':
    162             if port <= 0:

zmq/backend/cython/socket.pyx in zmq.backend.cython.socket.Socket.bind (zmq/backend/cython/socket.c:4102)()

/usr/local/lib/python2.7/site-packages/zmq/backend/cython/checkrc.pxd in zmq.backend.cython.checkrc._check_rc (zmq/backend/cython/socket.c:6261)()
     19         else:
     20             from zmq.error import ZMQError
---> 21             raise ZMQError(errno)
        global ZMQError = <class 'zmq.error.ZMQError'>
        global errno = undefined
     22         # return -1
     23     return 0

ZMQError: Address already in use
[W 16:12:54.661 NotebookApp] KernelRestarter: restart failed
[W 16:12:54.662 NotebookApp] Kernel 8b257597-59e8-46e6-9c2d-daaa500fca9b died, removing from map.
ERROR:root:kernel 8b257597-59e8-46e6-9c2d-daaa500fca9b restarted failed!
[W 16:12:54.793 NotebookApp] Kernel deleted before session
[W 16:12:54.794 NotebookApp] 410 DELETE /api/sessions/0a976b5f-9bc8-431e-9c05-ec392e436e82 (169.228.188.201) 2.09ms referer=http://idanizhaki.me:8082/notebooks/SegmentsToJpg-Deterministic.ipynb
[W 16:14:05.264 NotebookApp] Session not found: session_id=u'0a976b5f-9bc8-431e-9c05-ec392e436e82'
[W 16:14:05.284 NotebookApp] 404 DELETE /api/sessions/0a976b5f-9bc8-431e-9c05-ec392e436e82 (169.228.188.201) 20.29ms referer=http://idanizhaki.me:8082/notebooks/SegmentsToJpg-Deterministic.ipynb
[I 16:14:05.384 NotebookApp] Kernel started: 760c1359-d08d-44e0-9695-784b55ad8a25
[W 16:14:14.441 NotebookApp] Notebook SegmentsToJpg-Deterministic.ipynb is not trusted
[I 16:16:16.670 NotebookApp] Saving file at /SegmentsToJpg-Deterministic.ipynb
[W 16:16:16.695 NotebookApp] Saving untrusted notebook SegmentsToJpg-Deterministic.ipynb
[I 16:16:48.879 NotebookApp] Kernel interrupted: 760c1359-d08d-44e0-9695-784b55ad8a25
[I 16:17:24.411 NotebookApp] Kernel interrupted: 760c1359-d08d-44e0-9695-784b55ad8a25
[I 16:17:26.990 NotebookApp] Kernel interrupted: 760c1359-d08d-44e0-9695-784b55ad8a25
[I 16:17:34.340 NotebookApp] Kernel restarted: 760c1359-d08d-44e0-9695-784b55ad8a25
[I 16:17:40.726 NotebookApp] Saving file at /SegmentsToJpg-Deterministic.ipynb
[W 16:17:40.728 NotebookApp] Saving untrusted notebook SegmentsToJpg-Deterministic.ipynb
[W 16:17:43.391 NotebookApp] Notebook SegmentsToJpg-Deterministic.ipynb is not trusted
[I 16:19:44.463 NotebookApp] Saving file at /SegmentsToJpg-Deterministic.ipynb
[W 16:19:44.487 NotebookApp] Saving untrusted notebook SegmentsToJpg-Deterministic.ipynb
[I 16:25:38.511 NotebookApp] Kernel interrupted: 760c1359-d08d-44e0-9695-784b55ad8a25
[I 16:25:41.774 NotebookApp] Kernel interrupted: 760c1359-d08d-44e0-9695-784b55ad8a25
[I 16:25:52.201 NotebookApp] Kernel restarted: 760c1359-d08d-44e0-9695-784b55ad8a25
[I 16:27:44.940 NotebookApp] Saving file at /SegmentsToJpg-Deterministic.ipynb
[W 16:27:44.965 NotebookApp] Saving untrusted notebook SegmentsToJpg-Deterministic.ipynb
[I 16:29:44.494 NotebookApp] Saving file at /SegmentsToJpg-Deterministic.ipynb
[W 16:29:44.521 NotebookApp] Saving untrusted notebook SegmentsToJpg-Deterministic.ipynb
[I 16:31:44.507 NotebookApp] Saving file at /SegmentsToJpg-Deterministic.ipynb
[W 16:31:44.533 NotebookApp] Saving untrusted notebook SegmentsToJpg-Deterministic.ipynb
[I 16:33:44.818 NotebookApp] Saving file at /SegmentsToJpg-Deterministic.ipynb
[W 16:33:44.846 NotebookApp] Saving untrusted notebook SegmentsToJpg-Deterministic.ipynb
[I 16:35:44.517 NotebookApp] Saving file at /SegmentsToJpg-Deterministic.ipynb
[W 16:35:44.551 NotebookApp] Saving untrusted notebook SegmentsToJpg-Deterministic.ipynb
[I 16:37:45.263 NotebookApp] Saving file at /SegmentsToJpg-Deterministic.ipynb
[W 16:37:45.323 NotebookApp] Saving untrusted notebook SegmentsToJpg-Deterministic.ipynb
[I 16:39:45.337 NotebookApp] Saving file at /SegmentsToJpg-Deterministic.ipynb
[W 16:39:45.394 NotebookApp] Saving untrusted notebook SegmentsToJpg-Deterministic.ipynb
[I 16:41:44.845 NotebookApp] Saving file at /SegmentsToJpg-Deterministic.ipynb
[W 16:41:44.866 NotebookApp] Saving untrusted notebook SegmentsToJpg-Deterministic.ipynb
[I 16:43:46.634 NotebookApp] Saving file at /SegmentsToJpg-Deterministic.ipynb
[W 16:43:46.660 NotebookApp] Saving untrusted notebook SegmentsToJpg-Deterministic.ipynb
[I 16:45:45.111 NotebookApp] Saving file at /SegmentsToJpg-Deterministic.ipynb
[W 16:45:45.142 NotebookApp] Saving untrusted notebook SegmentsToJpg-Deterministic.ipynb
[I 16:47:44.689 NotebookApp] Saving file at /SegmentsToJpg-Deterministic.ipynb
[W 16:47:44.705 NotebookApp] Saving untrusted notebook SegmentsToJpg-Deterministic.ipynb
[I 16:49:44.688 NotebookApp] Saving file at /SegmentsToJpg-Deterministic.ipynb
[W 16:49:44.735 NotebookApp] Saving untrusted notebook SegmentsToJpg-Deterministic.ipynb
[I 16:55:45.564 NotebookApp] Saving file at /SegmentsToJpg-Deterministic.ipynb
[W 16:55:45.582 NotebookApp] Saving untrusted notebook SegmentsToJpg-Deterministic.ipynb
[I 16:57:44.848 NotebookApp] Saving file at /SegmentsToJpg-Deterministic.ipynb
[W 16:57:44.870 NotebookApp] Saving untrusted notebook SegmentsToJpg-Deterministic.ipynb
[I 16:59:44.852 NotebookApp] Saving file at /SegmentsToJpg-Deterministic.ipynb
[W 16:59:44.992 NotebookApp] Saving untrusted notebook SegmentsToJpg-Deterministic.ipynb
[I 17:01:44.669 NotebookApp] Saving file at /SegmentsToJpg-Deterministic.ipynb
[W 17:01:44.705 NotebookApp] Saving untrusted notebook SegmentsToJpg-Deterministic.ipynb
[I 17:03:44.777 NotebookApp] Saving file at /SegmentsToJpg-Deterministic.ipynb
[W 17:03:44.778 NotebookApp] Saving untrusted notebook SegmentsToJpg-Deterministic.ipynb
[I 17:05:44.683 NotebookApp] Saving file at /SegmentsToJpg-Deterministic.ipynb
[W 17:05:44.684 NotebookApp] Saving untrusted notebook SegmentsToJpg-Deterministic.ipynb
[I 17:07:18.598 NotebookApp] Kernel interrupted: 760c1359-d08d-44e0-9695-784b55ad8a25
[I 17:07:44.835 NotebookApp] Saving file at /SegmentsToJpg-Deterministic.ipynb
[W 17:07:44.837 NotebookApp] Saving untrusted notebook SegmentsToJpg-Deterministic.ipynb
[I 17:09:44.668 NotebookApp] Saving file at /SegmentsToJpg-Deterministic.ipynb
[W 17:09:44.669 NotebookApp] Saving untrusted notebook SegmentsToJpg-Deterministic.ipynb
[I 17:15:44.812 NotebookApp] Saving file at /SegmentsToJpg-Deterministic.ipynb
[W 17:15:44.814 NotebookApp] Saving untrusted notebook SegmentsToJpg-Deterministic.ipynb
[I 17:17:44.711 NotebookApp] Saving file at /SegmentsToJpg-Deterministic.ipynb
[W 17:17:44.712 NotebookApp] Saving untrusted notebook SegmentsToJpg-Deterministic.ipynb
[I 17:19:44.792 NotebookApp] Saving file at /SegmentsToJpg-Deterministic.ipynb
[W 17:19:44.793 NotebookApp] Saving untrusted notebook SegmentsToJpg-Deterministic.ipynb
[I 17:21:45.212 NotebookApp] Saving file at /SegmentsToJpg-Deterministic.ipynb
[W 17:21:45.213 NotebookApp] Saving untrusted notebook SegmentsToJpg-Deterministic.ipynb
[I 17:23:45.375 NotebookApp] Saving file at /SegmentsToJpg-Deterministic.ipynb
[W 17:23:45.377 NotebookApp] Saving untrusted notebook SegmentsToJpg-Deterministic.ipynb
[I 17:25:44.859 NotebookApp] Saving file at /SegmentsToJpg-Deterministic.ipynb
[W 17:25:44.860 NotebookApp] Saving untrusted notebook SegmentsToJpg-Deterministic.ipynb
[I 17:27:44.796 NotebookApp] Saving file at /SegmentsToJpg-Deterministic.ipynb
[W 17:27:44.798 NotebookApp] Saving untrusted notebook SegmentsToJpg-Deterministic.ipynb
[I 17:31:44.779 NotebookApp] Saving file at /SegmentsToJpg-Deterministic.ipynb
[W 17:31:44.780 NotebookApp] Saving untrusted notebook SegmentsToJpg-Deterministic.ipynb
[I 17:32:58.489 NotebookApp] Saving file at /Desktop/notebooks/idan_interface_sps.ipynb
[I 17:38:58.450 NotebookApp] Saving file at /Desktop/notebooks/idan_interface_sps.ipynb
[I 17:39:44.772 NotebookApp] Saving file at /SegmentsToJpg-Deterministic.ipynb
[W 17:39:44.773 NotebookApp] Saving untrusted notebook SegmentsToJpg-Deterministic.ipynb
[I 17:40:58.256 NotebookApp] Saving file at /Desktop/notebooks/idan_interface_sps.ipynb
[I 17:41:45.439 NotebookApp] Saving file at /SegmentsToJpg-Deterministic.ipynb
[W 17:41:45.440 NotebookApp] Saving untrusted notebook SegmentsToJpg-Deterministic.ipynb
[I 17:50:58.721 NotebookApp] Saving file at /Desktop/notebooks/idan_interface_sps.ipynb
[I 17:52:58.760 NotebookApp] Saving file at /Desktop/notebooks/idan_interface_sps.ipynb
[I 17:54:58.926 NotebookApp] Saving file at /Desktop/notebooks/idan_interface_sps.ipynb
[I 17:56:58.829 NotebookApp] Saving file at /Desktop/notebooks/idan_interface_sps.ipynb
[I 17:59:00.679 NotebookApp] Saving file at /Desktop/notebooks/idan_interface_sps.ipynb
[I 19:19:03.630 NotebookApp] Saving file at /Desktop/notebooks/idan_interface_sps.ipynb
[I 19:20:10.254 NotebookApp] Saving file at /Desktop/notebooks/idan_interface_sps.ipynb
[I 19:21:03.547 NotebookApp] Saving file at /Desktop/notebooks/idan_interface_sps.ipynb
[I 19:21:47.156 NotebookApp] Saving file at /SegmentsToJpg-Deterministic.ipynb
[W 19:21:47.158 NotebookApp] Saving untrusted notebook SegmentsToJpg-Deterministic.ipynb
[I 19:39:03.186 NotebookApp] Saving file at /Desktop/notebooks/idan_interface_sps.ipynb
[I 19:41:02.966 NotebookApp] Saving file at /Desktop/notebooks/idan_interface_sps.ipynb
[I 19:41:46.935 NotebookApp] Saving file at /SegmentsToJpg-Deterministic.ipynb
[W 19:41:46.937 NotebookApp] Saving untrusted notebook SegmentsToJpg-Deterministic.ipynb
[I 19:49:47.145 NotebookApp] Saving file at /SegmentsToJpg-Deterministic.ipynb
[W 19:49:47.146 NotebookApp] Saving untrusted notebook SegmentsToJpg-Deterministic.ipynb
[I 19:51:46.988 NotebookApp] Saving file at /SegmentsToJpg-Deterministic.ipynb
[W 19:51:46.990 NotebookApp] Saving untrusted notebook SegmentsToJpg-Deterministic.ipynb
[I 19:53:47.605 NotebookApp] Saving file at /SegmentsToJpg-Deterministic.ipynb
[W 19:53:47.606 NotebookApp] Saving untrusted notebook SegmentsToJpg-Deterministic.ipynb
[I 20:05:47.110 NotebookApp] Saving file at /SegmentsToJpg-Deterministic.ipynb
[W 20:05:47.111 NotebookApp] Saving untrusted notebook SegmentsToJpg-Deterministic.ipynb
[I 20:07:01.707 NotebookApp] 302 GET / (169.228.188.201) 0.78ms
[W 20:07:09.204 NotebookApp] Notebook Part 3.ipynb is not trusted
[I 20:07:10.389 NotebookApp] Kernel started: 3ad7ced9-5c98-40ae-bd6f-a9c76339e7ed
[I 20:09:47.764 NotebookApp] Saving file at /SegmentsToJpg-Deterministic.ipynb
[W 20:09:47.766 NotebookApp] Saving untrusted notebook SegmentsToJpg-Deterministic.ipynb
[W 20:10:12.351 NotebookApp] Notebook Part 3.ipynb is not trusted
[I 20:11:47.755 NotebookApp] Saving file at /SegmentsToJpg-Deterministic.ipynb
[W 20:11:47.756 NotebookApp] Saving untrusted notebook SegmentsToJpg-Deterministic.ipynb
[W 20:22:43.313 NotebookApp] Notebook SegmentsToJpg-Deterministic.ipynb is not trusted
[I 20:24:44.434 NotebookApp] Saving file at /SegmentsToJpg-Deterministic.ipynb
[W 20:24:44.436 NotebookApp] Saving untrusted notebook SegmentsToJpg-Deterministic.ipynb
[I 20:26:35.216 NotebookApp] 302 GET / (169.228.188.201) 0.86ms
[I 20:39:06.527 NotebookApp] 302 GET / (169.228.188.201) 0.69ms
[W 20:39:09.990 NotebookApp] Notebook Part 3.ipynb is not trusted
[I 20:40:48.928 NotebookApp] Saving file at /SegmentsToJpg-Deterministic.ipynb
[W 20:40:48.930 NotebookApp] Saving untrusted notebook SegmentsToJpg-Deterministic.ipynb
[I 20:50:53.080 NotebookApp] Saving file at /SegmentsToJpg-Deterministic.ipynb
[W 20:50:53.081 NotebookApp] Saving untrusted notebook SegmentsToJpg-Deterministic.ipynb
[W 20:52:42.726 NotebookApp] Notebook Part 3.ipynb is not trusted
[I 20:52:52.725 NotebookApp] Saving file at /SegmentsToJpg-Deterministic.ipynb
[W 20:52:52.727 NotebookApp] Saving untrusted notebook SegmentsToJpg-Deterministic.ipynb
[I 20:54:52.744 NotebookApp] Saving file at /SegmentsToJpg-Deterministic.ipynb
[W 20:54:52.745 NotebookApp] Saving untrusted notebook SegmentsToJpg-Deterministic.ipynb
[I 20:56:53.068 NotebookApp] Saving file at /SegmentsToJpg-Deterministic.ipynb
[W 20:56:53.069 NotebookApp] Saving untrusted notebook SegmentsToJpg-Deterministic.ipynb
[I 20:59:02.759 NotebookApp] Saving file at /SegmentsToJpg-Deterministic.ipynb
[W 20:59:02.761 NotebookApp] Saving untrusted notebook SegmentsToJpg-Deterministic.ipynb
[W 21:01:44.300 NotebookApp] WebSocket ping timeout after 119478 ms.
[I 21:04:39.430 NotebookApp] Saving file at /SegmentsToJpg-Deterministic.ipynb
[W 21:04:39.432 NotebookApp] Saving untrusted notebook SegmentsToJpg-Deterministic.ipynb
[W 21:04:40.835 NotebookApp] Notebook SegmentsToJpg-Deterministic.ipynb is not trusted
[I 21:06:41.843 NotebookApp] Saving file at /SegmentsToJpg-Deterministic.ipynb
[W 21:06:41.845 NotebookApp] Saving untrusted notebook SegmentsToJpg-Deterministic.ipynb
[I 21:07:10.071 NotebookApp] Saving file at /Desktop/notebooks/idan_interface_sps.ipynb
[I 21:08:07.166 NotebookApp] Saving file at /SegmentsToJpg-Deterministic.ipynb
[W 21:08:07.168 NotebookApp] Saving untrusted notebook SegmentsToJpg-Deterministic.ipynb
[I 21:08:41.832 NotebookApp] Saving file at /SegmentsToJpg-Deterministic.ipynb
[W 21:08:41.833 NotebookApp] Saving untrusted notebook SegmentsToJpg-Deterministic.ipynb
[I 21:10:41.843 NotebookApp] Saving file at /SegmentsToJpg-Deterministic.ipynb
[W 21:10:41.844 NotebookApp] Saving untrusted notebook SegmentsToJpg-Deterministic.ipynb
[I 21:12:04.258 NotebookApp] Saving file at /SegmentsToJpg-Deterministic.ipynb
[W 21:12:04.259 NotebookApp] Saving untrusted notebook SegmentsToJpg-Deterministic.ipynb
[I 21:16:41.939 NotebookApp] Saving file at /SegmentsToJpg-Deterministic.ipynb
[W 21:16:41.941 NotebookApp] Saving untrusted notebook SegmentsToJpg-Deterministic.ipynb
[I 21:22:48.245 NotebookApp] Saving file at /SegmentsToJpg-Deterministic.ipynb
[W 21:22:48.246 NotebookApp] Saving untrusted notebook SegmentsToJpg-Deterministic.ipynb
[W 21:25:11.817 NotebookApp] WebSocket ping timeout after 118489 ms.
[W 21:25:16.287 NotebookApp] Notebook SegmentsToJpg-Deterministic.ipynb is not trusted
[I 21:27:17.253 NotebookApp] Saving file at /SegmentsToJpg-Deterministic.ipynb
[W 21:27:17.255 NotebookApp] Saving untrusted notebook SegmentsToJpg-Deterministic.ipynb
[I 21:27:52.124 NotebookApp] Saving file at /SegmentsToJpg-Deterministic.ipynb
[W 21:27:52.125 NotebookApp] Saving untrusted notebook SegmentsToJpg-Deterministic.ipynb
[I 21:28:29.125 NotebookApp] Saving file at /SegmentsToJpg-Deterministic.ipynb
[W 21:28:29.126 NotebookApp] Saving untrusted notebook SegmentsToJpg-Deterministic.ipynb
[I 21:31:18.386 NotebookApp] Saving file at /SegmentsToJpg-Deterministic.ipynb
[W 21:31:18.387 NotebookApp] Saving untrusted notebook SegmentsToJpg-Deterministic.ipynb
[I 21:33:17.256 NotebookApp] Saving file at /SegmentsToJpg-Deterministic.ipynb
[W 21:33:17.257 NotebookApp] Saving untrusted notebook SegmentsToJpg-Deterministic.ipynb
[I 21:39:17.844 NotebookApp] Saving file at /SegmentsToJpg-Deterministic.ipynb
[W 21:39:17.845 NotebookApp] Saving untrusted notebook SegmentsToJpg-Deterministic.ipynb
[W 21:42:51.864 NotebookApp] Notebook SegmentsToJpg-Deterministic.ipynb is not trusted
[I 21:44:52.801 NotebookApp] Saving file at /SegmentsToJpg-Deterministic.ipynb
[W 21:44:52.802 NotebookApp] Saving untrusted notebook SegmentsToJpg-Deterministic.ipynb
[I 21:48:52.814 NotebookApp] Saving file at /SegmentsToJpg-Deterministic.ipynb
[W 21:48:52.815 NotebookApp] Saving untrusted notebook SegmentsToJpg-Deterministic.ipynb
[I 21:50:52.814 NotebookApp] Saving file at /SegmentsToJpg-Deterministic.ipynb
[W 21:50:52.815 NotebookApp] Saving untrusted notebook SegmentsToJpg-Deterministic.ipynb
[W 22:01:22.777 NotebookApp] WebSocket ping timeout after 119967 ms.
[I 22:22:58.959 NotebookApp] 302 GET / (172.56.31.66) 0.69ms
[I 23:55:12.388 NotebookApp] 302 GET / (75.80.59.157) 0.77ms
[I 10:48:35.785 NotebookApp] 302 GET / (75.80.59.157) 0.73ms
[I 16:18:27.381 NotebookApp] 302 GET / (169.228.189.72) 0.65ms
[I 17:30:24.861 NotebookApp] 302 GET / (169.228.189.72) 0.67ms
[W 17:30:30.130 NotebookApp] Notebook Part 3.ipynb is not trusted
[W 17:59:31.466 NotebookApp] WebSocket ping timeout after 119926 ms.
